<?xml version="1.0" encoding="UTF-8"?>
<testsuite xmlns:xsi="http://www.w3.org/2001/XMLSchema-instance" xsi:noNamespaceSchemaLocation="https://maven.apache.org/surefire/maven-surefire-plugin/xsd/surefire-test-report-3.0.xsd" version="3.0" name="com.CustomerRelationshipManagementSystem.CustomerRelationshipManagementSystemApplicationTests" time="2.242" tests="1" errors="1" skipped="0" failures="0">
  <properties>
    <property name="java.specification.version" value="22"/>
    <property name="sun.jnu.encoding" value="UTF-8"/>
    <property name="java.class.path" value="/Users/shivaramakrishnan/Desktop/Projects/Java_Projects/Customer_Relationship_Management_System/CustomerRelationshipManagementSystem/target/test-classes:/Users/shivaramakrishnan/Desktop/Projects/Java_Projects/Customer_Relationship_Management_System/CustomerRelationshipManagementSystem/target/classes:/Users/shivaramakrishnan/.m2/repository/org/slf4j/slf4j-api/2.0.7/slf4j-api-2.0.7.jar:/Users/shivaramakrishnan/.m2/repository/ch/qos/logback/logback-classic/1.4.6/logback-classic-1.4.6.jar:/Users/shivaramakrishnan/.m2/repository/ch/qos/logback/logback-core/1.4.14/logback-core-1.4.14.jar:/Users/shivaramakrishnan/.m2/repository/org/springframework/boot/spring-boot-starter-data-jpa/3.2.6/spring-boot-starter-data-jpa-3.2.6.jar:/Users/shivaramakrishnan/.m2/repository/org/springframework/boot/spring-boot-starter-aop/3.2.6/spring-boot-starter-aop-3.2.6.jar:/Users/shivaramakrishnan/.m2/repository/org/springframework/spring-aop/6.1.8/spring-aop-6.1.8.jar:/Users/shivaramakrishnan/.m2/repository/org/aspectj/aspectjweaver/1.9.22/aspectjweaver-1.9.22.jar:/Users/shivaramakrishnan/.m2/repository/org/springframework/boot/spring-boot-starter-jdbc/3.2.6/spring-boot-starter-jdbc-3.2.6.jar:/Users/shivaramakrishnan/.m2/repository/com/zaxxer/HikariCP/5.0.1/HikariCP-5.0.1.jar:/Users/shivaramakrishnan/.m2/repository/org/springframework/spring-jdbc/6.1.8/spring-jdbc-6.1.8.jar:/Users/shivaramakrishnan/.m2/repository/org/hibernate/orm/hibernate-core/6.4.8.Final/hibernate-core-6.4.8.Final.jar:/Users/shivaramakrishnan/.m2/repository/jakarta/persistence/jakarta.persistence-api/3.1.0/jakarta.persistence-api-3.1.0.jar:/Users/shivaramakrishnan/.m2/repository/jakarta/transaction/jakarta.transaction-api/2.0.1/jakarta.transaction-api-2.0.1.jar:/Users/shivaramakrishnan/.m2/repository/org/jboss/logging/jboss-logging/3.5.3.Final/jboss-logging-3.5.3.Final.jar:/Users/shivaramakrishnan/.m2/repository/org/hibernate/common/hibernate-commons-annotations/6.0.6.Final/hibernate-commons-annotations-6.0.6.Final.jar:/Users/shivaramakrishnan/.m2/repository/io/smallrye/jandex/3.1.2/jandex-3.1.2.jar:/Users/shivaramakrishnan/.m2/repository/com/fasterxml/classmate/1.6.0/classmate-1.6.0.jar:/Users/shivaramakrishnan/.m2/repository/net/bytebuddy/byte-buddy/1.14.16/byte-buddy-1.14.16.jar:/Users/shivaramakrishnan/.m2/repository/org/glassfish/jaxb/jaxb-runtime/4.0.5/jaxb-runtime-4.0.5.jar:/Users/shivaramakrishnan/.m2/repository/org/glassfish/jaxb/jaxb-core/4.0.5/jaxb-core-4.0.5.jar:/Users/shivaramakrishnan/.m2/repository/org/eclipse/angus/angus-activation/2.0.2/angus-activation-2.0.2.jar:/Users/shivaramakrishnan/.m2/repository/org/glassfish/jaxb/txw2/4.0.5/txw2-4.0.5.jar:/Users/shivaramakrishnan/.m2/repository/com/sun/istack/istack-commons-runtime/4.1.2/istack-commons-runtime-4.1.2.jar:/Users/shivaramakrishnan/.m2/repository/jakarta/inject/jakarta.inject-api/2.0.1/jakarta.inject-api-2.0.1.jar:/Users/shivaramakrishnan/.m2/repository/org/antlr/antlr4-runtime/4.13.0/antlr4-runtime-4.13.0.jar:/Users/shivaramakrishnan/.m2/repository/org/springframework/data/spring-data-jpa/3.2.6/spring-data-jpa-3.2.6.jar:/Users/shivaramakrishnan/.m2/repository/org/springframework/data/spring-data-commons/3.2.6/spring-data-commons-3.2.6.jar:/Users/shivaramakrishnan/.m2/repository/org/springframework/spring-orm/6.1.8/spring-orm-6.1.8.jar:/Users/shivaramakrishnan/.m2/repository/org/springframework/spring-context/6.1.8/spring-context-6.1.8.jar:/Users/shivaramakrishnan/.m2/repository/org/springframework/spring-tx/6.1.8/spring-tx-6.1.8.jar:/Users/shivaramakrishnan/.m2/repository/org/springframework/spring-beans/6.1.8/spring-beans-6.1.8.jar:/Users/shivaramakrishnan/.m2/repository/jakarta/annotation/jakarta.annotation-api/2.1.1/jakarta.annotation-api-2.1.1.jar:/Users/shivaramakrishnan/.m2/repository/org/springframework/spring-aspects/6.1.8/spring-aspects-6.1.8.jar:/Users/shivaramakrishnan/.m2/repository/org/springframework/boot/spring-boot-starter-web/3.2.6/spring-boot-starter-web-3.2.6.jar:/Users/shivaramakrishnan/.m2/repository/org/springframework/boot/spring-boot-starter/3.2.6/spring-boot-starter-3.2.6.jar:/Users/shivaramakrishnan/.m2/repository/org/springframework/boot/spring-boot-starter-logging/3.2.6/spring-boot-starter-logging-3.2.6.jar:/Users/shivaramakrishnan/.m2/repository/org/apache/logging/log4j/log4j-to-slf4j/2.21.1/log4j-to-slf4j-2.21.1.jar:/Users/shivaramakrishnan/.m2/repository/org/apache/logging/log4j/log4j-api/2.21.1/log4j-api-2.21.1.jar:/Users/shivaramakrishnan/.m2/repository/org/slf4j/jul-to-slf4j/2.0.13/jul-to-slf4j-2.0.13.jar:/Users/shivaramakrishnan/.m2/repository/org/yaml/snakeyaml/2.2/snakeyaml-2.2.jar:/Users/shivaramakrishnan/.m2/repository/org/springframework/boot/spring-boot-starter-json/3.2.6/spring-boot-starter-json-3.2.6.jar:/Users/shivaramakrishnan/.m2/repository/com/fasterxml/jackson/core/jackson-databind/2.15.4/jackson-databind-2.15.4.jar:/Users/shivaramakrishnan/.m2/repository/com/fasterxml/jackson/core/jackson-annotations/2.15.4/jackson-annotations-2.15.4.jar:/Users/shivaramakrishnan/.m2/repository/com/fasterxml/jackson/core/jackson-core/2.15.4/jackson-core-2.15.4.jar:/Users/shivaramakrishnan/.m2/repository/com/fasterxml/jackson/datatype/jackson-datatype-jdk8/2.15.4/jackson-datatype-jdk8-2.15.4.jar:/Users/shivaramakrishnan/.m2/repository/com/fasterxml/jackson/datatype/jackson-datatype-jsr310/2.15.4/jackson-datatype-jsr310-2.15.4.jar:/Users/shivaramakrishnan/.m2/repository/com/fasterxml/jackson/module/jackson-module-parameter-names/2.15.4/jackson-module-parameter-names-2.15.4.jar:/Users/shivaramakrishnan/.m2/repository/org/springframework/boot/spring-boot-starter-tomcat/3.2.6/spring-boot-starter-tomcat-3.2.6.jar:/Users/shivaramakrishnan/.m2/repository/org/apache/tomcat/embed/tomcat-embed-core/10.1.24/tomcat-embed-core-10.1.24.jar:/Users/shivaramakrishnan/.m2/repository/org/apache/tomcat/embed/tomcat-embed-el/10.1.24/tomcat-embed-el-10.1.24.jar:/Users/shivaramakrishnan/.m2/repository/org/apache/tomcat/embed/tomcat-embed-websocket/10.1.24/tomcat-embed-websocket-10.1.24.jar:/Users/shivaramakrishnan/.m2/repository/org/springframework/spring-web/6.1.8/spring-web-6.1.8.jar:/Users/shivaramakrishnan/.m2/repository/io/micrometer/micrometer-observation/1.12.6/micrometer-observation-1.12.6.jar:/Users/shivaramakrishnan/.m2/repository/io/micrometer/micrometer-commons/1.12.6/micrometer-commons-1.12.6.jar:/Users/shivaramakrishnan/.m2/repository/org/springframework/spring-webmvc/6.1.8/spring-webmvc-6.1.8.jar:/Users/shivaramakrishnan/.m2/repository/org/springframework/spring-expression/6.1.8/spring-expression-6.1.8.jar:/Users/shivaramakrishnan/.m2/repository/org/springframework/boot/spring-boot-devtools/3.2.6/spring-boot-devtools-3.2.6.jar:/Users/shivaramakrishnan/.m2/repository/org/springframework/boot/spring-boot/3.2.6/spring-boot-3.2.6.jar:/Users/shivaramakrishnan/.m2/repository/org/springframework/boot/spring-boot-autoconfigure/3.2.6/spring-boot-autoconfigure-3.2.6.jar:/Users/shivaramakrishnan/.m2/repository/com/mysql/mysql-connector-j/8.3.0/mysql-connector-j-8.3.0.jar:/Users/shivaramakrishnan/.m2/repository/org/projectlombok/lombok/1.18.32/lombok-1.18.32.jar:/Users/shivaramakrishnan/.m2/repository/org/springframework/boot/spring-boot-starter-test/3.2.6/spring-boot-starter-test-3.2.6.jar:/Users/shivaramakrishnan/.m2/repository/org/springframework/boot/spring-boot-test/3.2.6/spring-boot-test-3.2.6.jar:/Users/shivaramakrishnan/.m2/repository/org/springframework/boot/spring-boot-test-autoconfigure/3.2.6/spring-boot-test-autoconfigure-3.2.6.jar:/Users/shivaramakrishnan/.m2/repository/com/jayway/jsonpath/json-path/2.9.0/json-path-2.9.0.jar:/Users/shivaramakrishnan/.m2/repository/jakarta/xml/bind/jakarta.xml.bind-api/4.0.2/jakarta.xml.bind-api-4.0.2.jar:/Users/shivaramakrishnan/.m2/repository/jakarta/activation/jakarta.activation-api/2.1.3/jakarta.activation-api-2.1.3.jar:/Users/shivaramakrishnan/.m2/repository/net/minidev/json-smart/2.5.1/json-smart-2.5.1.jar:/Users/shivaramakrishnan/.m2/repository/net/minidev/accessors-smart/2.5.1/accessors-smart-2.5.1.jar:/Users/shivaramakrishnan/.m2/repository/org/ow2/asm/asm/9.6/asm-9.6.jar:/Users/shivaramakrishnan/.m2/repository/org/assertj/assertj-core/3.24.2/assertj-core-3.24.2.jar:/Users/shivaramakrishnan/.m2/repository/org/awaitility/awaitility/4.2.1/awaitility-4.2.1.jar:/Users/shivaramakrishnan/.m2/repository/org/hamcrest/hamcrest/2.2/hamcrest-2.2.jar:/Users/shivaramakrishnan/.m2/repository/org/junit/jupiter/junit-jupiter/5.10.2/junit-jupiter-5.10.2.jar:/Users/shivaramakrishnan/.m2/repository/org/junit/jupiter/junit-jupiter-api/5.10.2/junit-jupiter-api-5.10.2.jar:/Users/shivaramakrishnan/.m2/repository/org/opentest4j/opentest4j/1.3.0/opentest4j-1.3.0.jar:/Users/shivaramakrishnan/.m2/repository/org/junit/platform/junit-platform-commons/1.10.2/junit-platform-commons-1.10.2.jar:/Users/shivaramakrishnan/.m2/repository/org/apiguardian/apiguardian-api/1.1.2/apiguardian-api-1.1.2.jar:/Users/shivaramakrishnan/.m2/repository/org/junit/jupiter/junit-jupiter-params/5.10.2/junit-jupiter-params-5.10.2.jar:/Users/shivaramakrishnan/.m2/repository/org/junit/jupiter/junit-jupiter-engine/5.10.2/junit-jupiter-engine-5.10.2.jar:/Users/shivaramakrishnan/.m2/repository/org/junit/platform/junit-platform-engine/1.10.2/junit-platform-engine-1.10.2.jar:/Users/shivaramakrishnan/.m2/repository/org/mockito/mockito-core/5.7.0/mockito-core-5.7.0.jar:/Users/shivaramakrishnan/.m2/repository/net/bytebuddy/byte-buddy-agent/1.14.16/byte-buddy-agent-1.14.16.jar:/Users/shivaramakrishnan/.m2/repository/org/objenesis/objenesis/3.3/objenesis-3.3.jar:/Users/shivaramakrishnan/.m2/repository/org/mockito/mockito-junit-jupiter/5.7.0/mockito-junit-jupiter-5.7.0.jar:/Users/shivaramakrishnan/.m2/repository/org/skyscreamer/jsonassert/1.5.1/jsonassert-1.5.1.jar:/Users/shivaramakrishnan/.m2/repository/com/vaadin/external/google/android-json/0.0.20131108.vaadin1/android-json-0.0.20131108.vaadin1.jar:/Users/shivaramakrishnan/.m2/repository/org/springframework/spring-core/6.1.8/spring-core-6.1.8.jar:/Users/shivaramakrishnan/.m2/repository/org/springframework/spring-jcl/6.1.8/spring-jcl-6.1.8.jar:/Users/shivaramakrishnan/.m2/repository/org/springframework/spring-test/6.1.8/spring-test-6.1.8.jar:/Users/shivaramakrishnan/.m2/repository/org/xmlunit/xmlunit-core/2.9.1/xmlunit-core-2.9.1.jar:"/>
    <property name="java.vm.vendor" value="Oracle Corporation"/>
    <property name="sun.arch.data.model" value="64"/>
    <property name="java.vendor.url" value="https://java.oracle.com/"/>
    <property name="user.timezone" value="America/Los_Angeles"/>
    <property name="org.jboss.logging.provider" value="slf4j"/>
    <property name="os.name" value="Mac OS X"/>
    <property name="java.vm.specification.version" value="22"/>
    <property name="sun.java.launcher" value="SUN_STANDARD"/>
    <property name="user.country" value="US"/>
    <property name="sun.boot.library.path" value="/Library/Java/JavaVirtualMachines/jdk-22.jdk/Contents/Home/lib"/>
    <property name="sun.java.command" value="/Users/shivaramakrishnan/Desktop/Projects/Java_Projects/Customer_Relationship_Management_System/CustomerRelationshipManagementSystem/target/surefire/surefirebooter-20240524192940115_3.jar /Users/shivaramakrishnan/Desktop/Projects/Java_Projects/Customer_Relationship_Management_System/CustomerRelationshipManagementSystem/target/surefire 2024-05-24T19-29-39_320-jvmRun1 surefire-20240524192940115_1tmp surefire_0-20240524192940115_2tmp"/>
    <property name="http.nonProxyHosts" value="local|*.local|169.254/16|*.169.254/16"/>
    <property name="jdk.debug" value="release"/>
    <property name="surefire.test.class.path" value="/Users/shivaramakrishnan/Desktop/Projects/Java_Projects/Customer_Relationship_Management_System/CustomerRelationshipManagementSystem/target/test-classes:/Users/shivaramakrishnan/Desktop/Projects/Java_Projects/Customer_Relationship_Management_System/CustomerRelationshipManagementSystem/target/classes:/Users/shivaramakrishnan/.m2/repository/org/slf4j/slf4j-api/2.0.7/slf4j-api-2.0.7.jar:/Users/shivaramakrishnan/.m2/repository/ch/qos/logback/logback-classic/1.4.6/logback-classic-1.4.6.jar:/Users/shivaramakrishnan/.m2/repository/ch/qos/logback/logback-core/1.4.14/logback-core-1.4.14.jar:/Users/shivaramakrishnan/.m2/repository/org/springframework/boot/spring-boot-starter-data-jpa/3.2.6/spring-boot-starter-data-jpa-3.2.6.jar:/Users/shivaramakrishnan/.m2/repository/org/springframework/boot/spring-boot-starter-aop/3.2.6/spring-boot-starter-aop-3.2.6.jar:/Users/shivaramakrishnan/.m2/repository/org/springframework/spring-aop/6.1.8/spring-aop-6.1.8.jar:/Users/shivaramakrishnan/.m2/repository/org/aspectj/aspectjweaver/1.9.22/aspectjweaver-1.9.22.jar:/Users/shivaramakrishnan/.m2/repository/org/springframework/boot/spring-boot-starter-jdbc/3.2.6/spring-boot-starter-jdbc-3.2.6.jar:/Users/shivaramakrishnan/.m2/repository/com/zaxxer/HikariCP/5.0.1/HikariCP-5.0.1.jar:/Users/shivaramakrishnan/.m2/repository/org/springframework/spring-jdbc/6.1.8/spring-jdbc-6.1.8.jar:/Users/shivaramakrishnan/.m2/repository/org/hibernate/orm/hibernate-core/6.4.8.Final/hibernate-core-6.4.8.Final.jar:/Users/shivaramakrishnan/.m2/repository/jakarta/persistence/jakarta.persistence-api/3.1.0/jakarta.persistence-api-3.1.0.jar:/Users/shivaramakrishnan/.m2/repository/jakarta/transaction/jakarta.transaction-api/2.0.1/jakarta.transaction-api-2.0.1.jar:/Users/shivaramakrishnan/.m2/repository/org/jboss/logging/jboss-logging/3.5.3.Final/jboss-logging-3.5.3.Final.jar:/Users/shivaramakrishnan/.m2/repository/org/hibernate/common/hibernate-commons-annotations/6.0.6.Final/hibernate-commons-annotations-6.0.6.Final.jar:/Users/shivaramakrishnan/.m2/repository/io/smallrye/jandex/3.1.2/jandex-3.1.2.jar:/Users/shivaramakrishnan/.m2/repository/com/fasterxml/classmate/1.6.0/classmate-1.6.0.jar:/Users/shivaramakrishnan/.m2/repository/net/bytebuddy/byte-buddy/1.14.16/byte-buddy-1.14.16.jar:/Users/shivaramakrishnan/.m2/repository/org/glassfish/jaxb/jaxb-runtime/4.0.5/jaxb-runtime-4.0.5.jar:/Users/shivaramakrishnan/.m2/repository/org/glassfish/jaxb/jaxb-core/4.0.5/jaxb-core-4.0.5.jar:/Users/shivaramakrishnan/.m2/repository/org/eclipse/angus/angus-activation/2.0.2/angus-activation-2.0.2.jar:/Users/shivaramakrishnan/.m2/repository/org/glassfish/jaxb/txw2/4.0.5/txw2-4.0.5.jar:/Users/shivaramakrishnan/.m2/repository/com/sun/istack/istack-commons-runtime/4.1.2/istack-commons-runtime-4.1.2.jar:/Users/shivaramakrishnan/.m2/repository/jakarta/inject/jakarta.inject-api/2.0.1/jakarta.inject-api-2.0.1.jar:/Users/shivaramakrishnan/.m2/repository/org/antlr/antlr4-runtime/4.13.0/antlr4-runtime-4.13.0.jar:/Users/shivaramakrishnan/.m2/repository/org/springframework/data/spring-data-jpa/3.2.6/spring-data-jpa-3.2.6.jar:/Users/shivaramakrishnan/.m2/repository/org/springframework/data/spring-data-commons/3.2.6/spring-data-commons-3.2.6.jar:/Users/shivaramakrishnan/.m2/repository/org/springframework/spring-orm/6.1.8/spring-orm-6.1.8.jar:/Users/shivaramakrishnan/.m2/repository/org/springframework/spring-context/6.1.8/spring-context-6.1.8.jar:/Users/shivaramakrishnan/.m2/repository/org/springframework/spring-tx/6.1.8/spring-tx-6.1.8.jar:/Users/shivaramakrishnan/.m2/repository/org/springframework/spring-beans/6.1.8/spring-beans-6.1.8.jar:/Users/shivaramakrishnan/.m2/repository/jakarta/annotation/jakarta.annotation-api/2.1.1/jakarta.annotation-api-2.1.1.jar:/Users/shivaramakrishnan/.m2/repository/org/springframework/spring-aspects/6.1.8/spring-aspects-6.1.8.jar:/Users/shivaramakrishnan/.m2/repository/org/springframework/boot/spring-boot-starter-web/3.2.6/spring-boot-starter-web-3.2.6.jar:/Users/shivaramakrishnan/.m2/repository/org/springframework/boot/spring-boot-starter/3.2.6/spring-boot-starter-3.2.6.jar:/Users/shivaramakrishnan/.m2/repository/org/springframework/boot/spring-boot-starter-logging/3.2.6/spring-boot-starter-logging-3.2.6.jar:/Users/shivaramakrishnan/.m2/repository/org/apache/logging/log4j/log4j-to-slf4j/2.21.1/log4j-to-slf4j-2.21.1.jar:/Users/shivaramakrishnan/.m2/repository/org/apache/logging/log4j/log4j-api/2.21.1/log4j-api-2.21.1.jar:/Users/shivaramakrishnan/.m2/repository/org/slf4j/jul-to-slf4j/2.0.13/jul-to-slf4j-2.0.13.jar:/Users/shivaramakrishnan/.m2/repository/org/yaml/snakeyaml/2.2/snakeyaml-2.2.jar:/Users/shivaramakrishnan/.m2/repository/org/springframework/boot/spring-boot-starter-json/3.2.6/spring-boot-starter-json-3.2.6.jar:/Users/shivaramakrishnan/.m2/repository/com/fasterxml/jackson/core/jackson-databind/2.15.4/jackson-databind-2.15.4.jar:/Users/shivaramakrishnan/.m2/repository/com/fasterxml/jackson/core/jackson-annotations/2.15.4/jackson-annotations-2.15.4.jar:/Users/shivaramakrishnan/.m2/repository/com/fasterxml/jackson/core/jackson-core/2.15.4/jackson-core-2.15.4.jar:/Users/shivaramakrishnan/.m2/repository/com/fasterxml/jackson/datatype/jackson-datatype-jdk8/2.15.4/jackson-datatype-jdk8-2.15.4.jar:/Users/shivaramakrishnan/.m2/repository/com/fasterxml/jackson/datatype/jackson-datatype-jsr310/2.15.4/jackson-datatype-jsr310-2.15.4.jar:/Users/shivaramakrishnan/.m2/repository/com/fasterxml/jackson/module/jackson-module-parameter-names/2.15.4/jackson-module-parameter-names-2.15.4.jar:/Users/shivaramakrishnan/.m2/repository/org/springframework/boot/spring-boot-starter-tomcat/3.2.6/spring-boot-starter-tomcat-3.2.6.jar:/Users/shivaramakrishnan/.m2/repository/org/apache/tomcat/embed/tomcat-embed-core/10.1.24/tomcat-embed-core-10.1.24.jar:/Users/shivaramakrishnan/.m2/repository/org/apache/tomcat/embed/tomcat-embed-el/10.1.24/tomcat-embed-el-10.1.24.jar:/Users/shivaramakrishnan/.m2/repository/org/apache/tomcat/embed/tomcat-embed-websocket/10.1.24/tomcat-embed-websocket-10.1.24.jar:/Users/shivaramakrishnan/.m2/repository/org/springframework/spring-web/6.1.8/spring-web-6.1.8.jar:/Users/shivaramakrishnan/.m2/repository/io/micrometer/micrometer-observation/1.12.6/micrometer-observation-1.12.6.jar:/Users/shivaramakrishnan/.m2/repository/io/micrometer/micrometer-commons/1.12.6/micrometer-commons-1.12.6.jar:/Users/shivaramakrishnan/.m2/repository/org/springframework/spring-webmvc/6.1.8/spring-webmvc-6.1.8.jar:/Users/shivaramakrishnan/.m2/repository/org/springframework/spring-expression/6.1.8/spring-expression-6.1.8.jar:/Users/shivaramakrishnan/.m2/repository/org/springframework/boot/spring-boot-devtools/3.2.6/spring-boot-devtools-3.2.6.jar:/Users/shivaramakrishnan/.m2/repository/org/springframework/boot/spring-boot/3.2.6/spring-boot-3.2.6.jar:/Users/shivaramakrishnan/.m2/repository/org/springframework/boot/spring-boot-autoconfigure/3.2.6/spring-boot-autoconfigure-3.2.6.jar:/Users/shivaramakrishnan/.m2/repository/com/mysql/mysql-connector-j/8.3.0/mysql-connector-j-8.3.0.jar:/Users/shivaramakrishnan/.m2/repository/org/projectlombok/lombok/1.18.32/lombok-1.18.32.jar:/Users/shivaramakrishnan/.m2/repository/org/springframework/boot/spring-boot-starter-test/3.2.6/spring-boot-starter-test-3.2.6.jar:/Users/shivaramakrishnan/.m2/repository/org/springframework/boot/spring-boot-test/3.2.6/spring-boot-test-3.2.6.jar:/Users/shivaramakrishnan/.m2/repository/org/springframework/boot/spring-boot-test-autoconfigure/3.2.6/spring-boot-test-autoconfigure-3.2.6.jar:/Users/shivaramakrishnan/.m2/repository/com/jayway/jsonpath/json-path/2.9.0/json-path-2.9.0.jar:/Users/shivaramakrishnan/.m2/repository/jakarta/xml/bind/jakarta.xml.bind-api/4.0.2/jakarta.xml.bind-api-4.0.2.jar:/Users/shivaramakrishnan/.m2/repository/jakarta/activation/jakarta.activation-api/2.1.3/jakarta.activation-api-2.1.3.jar:/Users/shivaramakrishnan/.m2/repository/net/minidev/json-smart/2.5.1/json-smart-2.5.1.jar:/Users/shivaramakrishnan/.m2/repository/net/minidev/accessors-smart/2.5.1/accessors-smart-2.5.1.jar:/Users/shivaramakrishnan/.m2/repository/org/ow2/asm/asm/9.6/asm-9.6.jar:/Users/shivaramakrishnan/.m2/repository/org/assertj/assertj-core/3.24.2/assertj-core-3.24.2.jar:/Users/shivaramakrishnan/.m2/repository/org/awaitility/awaitility/4.2.1/awaitility-4.2.1.jar:/Users/shivaramakrishnan/.m2/repository/org/hamcrest/hamcrest/2.2/hamcrest-2.2.jar:/Users/shivaramakrishnan/.m2/repository/org/junit/jupiter/junit-jupiter/5.10.2/junit-jupiter-5.10.2.jar:/Users/shivaramakrishnan/.m2/repository/org/junit/jupiter/junit-jupiter-api/5.10.2/junit-jupiter-api-5.10.2.jar:/Users/shivaramakrishnan/.m2/repository/org/opentest4j/opentest4j/1.3.0/opentest4j-1.3.0.jar:/Users/shivaramakrishnan/.m2/repository/org/junit/platform/junit-platform-commons/1.10.2/junit-platform-commons-1.10.2.jar:/Users/shivaramakrishnan/.m2/repository/org/apiguardian/apiguardian-api/1.1.2/apiguardian-api-1.1.2.jar:/Users/shivaramakrishnan/.m2/repository/org/junit/jupiter/junit-jupiter-params/5.10.2/junit-jupiter-params-5.10.2.jar:/Users/shivaramakrishnan/.m2/repository/org/junit/jupiter/junit-jupiter-engine/5.10.2/junit-jupiter-engine-5.10.2.jar:/Users/shivaramakrishnan/.m2/repository/org/junit/platform/junit-platform-engine/1.10.2/junit-platform-engine-1.10.2.jar:/Users/shivaramakrishnan/.m2/repository/org/mockito/mockito-core/5.7.0/mockito-core-5.7.0.jar:/Users/shivaramakrishnan/.m2/repository/net/bytebuddy/byte-buddy-agent/1.14.16/byte-buddy-agent-1.14.16.jar:/Users/shivaramakrishnan/.m2/repository/org/objenesis/objenesis/3.3/objenesis-3.3.jar:/Users/shivaramakrishnan/.m2/repository/org/mockito/mockito-junit-jupiter/5.7.0/mockito-junit-jupiter-5.7.0.jar:/Users/shivaramakrishnan/.m2/repository/org/skyscreamer/jsonassert/1.5.1/jsonassert-1.5.1.jar:/Users/shivaramakrishnan/.m2/repository/com/vaadin/external/google/android-json/0.0.20131108.vaadin1/android-json-0.0.20131108.vaadin1.jar:/Users/shivaramakrishnan/.m2/repository/org/springframework/spring-core/6.1.8/spring-core-6.1.8.jar:/Users/shivaramakrishnan/.m2/repository/org/springframework/spring-jcl/6.1.8/spring-jcl-6.1.8.jar:/Users/shivaramakrishnan/.m2/repository/org/springframework/spring-test/6.1.8/spring-test-6.1.8.jar:/Users/shivaramakrishnan/.m2/repository/org/xmlunit/xmlunit-core/2.9.1/xmlunit-core-2.9.1.jar:"/>
    <property name="sun.cpu.endian" value="little"/>
    <property name="user.home" value="/Users/shivaramakrishnan"/>
    <property name="user.language" value="en"/>
    <property name="java.specification.vendor" value="Oracle Corporation"/>
    <property name="java.version.date" value="2024-04-16"/>
    <property name="java.home" value="/Library/Java/JavaVirtualMachines/jdk-22.jdk/Contents/Home"/>
    <property name="file.separator" value="/"/>
    <property name="basedir" value="/Users/shivaramakrishnan/Desktop/Projects/Java_Projects/Customer_Relationship_Management_System/CustomerRelationshipManagementSystem"/>
    <property name="java.vm.compressedOopsMode" value="Zero based"/>
    <property name="line.separator" value="&#10;"/>
    <property name="java.vm.specification.vendor" value="Oracle Corporation"/>
    <property name="java.specification.name" value="Java Platform API Specification"/>
    <property name="FILE_LOG_CHARSET" value="UTF-8"/>
    <property name="java.awt.headless" value="true"/>
    <property name="apple.awt.application.name" value="ForkedBooter"/>
    <property name="surefire.real.class.path" value="/Users/shivaramakrishnan/Desktop/Projects/Java_Projects/Customer_Relationship_Management_System/CustomerRelationshipManagementSystem/target/surefire/surefirebooter-20240524192940115_3.jar"/>
    <property name="sun.management.compiler" value="HotSpot 64-Bit Tiered Compilers"/>
    <property name="ftp.nonProxyHosts" value="local|*.local|169.254/16|*.169.254/16"/>
    <property name="java.runtime.version" value="22.0.1+8-16"/>
    <property name="user.name" value="shivaramakrishnan"/>
    <property name="stdout.encoding" value="UTF-8"/>
    <property name="path.separator" value=":"/>
    <property name="os.version" value="14.4.1"/>
    <property name="java.runtime.name" value="Java(TM) SE Runtime Environment"/>
    <property name="file.encoding" value="UTF-8"/>
    <property name="java.vm.name" value="Java HotSpot(TM) 64-Bit Server VM"/>
    <property name="localRepository" value="/Users/shivaramakrishnan/.m2/repository"/>
    <property name="java.vendor.url.bug" value="https://bugreport.java.com/bugreport/"/>
    <property name="java.io.tmpdir" value="/var/folders/y3/lrjhnpmx227bmsf7yrlv415w0000gn/T/"/>
    <property name="idea.version" value="2024.1.2"/>
    <property name="com.zaxxer.hikari.pool_number" value="1"/>
    <property name="java.version" value="22.0.1"/>
    <property name="user.dir" value="/Users/shivaramakrishnan/Desktop/Projects/Java_Projects/Customer_Relationship_Management_System/CustomerRelationshipManagementSystem"/>
    <property name="os.arch" value="aarch64"/>
    <property name="java.vm.specification.name" value="Java Virtual Machine Specification"/>
    <property name="PID" value="92066"/>
    <property name="CONSOLE_LOG_CHARSET" value="UTF-8"/>
    <property name="native.encoding" value="UTF-8"/>
    <property name="java.library.path" value="/Users/shivaramakrishnan/Library/Java/Extensions:/Library/Java/Extensions:/Network/Library/Java/Extensions:/System/Library/Java/Extensions:/usr/lib/java:."/>
    <property name="java.vm.info" value="mixed mode, sharing"/>
    <property name="stderr.encoding" value="UTF-8"/>
    <property name="java.vendor" value="Oracle Corporation"/>
    <property name="java.vm.version" value="22.0.1+8-16"/>
    <property name="sun.io.unicode.encoding" value="UnicodeBig"/>
    <property name="socksNonProxyHosts" value="local|*.local|169.254/16|*.169.254/16"/>
    <property name="java.class.version" value="66.0"/>
    <property name="LOGGED_APPLICATION_NAME" value="[CustomerRelationshipManagementSystem] "/>
  </properties>
  <testcase name="contextLoads" classname="com.CustomerRelationshipManagementSystem.CustomerRelationshipManagementSystemApplicationTests" time="0.005">
    <error message="Failed to load ApplicationContext for [WebMergedContextConfiguration@7615666e testClass = com.CustomerRelationshipManagementSystem.CustomerRelationshipManagementSystemApplicationTests, locations = [], classes = [com.CustomerRelationshipManagementSystem.CustomerRelationshipManagementSystemApplication], contextInitializerClasses = [], activeProfiles = [], propertySourceDescriptors = [], propertySourceProperties = [&quot;org.springframework.boot.test.context.SpringBootTestContextBootstrapper=true&quot;], contextCustomizers = [org.springframework.boot.test.context.filter.ExcludeFilterContextCustomizer@181e731e, org.springframework.boot.test.json.DuplicateJsonObjectContextCustomizerFactory$DuplicateJsonObjectContextCustomizer@17d88132, org.springframework.boot.test.mock.mockito.MockitoContextCustomizer@0, org.springframework.boot.test.web.client.TestRestTemplateContextCustomizer@3403e2ac, org.springframework.boot.test.autoconfigure.actuate.observability.ObservabilityContextCustomizerFactory$DisableObservabilityContextCustomizer@1f, org.springframework.boot.test.autoconfigure.properties.PropertyMappingContextCustomizer@0, org.springframework.boot.test.autoconfigure.web.servlet.WebDriverContextCustomizer@d41f816, org.springframework.boot.test.context.SpringBootTestAnnotation@90c5503d], resourceBasePath = &quot;src/main/webapp&quot;, contextLoader = org.springframework.boot.test.context.SpringBootContextLoader, parent = null]" type="java.lang.IllegalStateException"><![CDATA[java.lang.IllegalStateException: Failed to load ApplicationContext for [WebMergedContextConfiguration@7615666e testClass = com.CustomerRelationshipManagementSystem.CustomerRelationshipManagementSystemApplicationTests, locations = [], classes = [com.CustomerRelationshipManagementSystem.CustomerRelationshipManagementSystemApplication], contextInitializerClasses = [], activeProfiles = [], propertySourceDescriptors = [], propertySourceProperties = ["org.springframework.boot.test.context.SpringBootTestContextBootstrapper=true"], contextCustomizers = [org.springframework.boot.test.context.filter.ExcludeFilterContextCustomizer@181e731e, org.springframework.boot.test.json.DuplicateJsonObjectContextCustomizerFactory$DuplicateJsonObjectContextCustomizer@17d88132, org.springframework.boot.test.mock.mockito.MockitoContextCustomizer@0, org.springframework.boot.test.web.client.TestRestTemplateContextCustomizer@3403e2ac, org.springframework.boot.test.autoconfigure.actuate.observability.ObservabilityContextCustomizerFactory$DisableObservabilityContextCustomizer@1f, org.springframework.boot.test.autoconfigure.properties.PropertyMappingContextCustomizer@0, org.springframework.boot.test.autoconfigure.web.servlet.WebDriverContextCustomizer@d41f816, org.springframework.boot.test.context.SpringBootTestAnnotation@90c5503d], resourceBasePath = "src/main/webapp", contextLoader = org.springframework.boot.test.context.SpringBootContextLoader, parent = null]
	at org.springframework.test.context.cache.DefaultCacheAwareContextLoaderDelegate.loadContext(DefaultCacheAwareContextLoaderDelegate.java:180)
	at org.springframework.test.context.support.DefaultTestContext.getApplicationContext(DefaultTestContext.java:130)
	at org.springframework.test.context.web.ServletTestExecutionListener.setUpRequestContextIfNecessary(ServletTestExecutionListener.java:191)
	at org.springframework.test.context.web.ServletTestExecutionListener.prepareTestInstance(ServletTestExecutionListener.java:130)
	at org.springframework.test.context.TestContextManager.prepareTestInstance(TestContextManager.java:260)
	at org.springframework.test.context.junit.jupiter.SpringExtension.postProcessTestInstance(SpringExtension.java:163)
	at java.base/java.util.stream.ReferencePipeline$3$1.accept(ReferencePipeline.java:212)
	at java.base/java.util.stream.ReferencePipeline$2$1.accept(ReferencePipeline.java:194)
	at java.base/java.util.ArrayList$ArrayListSpliterator.forEachRemaining(ArrayList.java:1709)
	at java.base/java.util.stream.AbstractPipeline.copyInto(AbstractPipeline.java:556)
	at java.base/java.util.stream.AbstractPipeline.wrapAndCopyInto(AbstractPipeline.java:546)
	at java.base/java.util.stream.StreamSpliterators$WrappingSpliterator.forEachRemaining(StreamSpliterators.java:310)
	at java.base/java.util.stream.Streams$ConcatSpliterator.forEachRemaining(Streams.java:735)
	at java.base/java.util.stream.Streams$ConcatSpliterator.forEachRemaining(Streams.java:734)
	at java.base/java.util.stream.ReferencePipeline$Head.forEach(ReferencePipeline.java:782)
	at java.base/java.util.Optional.orElseGet(Optional.java:364)
	at java.base/java.util.ArrayList.forEach(ArrayList.java:1597)
	at java.base/java.util.ArrayList.forEach(ArrayList.java:1597)
Caused by: org.springframework.beans.factory.UnsatisfiedDependencyException: Error creating bean with name 'customerController': Unsatisfied dependency expressed through field 'customerService': No qualifying bean of type 'com.CustomerRelationshipManagementSystem.service.CustomerService' available: expected at least 1 bean which qualifies as autowire candidate. Dependency annotations: {@org.springframework.beans.factory.annotation.Autowired(required=true)}
	at org.springframework.beans.factory.annotation.AutowiredAnnotationBeanPostProcessor$AutowiredFieldElement.resolveFieldValue(AutowiredAnnotationBeanPostProcessor.java:787)
	at org.springframework.beans.factory.annotation.AutowiredAnnotationBeanPostProcessor$AutowiredFieldElement.inject(AutowiredAnnotationBeanPostProcessor.java:767)
	at org.springframework.beans.factory.annotation.InjectionMetadata.inject(InjectionMetadata.java:145)
	at org.springframework.beans.factory.annotation.AutowiredAnnotationBeanPostProcessor.postProcessProperties(AutowiredAnnotationBeanPostProcessor.java:508)
	at org.springframework.beans.factory.support.AbstractAutowireCapableBeanFactory.populateBean(AbstractAutowireCapableBeanFactory.java:1421)
	at org.springframework.beans.factory.support.AbstractAutowireCapableBeanFactory.doCreateBean(AbstractAutowireCapableBeanFactory.java:599)
	at org.springframework.beans.factory.support.AbstractAutowireCapableBeanFactory.createBean(AbstractAutowireCapableBeanFactory.java:522)
	at org.springframework.beans.factory.support.AbstractBeanFactory.lambda$doGetBean$0(AbstractBeanFactory.java:337)
	at org.springframework.beans.factory.support.DefaultSingletonBeanRegistry.getSingleton(DefaultSingletonBeanRegistry.java:234)
	at org.springframework.beans.factory.support.AbstractBeanFactory.doGetBean(AbstractBeanFactory.java:335)
	at org.springframework.beans.factory.support.AbstractBeanFactory.getBean(AbstractBeanFactory.java:200)
	at org.springframework.beans.factory.support.DefaultListableBeanFactory.preInstantiateSingletons(DefaultListableBeanFactory.java:975)
	at org.springframework.context.support.AbstractApplicationContext.finishBeanFactoryInitialization(AbstractApplicationContext.java:962)
	at org.springframework.context.support.AbstractApplicationContext.refresh(AbstractApplicationContext.java:624)
	at org.springframework.boot.SpringApplication.refresh(SpringApplication.java:754)
	at org.springframework.boot.SpringApplication.refreshContext(SpringApplication.java:456)
	at org.springframework.boot.SpringApplication.run(SpringApplication.java:335)
	at org.springframework.boot.test.context.SpringBootContextLoader.lambda$loadContext$3(SpringBootContextLoader.java:137)
	at org.springframework.util.function.ThrowingSupplier.get(ThrowingSupplier.java:58)
	at org.springframework.util.function.ThrowingSupplier.get(ThrowingSupplier.java:46)
	at org.springframework.boot.SpringApplication.withHook(SpringApplication.java:1463)
	at org.springframework.boot.test.context.SpringBootContextLoader$ContextLoaderHook.run(SpringBootContextLoader.java:553)
	at org.springframework.boot.test.context.SpringBootContextLoader.loadContext(SpringBootContextLoader.java:137)
	at org.springframework.boot.test.context.SpringBootContextLoader.loadContext(SpringBootContextLoader.java:108)
	at org.springframework.test.context.cache.DefaultCacheAwareContextLoaderDelegate.loadContextInternal(DefaultCacheAwareContextLoaderDelegate.java:225)
	at org.springframework.test.context.cache.DefaultCacheAwareContextLoaderDelegate.loadContext(DefaultCacheAwareContextLoaderDelegate.java:152)
	... 17 more
Caused by: org.springframework.beans.factory.NoSuchBeanDefinitionException: No qualifying bean of type 'com.CustomerRelationshipManagementSystem.service.CustomerService' available: expected at least 1 bean which qualifies as autowire candidate. Dependency annotations: {@org.springframework.beans.factory.annotation.Autowired(required=true)}
	at org.springframework.beans.factory.support.DefaultListableBeanFactory.raiseNoMatchingBeanFound(DefaultListableBeanFactory.java:1880)
	at org.springframework.beans.factory.support.DefaultListableBeanFactory.doResolveDependency(DefaultListableBeanFactory.java:1406)
	at org.springframework.beans.factory.support.DefaultListableBeanFactory.resolveDependency(DefaultListableBeanFactory.java:1353)
	at org.springframework.beans.factory.annotation.AutowiredAnnotationBeanPostProcessor$AutowiredFieldElement.resolveFieldValue(AutowiredAnnotationBeanPostProcessor.java:784)
	... 42 more
]]></error>
    <system-out><![CDATA[2024-05-24 19:29:40 - Neither @ContextConfiguration nor @ContextHierarchy found for test class [CustomerRelationshipManagementSystemApplicationTests]: using SpringBootContextLoader
2024-05-24 19:29:40 - Could not detect default resource locations for test class [com.CustomerRelationshipManagementSystem.CustomerRelationshipManagementSystemApplicationTests]: no resource found for suffixes {-context.xml, Context.groovy}.
2024-05-24 19:29:40 - Could not detect default configuration classes for test class [com.CustomerRelationshipManagementSystem.CustomerRelationshipManagementSystemApplicationTests]: CustomerRelationshipManagementSystemApplicationTests does not declare any static, non-private, non-final, nested classes annotated with @Configuration.
2024-05-24 19:29:40 - Using ContextCustomizerFactory implementations for test class [CustomerRelationshipManagementSystemApplicationTests]: [ImportsContextCustomizerFactory, ExcludeFilterContextCustomizerFactory, HttpGraphQlTesterContextCustomizerFactory, DuplicateJsonObjectContextCustomizerFactory, MockitoContextCustomizerFactory, TestRestTemplateContextCustomizerFactory, WebTestClientContextCustomizerFactory, OverrideAutoConfigurationContextCustomizerFactory, ObservabilityContextCustomizerFactory, TypeExcludeFiltersContextCustomizerFactory, PropertyMappingContextCustomizerFactory, WebDriverContextCustomizerFactory, MockServerContainerContextCustomizerFactory, DynamicPropertiesContextCustomizerFactory]
2024-05-24 19:29:40 - Using ContextCustomizers for test class [CustomerRelationshipManagementSystemApplicationTests]: [ExcludeFilterContextCustomizer, DuplicateJsonObjectContextCustomizer, MockitoContextCustomizer, TestRestTemplateContextCustomizer, DisableObservabilityContextCustomizer, PropertyMappingContextCustomizer, WebDriverContextCustomizer]
2024-05-24 19:29:40 - Identified candidate component class: file [/Users/shivaramakrishnan/Desktop/Projects/Java_Projects/Customer_Relationship_Management_System/CustomerRelationshipManagementSystem/target/classes/com/CustomerRelationshipManagementSystem/CustomerRelationshipManagementSystemApplication.class]
2024-05-24 19:29:40 - Found @SpringBootConfiguration com.CustomerRelationshipManagementSystem.CustomerRelationshipManagementSystemApplication for test class com.CustomerRelationshipManagementSystem.CustomerRelationshipManagementSystemApplicationTests
2024-05-24 19:29:40 - Skipping candidate TestExecutionListener [org.springframework.test.context.observation.MicrometerObservationRegistryTestExecutionListener] due to a missing dependency. Specify custom TestExecutionListener classes or make the default TestExecutionListener classes and their required dependencies available. Offending class: io.micrometer.context.ThreadLocalAccessor. MicrometerObservationRegistryTestExecutionListener requires io.micrometer:micrometer-observation:1.10.8 or higher and io.micrometer:context-propagation:1.0.3 or higher.
2024-05-24 19:29:40 - Using TestExecutionListeners for test class [CustomerRelationshipManagementSystemApplicationTests]: [ServletTestExecutionListener, DirtiesContextBeforeModesTestExecutionListener, ApplicationEventsTestExecutionListener, MockitoTestExecutionListener, DependencyInjectionTestExecutionListener, DirtiesContextTestExecutionListener, TransactionalTestExecutionListener, SqlScriptsTestExecutionListener, EventPublishingTestExecutionListener, ResetMocksTestExecutionListener, RestDocsTestExecutionListener, MockRestServiceServerResetTestExecutionListener, MockMvcPrintOnlyOnFailureTestExecutionListener, WebDriverTestExecutionListener, MockWebServiceServerTestExecutionListener]
2024-05-24 19:29:40 - Before test class: class [CustomerRelationshipManagementSystemApplicationTests], class annotated with @DirtiesContext [false] with mode [null]
2024-05-24 19:29:40 - Restart disabled due to context in which it is running

  .   ____          _            __ _ _
 /\\ / ___'_ __ _ _(_)_ __  __ _ \ \ \ \
( ( )\___ | '_ | '_| | '_ \/ _` | \ \ \ \
 \\/  ___)| |_)| | | | | || (_| |  ) ) ) )
  '  |____| .__|_| |_|_| |_\__, | / / / /
 =========|_|==============|___/=/_/_/_/
 :: Spring Boot ::                (v3.2.6)

2024-05-24 19:29:40 - Starting CustomerRelationshipManagementSystemApplicationTests using Java 22.0.1 with PID 92066 (started by shivaramakrishnan in /Users/shivaramakrishnan/Desktop/Projects/Java_Projects/Customer_Relationship_Management_System/CustomerRelationshipManagementSystem)
2024-05-24 19:29:40 - Running with Spring Boot v3.2.6, Spring v6.1.8
2024-05-24 19:29:40 - No active profile set, falling back to 1 default profile: "default"
2024-05-24 19:29:40 - Loading source class com.CustomerRelationshipManagementSystem.CustomerRelationshipManagementSystemApplication
2024-05-24 19:29:41 - Refreshing org.springframework.web.context.support.GenericWebApplicationContext@60222fd8
2024-05-24 19:29:41 - Creating shared instance of singleton bean 'org.springframework.context.annotation.internalConfigurationAnnotationProcessor'
2024-05-24 19:29:41 - Creating shared instance of singleton bean 'org.springframework.boot.autoconfigure.internalCachingMetadataReaderFactory'
2024-05-24 19:29:41 - Identified candidate component class: file [/Users/shivaramakrishnan/Desktop/Projects/Java_Projects/Customer_Relationship_Management_System/CustomerRelationshipManagementSystem/target/classes/com/CustomerRelationshipManagementSystem/controller/CustomerController.class]
2024-05-24 19:29:41 - Bootstrapping Spring Data JPA repositories in DEFAULT mode.
2024-05-24 19:29:41 - Creating shared instance of singleton bean 'org.springframework.boot.autoconfigure.AutoConfigurationPackages'
2024-05-24 19:29:41 - @EnableAutoConfiguration was declared on a class in the package 'com.CustomerRelationshipManagementSystem'. Automatic @Repository and @Entity scanning is enabled.
2024-05-24 19:29:41 - Scanning for JPA repositories in packages com.CustomerRelationshipManagementSystem.
2024-05-24 19:29:41 - Finished Spring Data repository scanning in 2 ms. Found 0 JPA repository interfaces.
2024-05-24 19:29:41 - Creating shared instance of singleton bean 'propertySourcesPlaceholderConfigurer'
2024-05-24 19:29:41 - Creating shared instance of singleton bean 'org.springframework.boot.test.mock.mockito.MockitoPostProcessor'
2024-05-24 19:29:41 - Creating shared instance of singleton bean 'emBeanDefinitionRegistrarPostProcessor'
2024-05-24 19:29:41 - Creating shared instance of singleton bean 'org.springframework.boot.sql.init.dependency.DatabaseInitializationDependencyConfigurer$DependsOnDatabaseInitializationPostProcessor'
2024-05-24 19:29:41 - Creating shared instance of singleton bean 'org.springframework.context.event.internalEventListenerProcessor'
2024-05-24 19:29:41 - Creating shared instance of singleton bean 'preserveErrorControllerTargetClassPostProcessor'
2024-05-24 19:29:41 - Creating shared instance of singleton bean 'org.springframework.context.event.internalEventListenerFactory'
2024-05-24 19:29:41 - Creating shared instance of singleton bean 'org.springframework.transaction.config.internalTransactionalEventListenerFactory'
2024-05-24 19:29:41 - Creating shared instance of singleton bean 'org.springframework.boot.test.mock.mockito.MockitoPostProcessor$SpyPostProcessor'
2024-05-24 19:29:41 - Creating shared instance of singleton bean 'org.springframework.context.annotation.internalAutowiredAnnotationProcessor'
2024-05-24 19:29:41 - Creating shared instance of singleton bean 'org.springframework.context.annotation.internalCommonAnnotationProcessor'
2024-05-24 19:29:41 - Creating shared instance of singleton bean 'org.springframework.context.annotation.internalPersistenceAnnotationProcessor'
2024-05-24 19:29:41 - Creating shared instance of singleton bean 'org.springframework.boot.context.properties.ConfigurationPropertiesBindingPostProcessor'
2024-05-24 19:29:41 - Creating shared instance of singleton bean 'org.springframework.boot.context.internalConfigurationPropertiesBinder'
2024-05-24 19:29:41 - Creating shared instance of singleton bean 'jdbcConnectionDetailsHikariBeanPostProcessor'
2024-05-24 19:29:41 - Creating shared instance of singleton bean 'org.springframework.aop.config.internalAutoProxyCreator'
2024-05-24 19:29:41 - Creating shared instance of singleton bean 'persistenceExceptionTranslationPostProcessor'
2024-05-24 19:29:41 - Autowiring by type from bean name 'persistenceExceptionTranslationPostProcessor' via factory method to bean named 'environment'
2024-05-24 19:29:41 - Creating shared instance of singleton bean 'webServerFactoryCustomizerBeanPostProcessor'
2024-05-24 19:29:41 - Creating shared instance of singleton bean 'errorPageRegistrarBeanPostProcessor'
2024-05-24 19:29:41 - Creating shared instance of singleton bean 'projectingArgumentResolverBeanPostProcessor'
2024-05-24 19:29:41 - Creating shared instance of singleton bean 'org.springframework.transaction.config.internalTransactionAdvisor'
2024-05-24 19:29:41 - Creating shared instance of singleton bean 'org.springframework.transaction.annotation.ProxyTransactionManagementConfiguration'
2024-05-24 19:29:41 - Creating shared instance of singleton bean 'transactionAttributeSource'
2024-05-24 19:29:41 - Creating shared instance of singleton bean 'transactionInterceptor'
2024-05-24 19:29:41 - Autowiring by type from bean name 'transactionInterceptor' via factory method to bean named 'transactionAttributeSource'
2024-05-24 19:29:41 - Autowiring by type from bean name 'org.springframework.transaction.config.internalTransactionAdvisor' via factory method to bean named 'transactionAttributeSource'
2024-05-24 19:29:41 - Autowiring by type from bean name 'org.springframework.transaction.config.internalTransactionAdvisor' via factory method to bean named 'transactionInterceptor'
2024-05-24 19:29:41 - Unable to locate ThemeSource with name 'themeSource': using default [org.springframework.ui.context.support.ResourceBundleThemeSource@705a8dbc]
2024-05-24 19:29:41 - Creating shared instance of singleton bean 'dataSourceScriptDatabaseInitializer'
2024-05-24 19:29:41 - Creating shared instance of singleton bean 'org.springframework.boot.autoconfigure.sql.init.DataSourceInitializationConfiguration'
2024-05-24 19:29:41 - Creating shared instance of singleton bean 'dataSource'
2024-05-24 19:29:41 - Creating shared instance of singleton bean 'org.springframework.boot.autoconfigure.jdbc.DataSourceConfiguration$Hikari'
2024-05-24 19:29:41 - Creating shared instance of singleton bean 'spring.datasource-org.springframework.boot.autoconfigure.jdbc.DataSourceProperties'
2024-05-24 19:29:41 - Creating shared instance of singleton bean 'org.springframework.boot.context.properties.BoundConfigurationProperties'
2024-05-24 19:29:41 - Creating shared instance of singleton bean 'jdbcConnectionDetails'
2024-05-24 19:29:41 - Creating shared instance of singleton bean 'org.springframework.boot.autoconfigure.jdbc.DataSourceAutoConfiguration$PooledDataSourceConfiguration'
2024-05-24 19:29:41 - Autowiring by type from bean name 'jdbcConnectionDetails' via factory method to bean named 'spring.datasource-org.springframework.boot.autoconfigure.jdbc.DataSourceProperties'
2024-05-24 19:29:41 - Autowiring by type from bean name 'dataSource' via factory method to bean named 'spring.datasource-org.springframework.boot.autoconfigure.jdbc.DataSourceProperties'
2024-05-24 19:29:41 - Autowiring by type from bean name 'dataSource' via factory method to bean named 'jdbcConnectionDetails'
2024-05-24 19:29:41 - Driver class com.mysql.cj.jdbc.Driver found in Thread context class loader jdk.internal.loader.ClassLoaders$AppClassLoader@18769467
2024-05-24 19:29:41 - Creating shared instance of singleton bean 'spring.sql.init-org.springframework.boot.autoconfigure.sql.init.SqlInitializationProperties'
2024-05-24 19:29:41 - Autowiring by type from bean name 'dataSourceScriptDatabaseInitializer' via factory method to bean named 'dataSource'
2024-05-24 19:29:41 - Autowiring by type from bean name 'dataSourceScriptDatabaseInitializer' via factory method to bean named 'spring.sql.init-org.springframework.boot.autoconfigure.sql.init.SqlInitializationProperties'
2024-05-24 19:29:41 - Creating shared instance of singleton bean 'entityManagerFactory'
2024-05-24 19:29:41 - Creating shared instance of singleton bean 'org.springframework.boot.autoconfigure.orm.jpa.HibernateJpaConfiguration'
2024-05-24 19:29:41 - Creating shared instance of singleton bean 'spring.jpa-org.springframework.boot.autoconfigure.orm.jpa.JpaProperties'
2024-05-24 19:29:41 - Creating shared instance of singleton bean 'spring.jpa.hibernate-org.springframework.boot.autoconfigure.orm.jpa.HibernateProperties'
2024-05-24 19:29:41 - Autowiring by type from bean name 'org.springframework.boot.autoconfigure.orm.jpa.HibernateJpaConfiguration' via constructor to bean named 'dataSource'
2024-05-24 19:29:41 - Autowiring by type from bean name 'org.springframework.boot.autoconfigure.orm.jpa.HibernateJpaConfiguration' via constructor to bean named 'spring.jpa-org.springframework.boot.autoconfigure.orm.jpa.JpaProperties'
2024-05-24 19:29:41 - Autowiring by type from bean name 'org.springframework.boot.autoconfigure.orm.jpa.HibernateJpaConfiguration' via constructor to bean named 'org.springframework.beans.factory.support.DefaultListableBeanFactory@715fb77'
2024-05-24 19:29:41 - Autowiring by type from bean name 'org.springframework.boot.autoconfigure.orm.jpa.HibernateJpaConfiguration' via constructor to bean named 'spring.jpa.hibernate-org.springframework.boot.autoconfigure.orm.jpa.HibernateProperties'
2024-05-24 19:29:41 - Creating shared instance of singleton bean 'hikariPoolDataSourceMetadataProvider'
2024-05-24 19:29:41 - Creating shared instance of singleton bean 'org.springframework.boot.autoconfigure.jdbc.metadata.DataSourcePoolMetadataProvidersConfiguration$HikariPoolDataSourceMetadataProviderConfiguration'
2024-05-24 19:29:41 - Creating shared instance of singleton bean 'entityManagerFactoryBuilder'
2024-05-24 19:29:41 - Creating shared instance of singleton bean 'jpaVendorAdapter'
2024-05-24 19:29:41 - Logging Provider: org.jboss.logging.Slf4jLoggerProvider found via system property
2024-05-24 19:29:41 - Autowiring by type from bean name 'entityManagerFactoryBuilder' via factory method to bean named 'jpaVendorAdapter'
2024-05-24 19:29:41 - Creating shared instance of singleton bean 'persistenceManagedTypes'
2024-05-24 19:29:41 - Autowiring by type from bean name 'persistenceManagedTypes' via factory method to bean named 'org.springframework.beans.factory.support.DefaultListableBeanFactory@715fb77'
2024-05-24 19:29:41 - Autowiring by type from bean name 'persistenceManagedTypes' via factory method to bean named 'org.springframework.web.context.support.GenericWebApplicationContext@60222fd8'
2024-05-24 19:29:41 - Autowiring by type from bean name 'entityManagerFactory' via factory method to bean named 'entityManagerFactoryBuilder'
2024-05-24 19:29:41 - Autowiring by type from bean name 'entityManagerFactory' via factory method to bean named 'persistenceManagedTypes'
2024-05-24 19:29:41 - Building JPA container EntityManagerFactory for persistence unit 'default'
2024-05-24 19:29:41 - PersistenceUnitInfo [
	name: default
	persistence provider classname: null
	classloader: jdk.internal.loader.ClassLoaders$AppClassLoader@18769467
	excludeUnlistedClasses: true
	JTA datasource: null
	Non JTA datasource: HikariDataSource (null)
	Transaction type: RESOURCE_LOCAL
	PU root URL: file:/Users/shivaramakrishnan/Desktop/Projects/Java_Projects/Customer_Relationship_Management_System/CustomerRelationshipManagementSystem/target/test-classes/
	Shared Cache Mode: UNSPECIFIED
	Validation Mode: AUTO
	Jar files URLs []
	Managed classes names [
		com.CustomerRelationshipManagementSystem.entity.Customer]
	Mapping files names []
	Properties []
2024-05-24 19:29:41 - Adding Integrator [org.hibernate.boot.beanvalidation.BeanValidationIntegrator].
2024-05-24 19:29:41 - Adding Integrator [org.hibernate.cache.internal.CollectionCacheInvalidator].
2024-05-24 19:29:41 - HHH000412: Hibernate ORM core version 6.4.8.Final
2024-05-24 19:29:41 - HHH000206: 'hibernate.properties' not found
2024-05-24 19:29:41 - Registering IdentifierGenerator strategy [uuid2] -> [org.hibernate.id.UUIDGenerator]
2024-05-24 19:29:41 - Registering IdentifierGenerator strategy [guid] -> [org.hibernate.id.GUIDGenerator]
2024-05-24 19:29:41 - Registering IdentifierGenerator strategy [uuid] -> [org.hibernate.id.UUIDHexGenerator]
2024-05-24 19:29:41 - Registering IdentifierGenerator strategy [uuid.hex] -> [org.hibernate.id.UUIDHexGenerator]
2024-05-24 19:29:41 - Registering IdentifierGenerator strategy [assigned] -> [org.hibernate.id.Assigned]
2024-05-24 19:29:41 - Registering IdentifierGenerator strategy [identity] -> [org.hibernate.id.IdentityGenerator]
2024-05-24 19:29:41 - Registering IdentifierGenerator strategy [select] -> [org.hibernate.id.SelectGenerator]
2024-05-24 19:29:41 - Registering IdentifierGenerator strategy [sequence] -> [org.hibernate.id.enhanced.SequenceStyleGenerator]
2024-05-24 19:29:41 - Registering IdentifierGenerator strategy [increment] -> [org.hibernate.id.IncrementGenerator]
2024-05-24 19:29:41 - Registering IdentifierGenerator strategy [foreign] -> [org.hibernate.id.ForeignGenerator]
2024-05-24 19:29:41 - Registering IdentifierGenerator strategy [enhanced-sequence] -> [org.hibernate.id.enhanced.SequenceStyleGenerator]
2024-05-24 19:29:41 - Registering IdentifierGenerator strategy [enhanced-table] -> [org.hibernate.id.enhanced.TableGenerator]
2024-05-24 19:29:41 - Cannot default RegionFactory based on registered strategies as `[]` RegionFactory strategies were registered
2024-05-24 19:29:41 - HHH000026: Second-level cache disabled
2024-05-24 19:29:41 - Adding type registration boolean -> org.hibernate.type.BasicTypeReference@38fb50f8
2024-05-24 19:29:41 - Adding type registration boolean -> org.hibernate.type.BasicTypeReference@38fb50f8
2024-05-24 19:29:41 - Adding type registration java.lang.Boolean -> org.hibernate.type.BasicTypeReference@38fb50f8
2024-05-24 19:29:41 - Adding type registration numeric_boolean -> org.hibernate.type.BasicTypeReference@7ab802f4
2024-05-24 19:29:41 - Adding type registration org.hibernate.type.NumericBooleanConverter -> org.hibernate.type.BasicTypeReference@7ab802f4
2024-05-24 19:29:41 - Adding type registration true_false -> org.hibernate.type.BasicTypeReference@608cd501
2024-05-24 19:29:41 - Adding type registration org.hibernate.type.TrueFalseConverter -> org.hibernate.type.BasicTypeReference@608cd501
2024-05-24 19:29:41 - Adding type registration yes_no -> org.hibernate.type.BasicTypeReference@3b97907c
2024-05-24 19:29:41 - Adding type registration org.hibernate.type.YesNoConverter -> org.hibernate.type.BasicTypeReference@3b97907c
2024-05-24 19:29:41 - Adding type registration byte -> org.hibernate.type.BasicTypeReference@59096b66
2024-05-24 19:29:41 - Adding type registration byte -> org.hibernate.type.BasicTypeReference@59096b66
2024-05-24 19:29:41 - Adding type registration java.lang.Byte -> org.hibernate.type.BasicTypeReference@59096b66
2024-05-24 19:29:41 - Adding type registration binary -> org.hibernate.type.BasicTypeReference@631c6d11
2024-05-24 19:29:41 - Adding type registration byte[] -> org.hibernate.type.BasicTypeReference@631c6d11
2024-05-24 19:29:41 - Adding type registration [B -> org.hibernate.type.BasicTypeReference@631c6d11
2024-05-24 19:29:41 - Adding type registration binary_wrapper -> org.hibernate.type.BasicTypeReference@65be88ae
2024-05-24 19:29:41 - Adding type registration wrapper-binary -> org.hibernate.type.BasicTypeReference@65be88ae
2024-05-24 19:29:41 - Adding type registration image -> org.hibernate.type.BasicTypeReference@62ade015
2024-05-24 19:29:41 - Adding type registration blob -> org.hibernate.type.BasicTypeReference@70ede57d
2024-05-24 19:29:41 - Adding type registration java.sql.Blob -> org.hibernate.type.BasicTypeReference@70ede57d
2024-05-24 19:29:41 - Adding type registration materialized_blob -> org.hibernate.type.BasicTypeReference@70997a94
2024-05-24 19:29:41 - Adding type registration materialized_blob_wrapper -> org.hibernate.type.BasicTypeReference@61f377d1
2024-05-24 19:29:41 - Adding type registration short -> org.hibernate.type.BasicTypeReference@6c538eb2
2024-05-24 19:29:41 - Adding type registration short -> org.hibernate.type.BasicTypeReference@6c538eb2
2024-05-24 19:29:41 - Adding type registration java.lang.Short -> org.hibernate.type.BasicTypeReference@6c538eb2
2024-05-24 19:29:41 - Adding type registration integer -> org.hibernate.type.BasicTypeReference@738a5848
2024-05-24 19:29:41 - Adding type registration int -> org.hibernate.type.BasicTypeReference@738a5848
2024-05-24 19:29:41 - Adding type registration java.lang.Integer -> org.hibernate.type.BasicTypeReference@738a5848
2024-05-24 19:29:41 - Adding type registration long -> org.hibernate.type.BasicTypeReference@487cd177
2024-05-24 19:29:41 - Adding type registration long -> org.hibernate.type.BasicTypeReference@487cd177
2024-05-24 19:29:41 - Adding type registration java.lang.Long -> org.hibernate.type.BasicTypeReference@487cd177
2024-05-24 19:29:41 - Adding type registration float -> org.hibernate.type.BasicTypeReference@324b6a56
2024-05-24 19:29:41 - Adding type registration float -> org.hibernate.type.BasicTypeReference@324b6a56
2024-05-24 19:29:41 - Adding type registration java.lang.Float -> org.hibernate.type.BasicTypeReference@324b6a56
2024-05-24 19:29:41 - Adding type registration double -> org.hibernate.type.BasicTypeReference@421d54b3
2024-05-24 19:29:41 - Adding type registration double -> org.hibernate.type.BasicTypeReference@421d54b3
2024-05-24 19:29:41 - Adding type registration java.lang.Double -> org.hibernate.type.BasicTypeReference@421d54b3
2024-05-24 19:29:41 - Adding type registration big_integer -> org.hibernate.type.BasicTypeReference@63f40ca0
2024-05-24 19:29:41 - Adding type registration java.math.BigInteger -> org.hibernate.type.BasicTypeReference@63f40ca0
2024-05-24 19:29:41 - Adding type registration big_decimal -> org.hibernate.type.BasicTypeReference@4dad8ec0
2024-05-24 19:29:41 - Adding type registration java.math.BigDecimal -> org.hibernate.type.BasicTypeReference@4dad8ec0
2024-05-24 19:29:41 - Adding type registration character -> org.hibernate.type.BasicTypeReference@24dd44f9
2024-05-24 19:29:41 - Adding type registration char -> org.hibernate.type.BasicTypeReference@24dd44f9
2024-05-24 19:29:41 - Adding type registration java.lang.Character -> org.hibernate.type.BasicTypeReference@24dd44f9
2024-05-24 19:29:41 - Adding type registration character_nchar -> org.hibernate.type.BasicTypeReference@ccd341d
2024-05-24 19:29:41 - Adding type registration string -> org.hibernate.type.BasicTypeReference@4f1fb828
2024-05-24 19:29:41 - Adding type registration java.lang.String -> org.hibernate.type.BasicTypeReference@4f1fb828
2024-05-24 19:29:41 - Adding type registration nstring -> org.hibernate.type.BasicTypeReference@6ee5f485
2024-05-24 19:29:41 - Adding type registration characters -> org.hibernate.type.BasicTypeReference@20d19f2c
2024-05-24 19:29:41 - Adding type registration char[] -> org.hibernate.type.BasicTypeReference@20d19f2c
2024-05-24 19:29:41 - Adding type registration [C -> org.hibernate.type.BasicTypeReference@20d19f2c
2024-05-24 19:29:41 - Adding type registration wrapper-characters -> org.hibernate.type.BasicTypeReference@45592af7
2024-05-24 19:29:41 - Adding type registration text -> org.hibernate.type.BasicTypeReference@77b5148c
2024-05-24 19:29:41 - Adding type registration ntext -> org.hibernate.type.BasicTypeReference@36359723
2024-05-24 19:29:41 - Adding type registration clob -> org.hibernate.type.BasicTypeReference@1ab14636
2024-05-24 19:29:41 - Adding type registration java.sql.Clob -> org.hibernate.type.BasicTypeReference@1ab14636
2024-05-24 19:29:41 - Adding type registration nclob -> org.hibernate.type.BasicTypeReference@16b3c905
2024-05-24 19:29:41 - Adding type registration java.sql.NClob -> org.hibernate.type.BasicTypeReference@16b3c905
2024-05-24 19:29:41 - Adding type registration materialized_clob -> org.hibernate.type.BasicTypeReference@49fdbe2b
2024-05-24 19:29:41 - Adding type registration materialized_clob_char_array -> org.hibernate.type.BasicTypeReference@53eba4b8
2024-05-24 19:29:41 - Adding type registration materialized_clob_character_array -> org.hibernate.type.BasicTypeReference@437bd805
2024-05-24 19:29:41 - Adding type registration materialized_nclob -> org.hibernate.type.BasicTypeReference@4b88ca8e
2024-05-24 19:29:41 - Adding type registration materialized_nclob_character_array -> org.hibernate.type.BasicTypeReference@6fa02932
2024-05-24 19:29:41 - Adding type registration materialized_nclob_char_array -> org.hibernate.type.BasicTypeReference@61608e1a
2024-05-24 19:29:41 - Adding type registration Duration -> org.hibernate.type.BasicTypeReference@7c46c9c3
2024-05-24 19:29:41 - Adding type registration java.time.Duration -> org.hibernate.type.BasicTypeReference@7c46c9c3
2024-05-24 19:29:41 - Adding type registration LocalDateTime -> org.hibernate.type.BasicTypeReference@7197b07f
2024-05-24 19:29:41 - Adding type registration java.time.LocalDateTime -> org.hibernate.type.BasicTypeReference@7197b07f
2024-05-24 19:29:41 - Adding type registration LocalDate -> org.hibernate.type.BasicTypeReference@1f10fec6
2024-05-24 19:29:41 - Adding type registration java.time.LocalDate -> org.hibernate.type.BasicTypeReference@1f10fec6
2024-05-24 19:29:41 - Adding type registration LocalTime -> org.hibernate.type.BasicTypeReference@7a65a360
2024-05-24 19:29:41 - Adding type registration java.time.LocalTime -> org.hibernate.type.BasicTypeReference@7a65a360
2024-05-24 19:29:41 - Adding type registration OffsetDateTime -> org.hibernate.type.BasicTypeReference@30a7653e
2024-05-24 19:29:41 - Adding type registration java.time.OffsetDateTime -> org.hibernate.type.BasicTypeReference@30a7653e
2024-05-24 19:29:41 - Adding type registration OffsetDateTimeWithTimezone -> org.hibernate.type.BasicTypeReference@7cff3f1d
2024-05-24 19:29:41 - Adding type registration OffsetDateTimeWithoutTimezone -> org.hibernate.type.BasicTypeReference@6401188a
2024-05-24 19:29:41 - Adding type registration OffsetTime -> org.hibernate.type.BasicTypeReference@33a8c9c9
2024-05-24 19:29:41 - Adding type registration java.time.OffsetTime -> org.hibernate.type.BasicTypeReference@33a8c9c9
2024-05-24 19:29:41 - Adding type registration OffsetTimeUtc -> org.hibernate.type.BasicTypeReference@382dc417
2024-05-24 19:29:41 - Adding type registration OffsetTimeWithTimezone -> org.hibernate.type.BasicTypeReference@3daf03d8
2024-05-24 19:29:41 - Adding type registration OffsetTimeWithoutTimezone -> org.hibernate.type.BasicTypeReference@510689af
2024-05-24 19:29:41 - Adding type registration ZonedDateTime -> org.hibernate.type.BasicTypeReference@2415e4c7
2024-05-24 19:29:41 - Adding type registration java.time.ZonedDateTime -> org.hibernate.type.BasicTypeReference@2415e4c7
2024-05-24 19:29:41 - Adding type registration ZonedDateTimeWithTimezone -> org.hibernate.type.BasicTypeReference@72ce812e
2024-05-24 19:29:41 - Adding type registration ZonedDateTimeWithoutTimezone -> org.hibernate.type.BasicTypeReference@373afd6c
2024-05-24 19:29:41 - Adding type registration date -> org.hibernate.type.BasicTypeReference@521441d5
2024-05-24 19:29:41 - Adding type registration java.sql.Date -> org.hibernate.type.BasicTypeReference@521441d5
2024-05-24 19:29:41 - Adding type registration time -> org.hibernate.type.BasicTypeReference@592ca48c
2024-05-24 19:29:41 - Adding type registration java.sql.Time -> org.hibernate.type.BasicTypeReference@592ca48c
2024-05-24 19:29:41 - Adding type registration timestamp -> org.hibernate.type.BasicTypeReference@5fed9976
2024-05-24 19:29:41 - Adding type registration java.sql.Timestamp -> org.hibernate.type.BasicTypeReference@5fed9976
2024-05-24 19:29:41 - Adding type registration java.util.Date -> org.hibernate.type.BasicTypeReference@5fed9976
2024-05-24 19:29:41 - Adding type registration calendar -> org.hibernate.type.BasicTypeReference@3fdcde7a
2024-05-24 19:29:41 - Adding type registration java.util.Calendar -> org.hibernate.type.BasicTypeReference@3fdcde7a
2024-05-24 19:29:41 - Adding type registration java.util.GregorianCalendar -> org.hibernate.type.BasicTypeReference@3fdcde7a
2024-05-24 19:29:41 - Adding type registration calendar_date -> org.hibernate.type.BasicTypeReference@4f363abd
2024-05-24 19:29:41 - Adding type registration calendar_time -> org.hibernate.type.BasicTypeReference@7302ff13
2024-05-24 19:29:41 - Adding type registration instant -> org.hibernate.type.BasicTypeReference@4017fe2c
2024-05-24 19:29:41 - Adding type registration java.time.Instant -> org.hibernate.type.BasicTypeReference@4017fe2c
2024-05-24 19:29:41 - Adding type registration uuid -> org.hibernate.type.BasicTypeReference@1961d75a
2024-05-24 19:29:41 - Adding type registration java.util.UUID -> org.hibernate.type.BasicTypeReference@1961d75a
2024-05-24 19:29:41 - Adding type registration pg-uuid -> org.hibernate.type.BasicTypeReference@1961d75a
2024-05-24 19:29:41 - Adding type registration uuid-binary -> org.hibernate.type.BasicTypeReference@677ce519
2024-05-24 19:29:41 - Adding type registration uuid-char -> org.hibernate.type.BasicTypeReference@3e26482
2024-05-24 19:29:41 - Adding type registration class -> org.hibernate.type.BasicTypeReference@7cfb0c4c
2024-05-24 19:29:41 - Adding type registration java.lang.Class -> org.hibernate.type.BasicTypeReference@7cfb0c4c
2024-05-24 19:29:41 - Adding type registration currency -> org.hibernate.type.BasicTypeReference@6b37df8e
2024-05-24 19:29:41 - Adding type registration Currency -> org.hibernate.type.BasicTypeReference@6b37df8e
2024-05-24 19:29:41 - Adding type registration java.util.Currency -> org.hibernate.type.BasicTypeReference@6b37df8e
2024-05-24 19:29:41 - Adding type registration locale -> org.hibernate.type.BasicTypeReference@7b351446
2024-05-24 19:29:41 - Adding type registration java.util.Locale -> org.hibernate.type.BasicTypeReference@7b351446
2024-05-24 19:29:41 - Adding type registration serializable -> org.hibernate.type.BasicTypeReference@5f08fe00
2024-05-24 19:29:41 - Adding type registration java.io.Serializable -> org.hibernate.type.BasicTypeReference@5f08fe00
2024-05-24 19:29:41 - Adding type registration timezone -> org.hibernate.type.BasicTypeReference@a1691c0
2024-05-24 19:29:41 - Adding type registration java.util.TimeZone -> org.hibernate.type.BasicTypeReference@a1691c0
2024-05-24 19:29:41 - Adding type registration ZoneOffset -> org.hibernate.type.BasicTypeReference@7c5df615
2024-05-24 19:29:41 - Adding type registration java.time.ZoneOffset -> org.hibernate.type.BasicTypeReference@7c5df615
2024-05-24 19:29:41 - Adding type registration url -> org.hibernate.type.BasicTypeReference@2f995afc
2024-05-24 19:29:41 - Adding type registration java.net.URL -> org.hibernate.type.BasicTypeReference@2f995afc
2024-05-24 19:29:41 - Adding type registration vector -> org.hibernate.type.BasicTypeReference@377949f1
2024-05-24 19:29:41 - Adding type registration row_version -> org.hibernate.type.BasicTypeReference@9df564f
2024-05-24 19:29:41 - Adding type registration object -> org.hibernate.type.JavaObjectType@46a795de
2024-05-24 19:29:41 - Adding type registration java.lang.Object -> org.hibernate.type.JavaObjectType@46a795de
2024-05-24 19:29:41 - Adding type registration null -> org.hibernate.type.NullType@601eb4af
2024-05-24 19:29:41 - Adding type registration imm_date -> org.hibernate.type.BasicTypeReference@11ede87f
2024-05-24 19:29:41 - Adding type registration imm_time -> org.hibernate.type.BasicTypeReference@7675c171
2024-05-24 19:29:41 - Adding type registration imm_timestamp -> org.hibernate.type.BasicTypeReference@44e4cb76
2024-05-24 19:29:41 - Adding type registration imm_calendar -> org.hibernate.type.BasicTypeReference@51cab489
2024-05-24 19:29:41 - Adding type registration imm_calendar_date -> org.hibernate.type.BasicTypeReference@2f9a10df
2024-05-24 19:29:41 - Adding type registration imm_calendar_time -> org.hibernate.type.BasicTypeReference@773c2214
2024-05-24 19:29:41 - Adding type registration imm_binary -> org.hibernate.type.BasicTypeReference@15e1f8fe
2024-05-24 19:29:41 - Adding type registration imm_serializable -> org.hibernate.type.BasicTypeReference@110b7837
2024-05-24 19:29:41 - Injecting JPA temp ClassLoader [org.springframework.instrument.classloading.SimpleThrowawayClassLoader@35cec305] into BootstrapContext; was [null]
2024-05-24 19:29:41 - ClassLoaderAccessImpl#injectTempClassLoader(org.springframework.instrument.classloading.SimpleThrowawayClassLoader@35cec305) [was null]
2024-05-24 19:29:41 - Injecting ScanEnvironment [org.hibernate.jpa.boot.internal.StandardJpaScanEnvironmentImpl@54c60202] into BootstrapContext; was [null]
2024-05-24 19:29:41 - Injecting ScanOptions [org.hibernate.boot.archive.scan.internal.StandardScanOptions@7889b4b9] into BootstrapContext; was [org.hibernate.boot.archive.scan.internal.StandardScanOptions@1e545821]
2024-05-24 19:29:41 - No LoadTimeWeaver setup: ignoring JPA class transformer
2024-05-24 19:29:41 - Injecting JPA temp ClassLoader [null] into BootstrapContext; was [org.springframework.instrument.classloading.SimpleThrowawayClassLoader@35cec305]
2024-05-24 19:29:41 - ClassLoaderAccessImpl#injectTempClassLoader(null) [was org.springframework.instrument.classloading.SimpleThrowawayClassLoader@35cec305]
2024-05-24 19:29:41 - HikariPool-1 - configuration:
2024-05-24 19:29:41 - allowPoolSuspension.............false
2024-05-24 19:29:41 - autoCommit......................true
2024-05-24 19:29:41 - catalog.........................none
2024-05-24 19:29:41 - connectionInitSql...............none
2024-05-24 19:29:41 - connectionTestQuery.............none
2024-05-24 19:29:41 - connectionTimeout...............30000
2024-05-24 19:29:41 - dataSource......................none
2024-05-24 19:29:41 - dataSourceClassName.............none
2024-05-24 19:29:41 - dataSourceJNDI..................none
2024-05-24 19:29:41 - dataSourceProperties............{password=<masked>}
2024-05-24 19:29:41 - driverClassName................."com.mysql.cj.jdbc.Driver"
2024-05-24 19:29:41 - exceptionOverrideClassName......none
2024-05-24 19:29:41 - healthCheckProperties...........{}
2024-05-24 19:29:41 - healthCheckRegistry.............none
2024-05-24 19:29:41 - idleTimeout.....................600000
2024-05-24 19:29:41 - initializationFailTimeout.......1
2024-05-24 19:29:41 - isolateInternalQueries..........false
2024-05-24 19:29:41 - jdbcUrl.........................jdbc:mysql://localhost:3306/crm
2024-05-24 19:29:41 - keepaliveTime...................0
2024-05-24 19:29:41 - leakDetectionThreshold..........0
2024-05-24 19:29:41 - maxLifetime.....................1800000
2024-05-24 19:29:41 - maximumPoolSize.................10
2024-05-24 19:29:41 - metricRegistry..................none
2024-05-24 19:29:41 - metricsTrackerFactory...........none
2024-05-24 19:29:41 - minimumIdle.....................10
2024-05-24 19:29:41 - password........................<masked>
2024-05-24 19:29:41 - poolName........................"HikariPool-1"
2024-05-24 19:29:41 - readOnly........................false
2024-05-24 19:29:41 - registerMbeans..................false
2024-05-24 19:29:41 - scheduledExecutor...............none
2024-05-24 19:29:41 - schema..........................none
2024-05-24 19:29:41 - threadFactory...................internal
2024-05-24 19:29:41 - transactionIsolation............default
2024-05-24 19:29:41 - username........................"root"
2024-05-24 19:29:41 - validationTimeout...............5000
2024-05-24 19:29:41 - HikariPool-1 - Starting...
2024-05-24 19:29:42 - HikariPool-1 - Added connection com.mysql.cj.jdbc.ConnectionImpl@6c6379c
2024-05-24 19:29:42 - HikariPool-1 - Start completed.
2024-05-24 19:29:42 - Database ->
       name : MySQL
    version : 8.3.0
      major : 8
      minor : 3
2024-05-24 19:29:42 - Driver ->
       name : MySQL Connector/J
    version : mysql-connector-j-8.3.0 (Revision: 805f872a57875f311cb82487efcfb070411a3fa0)
      major : 8
      minor : 3
2024-05-24 19:29:42 - JDBC version : 4.2
2024-05-24 19:29:42 - HHH90000025: MySQLDialect does not need to be specified explicitly using 'hibernate.dialect' (remove the property setting and it will be selected by default)
2024-05-24 19:29:42 - HHH035001: Using dialect: org.hibernate.dialect.MySQLDialect, version: 8.3
2024-05-24 19:29:42 - JDBC driver metadata reported database stores quoted identifiers in more than one case
2024-05-24 19:29:42 - IdentifierCaseStrategy for both quoted and unquoted identifiers was set to the same strategy [MIXED]; that will likely lead to problems in schema update and validation if using quoted identifiers
2024-05-24 19:29:42 - addDescriptor(12, org.hibernate.type.descriptor.sql.internal.CapacityDependentDdlType@150f41b9) replaced previous registration(org.hibernate.type.descriptor.sql.internal.CapacityDependentDdlType@6e364f1f)
2024-05-24 19:29:42 - addDescriptor(-9, org.hibernate.type.descriptor.sql.internal.CapacityDependentDdlType@429e7914) replaced previous registration(org.hibernate.type.descriptor.sql.internal.CapacityDependentDdlType@298263fa)
2024-05-24 19:29:42 - addDescriptor(-3, org.hibernate.type.descriptor.sql.internal.CapacityDependentDdlType@466fedfa) replaced previous registration(org.hibernate.type.descriptor.sql.internal.CapacityDependentDdlType@1a7d0c9f)
2024-05-24 19:29:42 - addDescriptor(4003, org.hibernate.type.descriptor.sql.internal.DdlTypeImpl@2b1a901d) replaced previous registration(org.hibernate.type.descriptor.sql.internal.DdlTypeImpl@11bdab37)
2024-05-24 19:29:42 - addDescriptor(4001, org.hibernate.type.descriptor.sql.internal.DdlTypeImpl@280484c7) replaced previous registration(org.hibernate.type.descriptor.sql.internal.DdlTypeImpl@5a6f6cac)
2024-05-24 19:29:42 - addDescriptor(4002, org.hibernate.type.descriptor.sql.internal.DdlTypeImpl@258a8584) replaced previous registration(org.hibernate.type.descriptor.sql.internal.DdlTypeImpl@59127611)
2024-05-24 19:29:42 - addDescriptor(2004, org.hibernate.type.descriptor.sql.internal.CapacityDependentDdlType@553ce348) replaced previous registration(org.hibernate.type.descriptor.sql.internal.DdlTypeImpl@7417ef4f)
2024-05-24 19:29:42 - addDescriptor(2005, org.hibernate.type.descriptor.sql.internal.CapacityDependentDdlType@5c0e2ec) replaced previous registration(org.hibernate.type.descriptor.sql.internal.DdlTypeImpl@4fa8bebb)
2024-05-24 19:29:42 - addDescriptor(2011, org.hibernate.type.descriptor.sql.internal.CapacityDependentDdlType@7d3c22a5) replaced previous registration(org.hibernate.type.descriptor.sql.internal.DdlTypeImpl@369ad7da)
2024-05-24 19:29:42 - addDescriptor(NCharTypeDescriptor) replaced previous registration(CharTypeDescriptor)
2024-05-24 19:29:42 - addDescriptor(NVarcharTypeDescriptor) replaced previous registration(VarcharTypeDescriptor)
2024-05-24 19:29:42 - addDescriptor(LongNVarcharTypeDescriptor) replaced previous registration(LongVarcharTypeDescriptor)
2024-05-24 19:29:42 - addDescriptor(NClobTypeDescriptor(DEFAULT)) replaced previous registration(ClobTypeDescriptor(DEFAULT))
2024-05-24 19:29:42 - addDescriptor(2005, ClobTypeDescriptor(STREAM_BINDING)) replaced previous registration(ClobTypeDescriptor(DEFAULT))
2024-05-24 19:29:42 - Adding type registration null -> org.hibernate.type.NullType@298e002d
2024-05-24 19:29:42 - Type registration key [null] overrode previous entry : `org.hibernate.type.NullType@601eb4af`
2024-05-24 19:29:42 - Adding type registration org.hibernate.type.DurationType -> basicType@1(java.time.Duration,3015)
2024-05-24 19:29:42 - Adding type registration Duration -> basicType@1(java.time.Duration,3015)
2024-05-24 19:29:42 - Adding type registration java.time.Duration -> basicType@1(java.time.Duration,3015)
2024-05-24 19:29:42 - Adding type registration org.hibernate.type.OffsetDateTimeType -> basicType@2(java.time.OffsetDateTime,3003)
2024-05-24 19:29:42 - Adding type registration OffsetDateTime -> basicType@2(java.time.OffsetDateTime,3003)
2024-05-24 19:29:42 - Adding type registration java.time.OffsetDateTime -> basicType@2(java.time.OffsetDateTime,3003)
2024-05-24 19:29:42 - Adding type registration org.hibernate.type.ZonedDateTimeType -> basicType@3(java.time.ZonedDateTime,3003)
2024-05-24 19:29:42 - Adding type registration ZonedDateTime -> basicType@3(java.time.ZonedDateTime,3003)
2024-05-24 19:29:42 - Adding type registration java.time.ZonedDateTime -> basicType@3(java.time.ZonedDateTime,3003)
2024-05-24 19:29:42 - Adding type registration org.hibernate.type.OffsetTimeType -> basicType@4(java.time.OffsetTime,3007)
2024-05-24 19:29:42 - Adding type registration OffsetTime -> basicType@4(java.time.OffsetTime,3007)
2024-05-24 19:29:42 - Adding type registration java.time.OffsetTime -> basicType@4(java.time.OffsetTime,3007)
2024-05-24 19:29:42 - Scoping TypeConfiguration [org.hibernate.type.spi.TypeConfiguration@194224ca] to MetadataBuildingContext [org.hibernate.boot.internal.MetadataBuildingContextRootImpl@254e9709]
2024-05-24 19:29:42 - Created database namespace [logicalName=Name{catalog=null, schema=null}, physicalName=Name{catalog=null, schema=null}]
2024-05-24 19:29:42 - Binding entity from annotated class: com.CustomerRelationshipManagementSystem.entity.Customer
2024-05-24 19:29:42 - Import with entity name Customer
2024-05-24 19:29:42 - Bind entity com.CustomerRelationshipManagementSystem.entity.Customer on table customers
2024-05-24 19:29:42 - HikariPool-1 - Pool stats (total=1, active=0, idle=1, waiting=0)
2024-05-24 19:29:42 - Binding column: AnnotatedDiscriminatorColumn(column='DTYPE')
2024-05-24 19:29:42 - Binding column: AnnotatedColumn()
2024-05-24 19:29:42 - Not known whether passed class name [com.CustomerRelationshipManagementSystem.entity.Customer] is safe
2024-05-24 19:29:42 - No temp ClassLoader provided; using live ClassLoader for loading potentially unsafe class : com.CustomerRelationshipManagementSystem.entity.Customer
2024-05-24 19:29:42 - MetadataSourceProcessor property id with lazy=false
2024-05-24 19:29:42 - Attempting to locate auto-apply AttributeConverter for property [com.CustomerRelationshipManagementSystem.entity.Customer:id]
2024-05-24 19:29:42 - building BasicValue for id
2024-05-24 19:29:42 - Skipping column re-registration: customers.id
2024-05-24 19:29:42 - Building property id
2024-05-24 19:29:42 - #makeIdGenerator(BasicValue([Column(id)]), id, identity, , ...)
2024-05-24 19:29:42 - Binding column: AnnotatedColumn(column='age')
2024-05-24 19:29:42 - MetadataSourceProcessor property age with lazy=false
2024-05-24 19:29:42 - Attempting to locate auto-apply AttributeConverter for property [com.CustomerRelationshipManagementSystem.entity.Customer:age]
2024-05-24 19:29:42 - building BasicValue for age
2024-05-24 19:29:42 - Skipping column re-registration: customers.age
2024-05-24 19:29:42 - Building property age
2024-05-24 19:29:42 - Binding column: AnnotatedColumn(column='email')
2024-05-24 19:29:42 - MetadataSourceProcessor property email with lazy=false
2024-05-24 19:29:42 - Attempting to locate auto-apply AttributeConverter for property [com.CustomerRelationshipManagementSystem.entity.Customer:email]
2024-05-24 19:29:42 - building BasicValue for email
2024-05-24 19:29:42 - Skipping column re-registration: customers.email
2024-05-24 19:29:42 - Building property email
2024-05-24 19:29:42 - Binding column: AnnotatedColumn(column='first_name')
2024-05-24 19:29:42 - MetadataSourceProcessor property firstName with lazy=false
2024-05-24 19:29:42 - Attempting to locate auto-apply AttributeConverter for property [com.CustomerRelationshipManagementSystem.entity.Customer:firstName]
2024-05-24 19:29:42 - building BasicValue for firstName
2024-05-24 19:29:42 - Skipping column re-registration: customers.first_name
2024-05-24 19:29:42 - Building property firstName
2024-05-24 19:29:42 - Binding column: AnnotatedColumn(column='last_name')
2024-05-24 19:29:42 - MetadataSourceProcessor property lastName with lazy=false
2024-05-24 19:29:42 - Attempting to locate auto-apply AttributeConverter for property [com.CustomerRelationshipManagementSystem.entity.Customer:lastName]
2024-05-24 19:29:42 - building BasicValue for lastName
2024-05-24 19:29:42 - Skipping column re-registration: customers.last_name
2024-05-24 19:29:42 - Building property lastName
2024-05-24 19:29:42 - Binding column: AnnotatedColumn(column='mobile_number')
2024-05-24 19:29:42 - MetadataSourceProcessor property mobileNumber with lazy=false
2024-05-24 19:29:42 - Attempting to locate auto-apply AttributeConverter for property [com.CustomerRelationshipManagementSystem.entity.Customer:mobileNumber]
2024-05-24 19:29:42 - building BasicValue for mobileNumber
2024-05-24 19:29:42 - Skipping column re-registration: customers.mobile_number
2024-05-24 19:29:42 - Building property mobileNumber
2024-05-24 19:29:42 - HikariPool-1 - Added connection com.mysql.cj.jdbc.ConnectionImpl@c1cc8aa
2024-05-24 19:29:42 - HHH000194: Package not found or wo package-info.java: com.CustomerRelationshipManagementSystem.entity
2024-05-24 19:29:42 - Starting `BasicValueBinder#fillSimpleValue` for id
2024-05-24 19:29:42 - Starting `BasicValueBinder#fillSimpleValue` for age
2024-05-24 19:29:42 - Starting `BasicValueBinder#fillSimpleValue` for email
2024-05-24 19:29:42 - Starting `BasicValueBinder#fillSimpleValue` for firstName
2024-05-24 19:29:42 - Starting `BasicValueBinder#fillSimpleValue` for lastName
2024-05-24 19:29:42 - Starting `BasicValueBinder#fillSimpleValue` for mobileNumber
2024-05-24 19:29:42 - Forcing column [id] to be non-null as it is part of the primary key for table [customers]
2024-05-24 19:29:42 - HikariPool-1 - Added connection com.mysql.cj.jdbc.ConnectionImpl@16950a9a
2024-05-24 19:29:42 - Building session factory
2024-05-24 19:29:42 - EventListenerRegistry access via ServiceRegistry is deprecated.  Use `sessionFactory.getEventEngine().getListenerRegistry()` instead
2024-05-24 19:29:42 - Instantiating SessionFactory with settings: {java.specification.version=22, hibernate.resource.beans.container=org.springframework.orm.hibernate5.SpringBeanContainer@131d977f, hibernate.connection.handling_mode=DELAYED_ACQUISITION_AND_HOLD, sun.jnu.encoding=UTF-8, hibernate.dialect=org.hibernate.dialect.MySQLDialect, hibernate.implicit_naming_strategy=org.springframework.boot.orm.jpa.hibernate.SpringImplicitNamingStrategy, java.class.path=/Users/shivaramakrishnan/Desktop/Projects/Java_Projects/Customer_Relationship_Management_System/CustomerRelationshipManagementSystem/target/test-classes:/Users/shivaramakrishnan/Desktop/Projects/Java_Projects/Customer_Relationship_Management_System/CustomerRelationshipManagementSystem/target/classes:/Users/shivaramakrishnan/.m2/repository/org/slf4j/slf4j-api/2.0.7/slf4j-api-2.0.7.jar:/Users/shivaramakrishnan/.m2/repository/ch/qos/logback/logback-classic/1.4.6/logback-classic-1.4.6.jar:/Users/shivaramakrishnan/.m2/repository/ch/qos/logback/logback-core/1.4.14/logback-core-1.4.14.jar:/Users/shivaramakrishnan/.m2/repository/org/springframework/boot/spring-boot-starter-data-jpa/3.2.6/spring-boot-starter-data-jpa-3.2.6.jar:/Users/shivaramakrishnan/.m2/repository/org/springframework/boot/spring-boot-starter-aop/3.2.6/spring-boot-starter-aop-3.2.6.jar:/Users/shivaramakrishnan/.m2/repository/org/springframework/spring-aop/6.1.8/spring-aop-6.1.8.jar:/Users/shivaramakrishnan/.m2/repository/org/aspectj/aspectjweaver/1.9.22/aspectjweaver-1.9.22.jar:/Users/shivaramakrishnan/.m2/repository/org/springframework/boot/spring-boot-starter-jdbc/3.2.6/spring-boot-starter-jdbc-3.2.6.jar:/Users/shivaramakrishnan/.m2/repository/com/zaxxer/HikariCP/5.0.1/HikariCP-5.0.1.jar:/Users/shivaramakrishnan/.m2/repository/org/springframework/spring-jdbc/6.1.8/spring-jdbc-6.1.8.jar:/Users/shivaramakrishnan/.m2/repository/org/hibernate/orm/hibernate-core/6.4.8.Final/hibernate-core-6.4.8.Final.jar:/Users/shivaramakrishnan/.m2/repository/jakarta/persistence/jakarta.persistence-api/3.1.0/jakarta.persistence-api-3.1.0.jar:/Users/shivaramakrishnan/.m2/repository/jakarta/transaction/jakarta.transaction-api/2.0.1/jakarta.transaction-api-2.0.1.jar:/Users/shivaramakrishnan/.m2/repository/org/jboss/logging/jboss-logging/3.5.3.Final/jboss-logging-3.5.3.Final.jar:/Users/shivaramakrishnan/.m2/repository/org/hibernate/common/hibernate-commons-annotations/6.0.6.Final/hibernate-commons-annotations-6.0.6.Final.jar:/Users/shivaramakrishnan/.m2/repository/io/smallrye/jandex/3.1.2/jandex-3.1.2.jar:/Users/shivaramakrishnan/.m2/repository/com/fasterxml/classmate/1.6.0/classmate-1.6.0.jar:/Users/shivaramakrishnan/.m2/repository/net/bytebuddy/byte-buddy/1.14.16/byte-buddy-1.14.16.jar:/Users/shivaramakrishnan/.m2/repository/org/glassfish/jaxb/jaxb-runtime/4.0.5/jaxb-runtime-4.0.5.jar:/Users/shivaramakrishnan/.m2/repository/org/glassfish/jaxb/jaxb-core/4.0.5/jaxb-core-4.0.5.jar:/Users/shivaramakrishnan/.m2/repository/org/eclipse/angus/angus-activation/2.0.2/angus-activation-2.0.2.jar:/Users/shivaramakrishnan/.m2/repository/org/glassfish/jaxb/txw2/4.0.5/txw2-4.0.5.jar:/Users/shivaramakrishnan/.m2/repository/com/sun/istack/istack-commons-runtime/4.1.2/istack-commons-runtime-4.1.2.jar:/Users/shivaramakrishnan/.m2/repository/jakarta/inject/jakarta.inject-api/2.0.1/jakarta.inject-api-2.0.1.jar:/Users/shivaramakrishnan/.m2/repository/org/antlr/antlr4-runtime/4.13.0/antlr4-runtime-4.13.0.jar:/Users/shivaramakrishnan/.m2/repository/org/springframework/data/spring-data-jpa/3.2.6/spring-data-jpa-3.2.6.jar:/Users/shivaramakrishnan/.m2/repository/org/springframework/data/spring-data-commons/3.2.6/spring-data-commons-3.2.6.jar:/Users/shivaramakrishnan/.m2/repository/org/springframework/spring-orm/6.1.8/spring-orm-6.1.8.jar:/Users/shivaramakrishnan/.m2/repository/org/springframework/spring-context/6.1.8/spring-context-6.1.8.jar:/Users/shivaramakrishnan/.m2/repository/org/springframework/spring-tx/6.1.8/spring-tx-6.1.8.jar:/Users/shivaramakrishnan/.m2/repository/org/springframework/spring-beans/6.1.8/spring-beans-6.1.8.jar:/Users/shivaramakrishnan/.m2/repository/jakarta/annotation/jakarta.annotation-api/2.1.1/jakarta.annotation-api-2.1.1.jar:/Users/shivaramakrishnan/.m2/repository/org/springframework/spring-aspects/6.1.8/spring-aspects-6.1.8.jar:/Users/shivaramakrishnan/.m2/repository/org/springframework/boot/spring-boot-starter-web/3.2.6/spring-boot-starter-web-3.2.6.jar:/Users/shivaramakrishnan/.m2/repository/org/springframework/boot/spring-boot-starter/3.2.6/spring-boot-starter-3.2.6.jar:/Users/shivaramakrishnan/.m2/repository/org/springframework/boot/spring-boot-starter-logging/3.2.6/spring-boot-starter-logging-3.2.6.jar:/Users/shivaramakrishnan/.m2/repository/org/apache/logging/log4j/log4j-to-slf4j/2.21.1/log4j-to-slf4j-2.21.1.jar:/Users/shivaramakrishnan/.m2/repository/org/apache/logging/log4j/log4j-api/2.21.1/log4j-api-2.21.1.jar:/Users/shivaramakrishnan/.m2/repository/org/slf4j/jul-to-slf4j/2.0.13/jul-to-slf4j-2.0.13.jar:/Users/shivaramakrishnan/.m2/repository/org/yaml/snakeyaml/2.2/snakeyaml-2.2.jar:/Users/shivaramakrishnan/.m2/repository/org/springframework/boot/spring-boot-starter-json/3.2.6/spring-boot-starter-json-3.2.6.jar:/Users/shivaramakrishnan/.m2/repository/com/fasterxml/jackson/core/jackson-databind/2.15.4/jackson-databind-2.15.4.jar:/Users/shivaramakrishnan/.m2/repository/com/fasterxml/jackson/core/jackson-annotations/2.15.4/jackson-annotations-2.15.4.jar:/Users/shivaramakrishnan/.m2/repository/com/fasterxml/jackson/core/jackson-core/2.15.4/jackson-core-2.15.4.jar:/Users/shivaramakrishnan/.m2/repository/com/fasterxml/jackson/datatype/jackson-datatype-jdk8/2.15.4/jackson-datatype-jdk8-2.15.4.jar:/Users/shivaramakrishnan/.m2/repository/com/fasterxml/jackson/datatype/jackson-datatype-jsr310/2.15.4/jackson-datatype-jsr310-2.15.4.jar:/Users/shivaramakrishnan/.m2/repository/com/fasterxml/jackson/module/jackson-module-parameter-names/2.15.4/jackson-module-parameter-names-2.15.4.jar:/Users/shivaramakrishnan/.m2/repository/org/springframework/boot/spring-boot-starter-tomcat/3.2.6/spring-boot-starter-tomcat-3.2.6.jar:/Users/shivaramakrishnan/.m2/repository/org/apache/tomcat/embed/tomcat-embed-core/10.1.24/tomcat-embed-core-10.1.24.jar:/Users/shivaramakrishnan/.m2/repository/org/apache/tomcat/embed/tomcat-embed-el/10.1.24/tomcat-embed-el-10.1.24.jar:/Users/shivaramakrishnan/.m2/repository/org/apache/tomcat/embed/tomcat-embed-websocket/10.1.24/tomcat-embed-websocket-10.1.24.jar:/Users/shivaramakrishnan/.m2/repository/org/springframework/spring-web/6.1.8/spring-web-6.1.8.jar:/Users/shivaramakrishnan/.m2/repository/io/micrometer/micrometer-observation/1.12.6/micrometer-observation-1.12.6.jar:/Users/shivaramakrishnan/.m2/repository/io/micrometer/micrometer-commons/1.12.6/micrometer-commons-1.12.6.jar:/Users/shivaramakrishnan/.m2/repository/org/springframework/spring-webmvc/6.1.8/spring-webmvc-6.1.8.jar:/Users/shivaramakrishnan/.m2/repository/org/springframework/spring-expression/6.1.8/spring-expression-6.1.8.jar:/Users/shivaramakrishnan/.m2/repository/org/springframework/boot/spring-boot-devtools/3.2.6/spring-boot-devtools-3.2.6.jar:/Users/shivaramakrishnan/.m2/repository/org/springframework/boot/spring-boot/3.2.6/spring-boot-3.2.6.jar:/Users/shivaramakrishnan/.m2/repository/org/springframework/boot/spring-boot-autoconfigure/3.2.6/spring-boot-autoconfigure-3.2.6.jar:/Users/shivaramakrishnan/.m2/repository/com/mysql/mysql-connector-j/8.3.0/mysql-connector-j-8.3.0.jar:/Users/shivaramakrishnan/.m2/repository/org/projectlombok/lombok/1.18.32/lombok-1.18.32.jar:/Users/shivaramakrishnan/.m2/repository/org/springframework/boot/spring-boot-starter-test/3.2.6/spring-boot-starter-test-3.2.6.jar:/Users/shivaramakrishnan/.m2/repository/org/springframework/boot/spring-boot-test/3.2.6/spring-boot-test-3.2.6.jar:/Users/shivaramakrishnan/.m2/repository/org/springframework/boot/spring-boot-test-autoconfigure/3.2.6/spring-boot-test-autoconfigure-3.2.6.jar:/Users/shivaramakrishnan/.m2/repository/com/jayway/jsonpath/json-path/2.9.0/json-path-2.9.0.jar:/Users/shivaramakrishnan/.m2/repository/jakarta/xml/bind/jakarta.xml.bind-api/4.0.2/jakarta.xml.bind-api-4.0.2.jar:/Users/shivaramakrishnan/.m2/repository/jakarta/activation/jakarta.activation-api/2.1.3/jakarta.activation-api-2.1.3.jar:/Users/shivaramakrishnan/.m2/repository/net/minidev/json-smart/2.5.1/json-smart-2.5.1.jar:/Users/shivaramakrishnan/.m2/repository/net/minidev/accessors-smart/2.5.1/accessors-smart-2.5.1.jar:/Users/shivaramakrishnan/.m2/repository/org/ow2/asm/asm/9.6/asm-9.6.jar:/Users/shivaramakrishnan/.m2/repository/org/assertj/assertj-core/3.24.2/assertj-core-3.24.2.jar:/Users/shivaramakrishnan/.m2/repository/org/awaitility/awaitility/4.2.1/awaitility-4.2.1.jar:/Users/shivaramakrishnan/.m2/repository/org/hamcrest/hamcrest/2.2/hamcrest-2.2.jar:/Users/shivaramakrishnan/.m2/repository/org/junit/jupiter/junit-jupiter/5.10.2/junit-jupiter-5.10.2.jar:/Users/shivaramakrishnan/.m2/repository/org/junit/jupiter/junit-jupiter-api/5.10.2/junit-jupiter-api-5.10.2.jar:/Users/shivaramakrishnan/.m2/repository/org/opentest4j/opentest4j/1.3.0/opentest4j-1.3.0.jar:/Users/shivaramakrishnan/.m2/repository/org/junit/platform/junit-platform-commons/1.10.2/junit-platform-commons-1.10.2.jar:/Users/shivaramakrishnan/.m2/repository/org/apiguardian/apiguardian-api/1.1.2/apiguardian-api-1.1.2.jar:/Users/shivaramakrishnan/.m2/repository/org/junit/jupiter/junit-jupiter-params/5.10.2/junit-jupiter-params-5.10.2.jar:/Users/shivaramakrishnan/.m2/repository/org/junit/jupiter/junit-jupiter-engine/5.10.2/junit-jupiter-engine-5.10.2.jar:/Users/shivaramakrishnan/.m2/repository/org/junit/platform/junit-platform-engine/1.10.2/junit-platform-engine-1.10.2.jar:/Users/shivaramakrishnan/.m2/repository/org/mockito/mockito-core/5.7.0/mockito-core-5.7.0.jar:/Users/shivaramakrishnan/.m2/repository/net/bytebuddy/byte-buddy-agent/1.14.16/byte-buddy-agent-1.14.16.jar:/Users/shivaramakrishnan/.m2/repository/org/objenesis/objenesis/3.3/objenesis-3.3.jar:/Users/shivaramakrishnan/.m2/repository/org/mockito/mockito-junit-jupiter/5.7.0/mockito-junit-jupiter-5.7.0.jar:/Users/shivaramakrishnan/.m2/repository/org/skyscreamer/jsonassert/1.5.1/jsonassert-1.5.1.jar:/Users/shivaramakrishnan/.m2/repository/com/vaadin/external/google/android-json/0.0.20131108.vaadin1/android-json-0.0.20131108.vaadin1.jar:/Users/shivaramakrishnan/.m2/repository/org/springframework/spring-core/6.1.8/spring-core-6.1.8.jar:/Users/shivaramakrishnan/.m2/repository/org/springframework/spring-jcl/6.1.8/spring-jcl-6.1.8.jar:/Users/shivaramakrishnan/.m2/repository/org/springframework/spring-test/6.1.8/spring-test-6.1.8.jar:/Users/shivaramakrishnan/.m2/repository/org/xmlunit/xmlunit-core/2.9.1/xmlunit-core-2.9.1.jar:, java.vm.vendor=Oracle Corporation, sun.arch.data.model=64, java.vendor.url=https://java.oracle.com/, user.timezone=America/Los_Angeles, jakarta.persistence.sharedCache.mode=UNSPECIFIED, org.jboss.logging.provider=slf4j, java.vm.specification.version=22, os.name=Mac OS X, jakarta.persistence.nonJtaDataSource=HikariDataSource (HikariPool-1), sun.java.launcher=SUN_STANDARD, user.country=US, sun.boot.library.path=/Library/Java/JavaVirtualMachines/jdk-22.jdk/Contents/Home/lib, sun.java.command=/Users/shivaramakrishnan/Desktop/Projects/Java_Projects/Customer_Relationship_Management_System/CustomerRelationshipManagementSystem/target/surefire/surefirebooter-20240524192940115_3.jar /Users/shivaramakrishnan/Desktop/Projects/Java_Projects/Customer_Relationship_Management_System/CustomerRelationshipManagementSystem/target/surefire 2024-05-24T19-29-39_320-jvmRun1 surefire-20240524192940115_1tmp surefire_0-20240524192940115_2tmp, javax.persistence.nonJtaDataSource=HikariDataSource (HikariPool-1), hibernate.transaction.jta.platform=org.hibernate.engine.transaction.jta.platform.internal.NoJtaPlatform@616f81b5, http.nonProxyHosts=local|*.local|169.254/16|*.169.254/16, jdk.debug=release, surefire.test.class.path=/Users/shivaramakrishnan/Desktop/Projects/Java_Projects/Customer_Relationship_Management_System/CustomerRelationshipManagementSystem/target/test-classes:/Users/shivaramakrishnan/Desktop/Projects/Java_Projects/Customer_Relationship_Management_System/CustomerRelationshipManagementSystem/target/classes:/Users/shivaramakrishnan/.m2/repository/org/slf4j/slf4j-api/2.0.7/slf4j-api-2.0.7.jar:/Users/shivaramakrishnan/.m2/repository/ch/qos/logback/logback-classic/1.4.6/logback-classic-1.4.6.jar:/Users/shivaramakrishnan/.m2/repository/ch/qos/logback/logback-core/1.4.14/logback-core-1.4.14.jar:/Users/shivaramakrishnan/.m2/repository/org/springframework/boot/spring-boot-starter-data-jpa/3.2.6/spring-boot-starter-data-jpa-3.2.6.jar:/Users/shivaramakrishnan/.m2/repository/org/springframework/boot/spring-boot-starter-aop/3.2.6/spring-boot-starter-aop-3.2.6.jar:/Users/shivaramakrishnan/.m2/repository/org/springframework/spring-aop/6.1.8/spring-aop-6.1.8.jar:/Users/shivaramakrishnan/.m2/repository/org/aspectj/aspectjweaver/1.9.22/aspectjweaver-1.9.22.jar:/Users/shivaramakrishnan/.m2/repository/org/springframework/boot/spring-boot-starter-jdbc/3.2.6/spring-boot-starter-jdbc-3.2.6.jar:/Users/shivaramakrishnan/.m2/repository/com/zaxxer/HikariCP/5.0.1/HikariCP-5.0.1.jar:/Users/shivaramakrishnan/.m2/repository/org/springframework/spring-jdbc/6.1.8/spring-jdbc-6.1.8.jar:/Users/shivaramakrishnan/.m2/repository/org/hibernate/orm/hibernate-core/6.4.8.Final/hibernate-core-6.4.8.Final.jar:/Users/shivaramakrishnan/.m2/repository/jakarta/persistence/jakarta.persistence-api/3.1.0/jakarta.persistence-api-3.1.0.jar:/Users/shivaramakrishnan/.m2/repository/jakarta/transaction/jakarta.transaction-api/2.0.1/jakarta.transaction-api-2.0.1.jar:/Users/shivaramakrishnan/.m2/repository/org/jboss/logging/jboss-logging/3.5.3.Final/jboss-logging-3.5.3.Final.jar:/Users/shivaramakrishnan/.m2/repository/org/hibernate/common/hibernate-commons-annotations/6.0.6.Final/hibernate-commons-annotations-6.0.6.Final.jar:/Users/shivaramakrishnan/.m2/repository/io/smallrye/jandex/3.1.2/jandex-3.1.2.jar:/Users/shivaramakrishnan/.m2/repository/com/fasterxml/classmate/1.6.0/classmate-1.6.0.jar:/Users/shivaramakrishnan/.m2/repository/net/bytebuddy/byte-buddy/1.14.16/byte-buddy-1.14.16.jar:/Users/shivaramakrishnan/.m2/repository/org/glassfish/jaxb/jaxb-runtime/4.0.5/jaxb-runtime-4.0.5.jar:/Users/shivaramakrishnan/.m2/repository/org/glassfish/jaxb/jaxb-core/4.0.5/jaxb-core-4.0.5.jar:/Users/shivaramakrishnan/.m2/repository/org/eclipse/angus/angus-activation/2.0.2/angus-activation-2.0.2.jar:/Users/shivaramakrishnan/.m2/repository/org/glassfish/jaxb/txw2/4.0.5/txw2-4.0.5.jar:/Users/shivaramakrishnan/.m2/repository/com/sun/istack/istack-commons-runtime/4.1.2/istack-commons-runtime-4.1.2.jar:/Users/shivaramakrishnan/.m2/repository/jakarta/inject/jakarta.inject-api/2.0.1/jakarta.inject-api-2.0.1.jar:/Users/shivaramakrishnan/.m2/repository/org/antlr/antlr4-runtime/4.13.0/antlr4-runtime-4.13.0.jar:/Users/shivaramakrishnan/.m2/repository/org/springframework/data/spring-data-jpa/3.2.6/spring-data-jpa-3.2.6.jar:/Users/shivaramakrishnan/.m2/repository/org/springframework/data/spring-data-commons/3.2.6/spring-data-commons-3.2.6.jar:/Users/shivaramakrishnan/.m2/repository/org/springframework/spring-orm/6.1.8/spring-orm-6.1.8.jar:/Users/shivaramakrishnan/.m2/repository/org/springframework/spring-context/6.1.8/spring-context-6.1.8.jar:/Users/shivaramakrishnan/.m2/repository/org/springframework/spring-tx/6.1.8/spring-tx-6.1.8.jar:/Users/shivaramakrishnan/.m2/repository/org/springframework/spring-beans/6.1.8/spring-beans-6.1.8.jar:/Users/shivaramakrishnan/.m2/repository/jakarta/annotation/jakarta.annotation-api/2.1.1/jakarta.annotation-api-2.1.1.jar:/Users/shivaramakrishnan/.m2/repository/org/springframework/spring-aspects/6.1.8/spring-aspects-6.1.8.jar:/Users/shivaramakrishnan/.m2/repository/org/springframework/boot/spring-boot-starter-web/3.2.6/spring-boot-starter-web-3.2.6.jar:/Users/shivaramakrishnan/.m2/repository/org/springframework/boot/spring-boot-starter/3.2.6/spring-boot-starter-3.2.6.jar:/Users/shivaramakrishnan/.m2/repository/org/springframework/boot/spring-boot-starter-logging/3.2.6/spring-boot-starter-logging-3.2.6.jar:/Users/shivaramakrishnan/.m2/repository/org/apache/logging/log4j/log4j-to-slf4j/2.21.1/log4j-to-slf4j-2.21.1.jar:/Users/shivaramakrishnan/.m2/repository/org/apache/logging/log4j/log4j-api/2.21.1/log4j-api-2.21.1.jar:/Users/shivaramakrishnan/.m2/repository/org/slf4j/jul-to-slf4j/2.0.13/jul-to-slf4j-2.0.13.jar:/Users/shivaramakrishnan/.m2/repository/org/yaml/snakeyaml/2.2/snakeyaml-2.2.jar:/Users/shivaramakrishnan/.m2/repository/org/springframework/boot/spring-boot-starter-json/3.2.6/spring-boot-starter-json-3.2.6.jar:/Users/shivaramakrishnan/.m2/repository/com/fasterxml/jackson/core/jackson-databind/2.15.4/jackson-databind-2.15.4.jar:/Users/shivaramakrishnan/.m2/repository/com/fasterxml/jackson/core/jackson-annotations/2.15.4/jackson-annotations-2.15.4.jar:/Users/shivaramakrishnan/.m2/repository/com/fasterxml/jackson/core/jackson-core/2.15.4/jackson-core-2.15.4.jar:/Users/shivaramakrishnan/.m2/repository/com/fasterxml/jackson/datatype/jackson-datatype-jdk8/2.15.4/jackson-datatype-jdk8-2.15.4.jar:/Users/shivaramakrishnan/.m2/repository/com/fasterxml/jackson/datatype/jackson-datatype-jsr310/2.15.4/jackson-datatype-jsr310-2.15.4.jar:/Users/shivaramakrishnan/.m2/repository/com/fasterxml/jackson/module/jackson-module-parameter-names/2.15.4/jackson-module-parameter-names-2.15.4.jar:/Users/shivaramakrishnan/.m2/repository/org/springframework/boot/spring-boot-starter-tomcat/3.2.6/spring-boot-starter-tomcat-3.2.6.jar:/Users/shivaramakrishnan/.m2/repository/org/apache/tomcat/embed/tomcat-embed-core/10.1.24/tomcat-embed-core-10.1.24.jar:/Users/shivaramakrishnan/.m2/repository/org/apache/tomcat/embed/tomcat-embed-el/10.1.24/tomcat-embed-el-10.1.24.jar:/Users/shivaramakrishnan/.m2/repository/org/apache/tomcat/embed/tomcat-embed-websocket/10.1.24/tomcat-embed-websocket-10.1.24.jar:/Users/shivaramakrishnan/.m2/repository/org/springframework/spring-web/6.1.8/spring-web-6.1.8.jar:/Users/shivaramakrishnan/.m2/repository/io/micrometer/micrometer-observation/1.12.6/micrometer-observation-1.12.6.jar:/Users/shivaramakrishnan/.m2/repository/io/micrometer/micrometer-commons/1.12.6/micrometer-commons-1.12.6.jar:/Users/shivaramakrishnan/.m2/repository/org/springframework/spring-webmvc/6.1.8/spring-webmvc-6.1.8.jar:/Users/shivaramakrishnan/.m2/repository/org/springframework/spring-expression/6.1.8/spring-expression-6.1.8.jar:/Users/shivaramakrishnan/.m2/repository/org/springframework/boot/spring-boot-devtools/3.2.6/spring-boot-devtools-3.2.6.jar:/Users/shivaramakrishnan/.m2/repository/org/springframework/boot/spring-boot/3.2.6/spring-boot-3.2.6.jar:/Users/shivaramakrishnan/.m2/repository/org/springframework/boot/spring-boot-autoconfigure/3.2.6/spring-boot-autoconfigure-3.2.6.jar:/Users/shivaramakrishnan/.m2/repository/com/mysql/mysql-connector-j/8.3.0/mysql-connector-j-8.3.0.jar:/Users/shivaramakrishnan/.m2/repository/org/projectlombok/lombok/1.18.32/lombok-1.18.32.jar:/Users/shivaramakrishnan/.m2/repository/org/springframework/boot/spring-boot-starter-test/3.2.6/spring-boot-starter-test-3.2.6.jar:/Users/shivaramakrishnan/.m2/repository/org/springframework/boot/spring-boot-test/3.2.6/spring-boot-test-3.2.6.jar:/Users/shivaramakrishnan/.m2/repository/org/springframework/boot/spring-boot-test-autoconfigure/3.2.6/spring-boot-test-autoconfigure-3.2.6.jar:/Users/shivaramakrishnan/.m2/repository/com/jayway/jsonpath/json-path/2.9.0/json-path-2.9.0.jar:/Users/shivaramakrishnan/.m2/repository/jakarta/xml/bind/jakarta.xml.bind-api/4.0.2/jakarta.xml.bind-api-4.0.2.jar:/Users/shivaramakrishnan/.m2/repository/jakarta/activation/jakarta.activation-api/2.1.3/jakarta.activation-api-2.1.3.jar:/Users/shivaramakrishnan/.m2/repository/net/minidev/json-smart/2.5.1/json-smart-2.5.1.jar:/Users/shivaramakrishnan/.m2/repository/net/minidev/accessors-smart/2.5.1/accessors-smart-2.5.1.jar:/Users/shivaramakrishnan/.m2/repository/org/ow2/asm/asm/9.6/asm-9.6.jar:/Users/shivaramakrishnan/.m2/repository/org/assertj/assertj-core/3.24.2/assertj-core-3.24.2.jar:/Users/shivaramakrishnan/.m2/repository/org/awaitility/awaitility/4.2.1/awaitility-4.2.1.jar:/Users/shivaramakrishnan/.m2/repository/org/hamcrest/hamcrest/2.2/hamcrest-2.2.jar:/Users/shivaramakrishnan/.m2/repository/org/junit/jupiter/junit-jupiter/5.10.2/junit-jupiter-5.10.2.jar:/Users/shivaramakrishnan/.m2/repository/org/junit/jupiter/junit-jupiter-api/5.10.2/junit-jupiter-api-5.10.2.jar:/Users/shivaramakrishnan/.m2/repository/org/opentest4j/opentest4j/1.3.0/opentest4j-1.3.0.jar:/Users/shivaramakrishnan/.m2/repository/org/junit/platform/junit-platform-commons/1.10.2/junit-platform-commons-1.10.2.jar:/Users/shivaramakrishnan/.m2/repository/org/apiguardian/apiguardian-api/1.1.2/apiguardian-api-1.1.2.jar:/Users/shivaramakrishnan/.m2/repository/org/junit/jupiter/junit-jupiter-params/5.10.2/junit-jupiter-params-5.10.2.jar:/Users/shivaramakrishnan/.m2/repository/org/junit/jupiter/junit-jupiter-engine/5.10.2/junit-jupiter-engine-5.10.2.jar:/Users/shivaramakrishnan/.m2/repository/org/junit/platform/junit-platform-engine/1.10.2/junit-platform-engine-1.10.2.jar:/Users/shivaramakrishnan/.m2/repository/org/mockito/mockito-core/5.7.0/mockito-core-5.7.0.jar:/Users/shivaramakrishnan/.m2/repository/net/bytebuddy/byte-buddy-agent/1.14.16/byte-buddy-agent-1.14.16.jar:/Users/shivaramakrishnan/.m2/repository/org/objenesis/objenesis/3.3/objenesis-3.3.jar:/Users/shivaramakrishnan/.m2/repository/org/mockito/mockito-junit-jupiter/5.7.0/mockito-junit-jupiter-5.7.0.jar:/Users/shivaramakrishnan/.m2/repository/org/skyscreamer/jsonassert/1.5.1/jsonassert-1.5.1.jar:/Users/shivaramakrishnan/.m2/repository/com/vaadin/external/google/android-json/0.0.20131108.vaadin1/android-json-0.0.20131108.vaadin1.jar:/Users/shivaramakrishnan/.m2/repository/org/springframework/spring-core/6.1.8/spring-core-6.1.8.jar:/Users/shivaramakrishnan/.m2/repository/org/springframework/spring-jcl/6.1.8/spring-jcl-6.1.8.jar:/Users/shivaramakrishnan/.m2/repository/org/springframework/spring-test/6.1.8/spring-test-6.1.8.jar:/Users/shivaramakrishnan/.m2/repository/org/xmlunit/xmlunit-core/2.9.1/xmlunit-core-2.9.1.jar:, sun.cpu.endian=little, hibernate.cdi.extensions=true, user.home=/Users/shivaramakrishnan, user.language=en, java.specification.vendor=Oracle Corporation, java.version.date=2024-04-16, java.home=/Library/Java/JavaVirtualMachines/jdk-22.jdk/Contents/Home, file.separator=/, basedir=/Users/shivaramakrishnan/Desktop/Projects/Java_Projects/Customer_Relationship_Management_System/CustomerRelationshipManagementSystem, java.vm.compressedOopsMode=Zero based, line.separator=
, hibernate.persistenceUnitName=default, java.vm.specification.vendor=Oracle Corporation, java.specification.name=Java Platform API Specification, FILE_LOG_CHARSET=UTF-8, hibernate.transaction.coordinator_class=class org.hibernate.resource.transaction.backend.jdbc.internal.JdbcResourceLocalTransactionCoordinatorBuilderImpl, java.awt.headless=true, apple.awt.application.name=ForkedBooter, surefire.real.class.path=/Users/shivaramakrishnan/Desktop/Projects/Java_Projects/Customer_Relationship_Management_System/CustomerRelationshipManagementSystem/target/surefire/surefirebooter-20240524192940115_3.jar, jakarta.persistence.validation.mode=AUTO, hibernate.hbm2ddl.auto=update, sun.management.compiler=HotSpot 64-Bit Tiered Compilers, ftp.nonProxyHosts=local|*.local|169.254/16|*.169.254/16, java.runtime.version=22.0.1+8-16, user.name=shivaramakrishnan, stdout.encoding=UTF-8, path.separator=:, os.version=14.4.1, java.runtime.name=Java(TM) SE Runtime Environment, file.encoding=UTF-8, java.vm.name=Java HotSpot(TM) 64-Bit Server VM, hibernate.show_sql=true, localRepository=/Users/shivaramakrishnan/.m2/repository, java.vendor.url.bug=https://bugreport.java.com/bugreport/, java.io.tmpdir=/var/folders/y3/lrjhnpmx227bmsf7yrlv415w0000gn/T/, idea.version=2024.1.2, java.version=22.0.1, hibernate.physical_naming_strategy=org.hibernate.boot.model.naming.CamelCaseToUnderscoresNamingStrategy, user.dir=/Users/shivaramakrishnan/Desktop/Projects/Java_Projects/Customer_Relationship_Management_System/CustomerRelationshipManagementSystem, os.arch=aarch64, java.vm.specification.name=Java Virtual Machine Specification, PID=92066, CONSOLE_LOG_CHARSET=UTF-8, hibernate.boot.CfgXmlAccessService.key=org.hibernate.boot.registry.StandardServiceRegistryBuilder$1@4f552aa2, native.encoding=UTF-8, java.library.path=/Users/shivaramakrishnan/Library/Java/Extensions:/Library/Java/Extensions:/Network/Library/Java/Extensions:/System/Library/Java/Extensions:/usr/lib/java:., stderr.encoding=UTF-8, java.vendor=Oracle Corporation, java.vm.info=mixed mode, sharing, java.vm.version=22.0.1+8-16, sun.io.unicode.encoding=UnicodeBig, hibernate.archive.scanner=org.hibernate.boot.archive.scan.internal.DisabledScanner, hibernate.connection.datasource=HikariDataSource (HikariPool-1), socksNonProxyHosts=local|*.local|169.254/16|*.169.254/16, java.class.version=66.0, LOGGED_APPLICATION_NAME=[CustomerRelationshipManagementSystem] }
2024-05-24 19:29:42 - HikariPool-1 - Added connection com.mysql.cj.jdbc.ConnectionImpl@6e785fca
2024-05-24 19:29:42 - Session factory constructed with filter configurations : {}
2024-05-24 19:29:42 - Registered SqmFunctionTemplate [NamedSqmFunctionTemplate(max)] under max; prior registration was null
2024-05-24 19:29:42 - Registered SqmFunctionTemplate [NamedSqmFunctionTemplate(min)] under min; prior registration was null
2024-05-24 19:29:42 - Registered SqmFunctionTemplate [NamedSqmFunctionTemplate(sum)] under sum; prior registration was null
2024-05-24 19:29:42 - Registered SqmFunctionTemplate [NamedSqmFunctionTemplate(avg)] under avg; prior registration was null
2024-05-24 19:29:42 - Registered SqmFunctionTemplate [org.hibernate.dialect.function.CountFunction@1c2cdc67] under count; prior registration was null
2024-05-24 19:29:42 - Registered SqmFunctionTemplate [org.hibernate.dialect.function.EveryAnyEmulation@1f4dd016] under every; prior registration was null
2024-05-24 19:29:42 - Registered SqmFunctionTemplate [org.hibernate.dialect.function.EveryAnyEmulation@396f2724] under any; prior registration was null
2024-05-24 19:29:42 - Registered SqmFunctionTemplate [NamedSqmFunctionTemplate(floor)] under floor; prior registration was null
2024-05-24 19:29:42 - Registered SqmFunctionTemplate [NamedSqmFunctionTemplate(ceiling)] under ceiling; prior registration was null
2024-05-24 19:29:42 - Registered SqmFunctionTemplate [NamedSqmFunctionTemplate(mod)] under mod; prior registration was null
2024-05-24 19:29:42 - Registered SqmFunctionTemplate [NamedSqmFunctionTemplate(abs)] under abs; prior registration was null
2024-05-24 19:29:42 - Registered SqmFunctionTemplate [NamedSqmFunctionTemplate(sign)] under sign; prior registration was null
2024-05-24 19:29:42 - Registered SqmFunctionTemplate [NamedSqmFunctionTemplate(sqrt)] under sqrt; prior registration was null
2024-05-24 19:29:42 - Registered SqmFunctionTemplate [NamedSqmFunctionTemplate(ln)] under ln; prior registration was null
2024-05-24 19:29:42 - Registered SqmFunctionTemplate [NamedSqmFunctionTemplate(exp)] under exp; prior registration was null
2024-05-24 19:29:42 - Registered SqmFunctionTemplate [NamedSqmFunctionTemplate(power)] under power; prior registration was null
2024-05-24 19:29:42 - Registered SqmFunctionTemplate [NamedSqmFunctionTemplate(round)] under round; prior registration was null
2024-05-24 19:29:42 - Registered SqmFunctionTemplate [NamedSqmFunctionTemplate(sin)] under sin; prior registration was null
2024-05-24 19:29:42 - Registered SqmFunctionTemplate [NamedSqmFunctionTemplate(cos)] under cos; prior registration was null
2024-05-24 19:29:42 - Registered SqmFunctionTemplate [NamedSqmFunctionTemplate(tan)] under tan; prior registration was null
2024-05-24 19:29:42 - Registered SqmFunctionTemplate [NamedSqmFunctionTemplate(asin)] under asin; prior registration was null
2024-05-24 19:29:42 - Registered SqmFunctionTemplate [NamedSqmFunctionTemplate(acos)] under acos; prior registration was null
2024-05-24 19:29:42 - Registered SqmFunctionTemplate [NamedSqmFunctionTemplate(atan)] under atan; prior registration was null
2024-05-24 19:29:42 - Registered SqmFunctionTemplate [NamedSqmFunctionTemplate(atan2)] under atan2; prior registration was null
2024-05-24 19:29:42 - Registered SqmFunctionTemplate [org.hibernate.query.sqm.function.PatternBasedSqmFunctionDescriptor@6c9151c1] under sinh; prior registration was null
2024-05-24 19:29:42 - Registered SqmFunctionTemplate [org.hibernate.query.sqm.function.PatternBasedSqmFunctionDescriptor@2c3679e5] under cosh; prior registration was null
2024-05-24 19:29:42 - Registered SqmFunctionTemplate [org.hibernate.query.sqm.function.PatternBasedSqmFunctionDescriptor@41f40dfa] under tanh; prior registration was null
2024-05-24 19:29:42 - Registered SqmFunctionTemplate [org.hibernate.query.sqm.function.PatternBasedSqmFunctionDescriptor@2548fc01] under pi; prior registration was null
2024-05-24 19:29:42 - Registered SqmFunctionTemplate [org.hibernate.query.sqm.function.PatternBasedSqmFunctionDescriptor@4331be30] under log; prior registration was null
2024-05-24 19:29:42 - Registered SqmFunctionTemplate [NamedSqmFunctionTemplate(coalesce)] under coalesce; prior registration was null
2024-05-24 19:29:42 - Registered SqmFunctionTemplate [NamedSqmFunctionTemplate(nullif)] under nullif; prior registration was null
2024-05-24 19:29:42 - Registered SqmFunctionTemplate [NamedSqmFunctionTemplate(left)] under left; prior registration was null
2024-05-24 19:29:42 - Registered SqmFunctionTemplate [NamedSqmFunctionTemplate(right)] under right; prior registration was null
2024-05-24 19:29:42 - Registered SqmFunctionTemplate [NamedSqmFunctionTemplate(replace)] under replace; prior registration was null
2024-05-24 19:29:42 - Registered SqmFunctionTemplate [NamedSqmFunctionTemplate(concat)] under concat; prior registration was null
2024-05-24 19:29:42 - Registered SqmFunctionTemplate [NamedSqmFunctionTemplate(lower)] under lower; prior registration was null
2024-05-24 19:29:42 - Registered SqmFunctionTemplate [NamedSqmFunctionTemplate(upper)] under upper; prior registration was null
2024-05-24 19:29:42 - Registered SqmFunctionTemplate [NamedSqmFunctionTemplate(substring)] under substring; prior registration was null
2024-05-24 19:29:42 - Registered SqmFunctionTemplate [NamedSqmFunctionTemplate(locate)] under locate; prior registration was null
2024-05-24 19:29:42 - Registered SqmFunctionTemplate [NamedSqmFunctionTemplate(character_length)] under character_length; prior registration was null
2024-05-24 19:29:42 - Registering alternate key : length -> character_length
2024-05-24 19:29:42 - Registered SqmFunctionTemplate [org.hibernate.dialect.function.LocatePositionEmulation@48f4f03e] under position; prior registration was null
2024-05-24 19:29:42 - Registered SqmFunctionTemplate [org.hibernate.dialect.function.InsertSubstringOverlayEmulation@7e691624] under overlay; prior registration was null
2024-05-24 19:29:42 - Registered SqmFunctionTemplate [org.hibernate.dialect.function.TrimFunction@5b64f771] under trim; prior registration was null
2024-05-24 19:29:42 - Registered SqmFunctionTemplate [org.hibernate.dialect.function.CastFunction@23e9dd78] under cast; prior registration was null
2024-05-24 19:29:42 - Registered SqmFunctionTemplate [org.hibernate.query.sqm.function.PatternBasedSqmFunctionDescriptor@470c4229] under collate; prior registration was null
2024-05-24 19:29:42 - Registered SqmFunctionTemplate [org.hibernate.dialect.function.ExtractFunction@5600a278] under extract; prior registration was null
2024-05-24 19:29:42 - Registered SqmFunctionTemplate [NamedSqmFunctionTemplate(least)] under least; prior registration was null
2024-05-24 19:29:42 - Registered SqmFunctionTemplate [NamedSqmFunctionTemplate(greatest)] under greatest; prior registration was null
2024-05-24 19:29:42 - Registered SqmFunctionTemplate [org.hibernate.dialect.function.CoalesceIfnullEmulation@12421766] under ifnull; prior registration was null
2024-05-24 19:29:42 - Registered SqmFunctionTemplate [NamedSqmFunctionTemplate(lpad)] under lpad; prior registration was null
2024-05-24 19:29:42 - Registered SqmFunctionTemplate [NamedSqmFunctionTemplate(rpad)] under rpad; prior registration was null
2024-05-24 19:29:42 - Registered SqmFunctionTemplate [org.hibernate.dialect.function.LpadRpadPadEmulation@23c72128] under pad; prior registration was null
2024-05-24 19:29:42 - Registered SqmFunctionTemplate [org.hibernate.dialect.function.CastStrEmulation@74e4be21] under str; prior registration was null
2024-05-24 19:29:42 - Registered SqmFunctionTemplate [org.hibernate.dialect.function.FormatFunction@16944b58] under format; prior registration was null
2024-05-24 19:29:42 - Registered SqmFunctionTemplate [org.hibernate.dialect.function.TimestampaddFunction@3ef46749] under timestampadd; prior registration was null
2024-05-24 19:29:42 - Registered SqmFunctionTemplate [org.hibernate.dialect.function.TimestampdiffFunction@2fafa7b5] under timestampdiff; prior registration was null
2024-05-24 19:29:42 - Registering alternate key : dateadd -> timestampadd
2024-05-24 19:29:42 - Registering alternate key : datediff -> timestampdiff
2024-05-24 19:29:42 - Registered SqmFunctionTemplate [org.hibernate.dialect.function.CurrentFunction@3815a7d1] under current_date; prior registration was null
2024-05-24 19:29:42 - Registered SqmFunctionTemplate [org.hibernate.dialect.function.CurrentFunction@24dc150c] under current_time; prior registration was null
2024-05-24 19:29:42 - Registered SqmFunctionTemplate [org.hibernate.dialect.function.CurrentFunction@1d2d4d7a] under current_timestamp; prior registration was null
2024-05-24 19:29:42 - Registering alternate key : current date -> current_date
2024-05-24 19:29:42 - Registering alternate key : current time -> current_time
2024-05-24 19:29:42 - Registering alternate key : current timestamp -> current_timestamp
2024-05-24 19:29:42 - Registered SqmFunctionTemplate [org.hibernate.dialect.function.CurrentFunction@5e020dd1] under local_date; prior registration was null
2024-05-24 19:29:42 - Registered SqmFunctionTemplate [org.hibernate.dialect.function.CurrentFunction@4bbc02ef] under local_time; prior registration was null
2024-05-24 19:29:42 - Registered SqmFunctionTemplate [org.hibernate.dialect.function.CurrentFunction@f0c1ae1] under local_datetime; prior registration was null
2024-05-24 19:29:42 - Registered SqmFunctionTemplate [org.hibernate.dialect.function.CurrentFunction@783dc0e7] under offset_datetime; prior registration was null
2024-05-24 19:29:42 - Registering alternate key : local date -> local_date
2024-05-24 19:29:42 - Registering alternate key : local time -> local_time
2024-05-24 19:29:42 - Registering alternate key : local datetime -> local_datetime
2024-05-24 19:29:42 - Registering alternate key : offset datetime -> offset_datetime
2024-05-24 19:29:42 - Registered SqmFunctionTemplate [org.hibernate.dialect.function.CurrentFunction@361f26b4] under instant; prior registration was null
2024-05-24 19:29:42 - Registering alternate key : current_instant -> instant
2024-05-24 19:29:42 - Registered SqmFunctionTemplate [org.hibernate.dialect.function.SqlFunction@2b62475a] under sql; prior registration was null
2024-05-24 19:29:42 - Registered SqmFunctionTemplate [NamedSqmFunctionTemplate(soundex)] under soundex; prior registration was null
2024-05-24 19:29:42 - Registered SqmFunctionTemplate [NamedSqmFunctionTemplate(radians)] under radians; prior registration was null
2024-05-24 19:29:42 - Registered SqmFunctionTemplate [NamedSqmFunctionTemplate(degrees)] under degrees; prior registration was null
2024-05-24 19:29:42 - Registered SqmFunctionTemplate [NamedSqmFunctionTemplate(cot)] under cot; prior registration was null
2024-05-24 19:29:42 - Registered SqmFunctionTemplate [NamedSqmFunctionTemplate(log)] under log; prior registration was org.hibernate.query.sqm.function.PatternBasedSqmFunctionDescriptor@4331be30
2024-05-24 19:29:42 - Registered SqmFunctionTemplate [NamedSqmFunctionTemplate(log2)] under log2; prior registration was null
2024-05-24 19:29:42 - Registered SqmFunctionTemplate [NamedSqmFunctionTemplate(log10)] under log10; prior registration was null
2024-05-24 19:29:42 - Registered SqmFunctionTemplate [NamedSqmFunctionTemplate(ltrim)] under ltrim; prior registration was null
2024-05-24 19:29:42 - Registered SqmFunctionTemplate [NamedSqmFunctionTemplate(rtrim)] under rtrim; prior registration was null
2024-05-24 19:29:42 - Registered SqmFunctionTemplate [NamedSqmFunctionTemplate(octet_length)] under octet_length; prior registration was null
2024-05-24 19:29:42 - Registered SqmFunctionTemplate [NamedSqmFunctionTemplate(reverse)] under reverse; prior registration was null
2024-05-24 19:29:42 - Registered SqmFunctionTemplate [NamedSqmFunctionTemplate(space)] under space; prior registration was null
2024-05-24 19:29:42 - Registered SqmFunctionTemplate [NamedSqmFunctionTemplate(repeat)] under repeat; prior registration was null
2024-05-24 19:29:42 - Registered SqmFunctionTemplate [org.hibernate.query.sqm.function.MultipatternSqmFunctionDescriptor@cfacf0] under lpad; prior registration was NamedSqmFunctionTemplate(lpad)
2024-05-24 19:29:42 - Registered SqmFunctionTemplate [org.hibernate.query.sqm.function.MultipatternSqmFunctionDescriptor@4c8abec7] under rpad; prior registration was NamedSqmFunctionTemplate(rpad)
2024-05-24 19:29:42 - Registered SqmFunctionTemplate [NamedSqmFunctionTemplate(md5)] under md5; prior registration was null
2024-05-24 19:29:42 - Registered SqmFunctionTemplate [NamedSqmFunctionTemplate(day)] under day; prior registration was null
2024-05-24 19:29:42 - Registered SqmFunctionTemplate [NamedSqmFunctionTemplate(month)] under month; prior registration was null
2024-05-24 19:29:42 - Registered SqmFunctionTemplate [NamedSqmFunctionTemplate(year)] under year; prior registration was null
2024-05-24 19:29:42 - Registered SqmFunctionTemplate [NamedSqmFunctionTemplate(hour)] under hour; prior registration was null
2024-05-24 19:29:42 - Registered SqmFunctionTemplate [NamedSqmFunctionTemplate(minute)] under minute; prior registration was null
2024-05-24 19:29:42 - Registered SqmFunctionTemplate [NamedSqmFunctionTemplate(second)] under second; prior registration was null
2024-05-24 19:29:42 - Registered SqmFunctionTemplate [NamedSqmFunctionTemplate(microsecond)] under microsecond; prior registration was null
2024-05-24 19:29:42 - Registered SqmFunctionTemplate [NamedSqmFunctionTemplate(dayofweek)] under dayofweek; prior registration was null
2024-05-24 19:29:42 - Registered SqmFunctionTemplate [NamedSqmFunctionTemplate(dayofmonth)] under dayofmonth; prior registration was null
2024-05-24 19:29:42 - Registering alternate key : day -> dayofmonth
2024-05-24 19:29:42 - Registered SqmFunctionTemplate [NamedSqmFunctionTemplate(dayofyear)] under dayofyear; prior registration was null
2024-05-24 19:29:42 - Registered SqmFunctionTemplate [NamedSqmFunctionTemplate(week)] under week; prior registration was null
2024-05-24 19:29:42 - Registered SqmFunctionTemplate [NamedSqmFunctionTemplate(quarter)] under quarter; prior registration was null
2024-05-24 19:29:42 - Registered SqmFunctionTemplate [NamedSqmFunctionTemplate(monthname)] under monthname; prior registration was null
2024-05-24 19:29:42 - Registered SqmFunctionTemplate [NamedSqmFunctionTemplate(dayname)] under dayname; prior registration was null
2024-05-24 19:29:42 - Registered SqmFunctionTemplate [NamedSqmFunctionTemplate(last_day)] under last_day; prior registration was null
2024-05-24 19:29:42 - Registered SqmFunctionTemplate [NamedSqmFunctionTemplate(date)] under date; prior registration was null
2024-05-24 19:29:42 - Registered SqmFunctionTemplate [NamedSqmFunctionTemplate(timestamp)] under timestamp; prior registration was null
2024-05-24 19:29:42 - Registered SqmFunctionTemplate [NamedSqmFunctionTemplate(time)] under time; prior registration was null
2024-05-24 19:29:42 - Registered SqmFunctionTemplate [NamedSqmFunctionTemplate(utc_date)] under utc_date; prior registration was null
2024-05-24 19:29:42 - Registered SqmFunctionTemplate [NamedSqmFunctionTemplate(utc_time)] under utc_time; prior registration was null
2024-05-24 19:29:42 - Registered SqmFunctionTemplate [NamedSqmFunctionTemplate(utc_timestamp)] under utc_timestamp; prior registration was null
2024-05-24 19:29:42 - Registered SqmFunctionTemplate [NamedSqmFunctionTemplate(rand)] under rand; prior registration was null
2024-05-24 19:29:42 - Registered SqmFunctionTemplate [NamedSqmFunctionTemplate(crc32)] under crc32; prior registration was null
2024-05-24 19:29:42 - Registered SqmFunctionTemplate [NamedSqmFunctionTemplate(sha1)] under sha1; prior registration was null
2024-05-24 19:29:42 - Registered SqmFunctionTemplate [NamedSqmFunctionTemplate(sha2)] under sha2; prior registration was null
2024-05-24 19:29:42 - Registered SqmFunctionTemplate [NamedSqmFunctionTemplate(sha)] under sha; prior registration was null
2024-05-24 19:29:42 - Registered SqmFunctionTemplate [NamedSqmFunctionTemplate(bit_length)] under bit_length; prior registration was null
2024-05-24 19:29:42 - Registered SqmFunctionTemplate [NamedSqmFunctionTemplate(octet_length)] under octet_length; prior registration was NamedSqmFunctionTemplate(octet_length)
2024-05-24 19:29:42 - Registered SqmFunctionTemplate [NamedSqmFunctionTemplate(ascii)] under ascii; prior registration was null
2024-05-24 19:29:42 - Registered SqmFunctionTemplate [NamedSqmFunctionTemplate(instr)] under instr; prior registration was null
2024-05-24 19:29:42 - Registered SqmFunctionTemplate [NamedSqmFunctionTemplate(substr)] under substr; prior registration was null
2024-05-24 19:29:42 - Registered SqmFunctionTemplate [org.hibernate.query.sqm.function.PatternBasedSqmFunctionDescriptor@45f241df] under position; prior registration was org.hibernate.dialect.function.LocatePositionEmulation@48f4f03e
2024-05-24 19:29:42 - Registered SqmFunctionTemplate [NamedSqmFunctionTemplate(curtime)] under curtime; prior registration was null
2024-05-24 19:29:42 - Registered SqmFunctionTemplate [NamedSqmFunctionTemplate(curdate)] under curdate; prior registration was null
2024-05-24 19:29:42 - Registered SqmFunctionTemplate [NamedSqmFunctionTemplate(now)] under now; prior registration was null
2024-05-24 19:29:42 - Registered SqmFunctionTemplate [org.hibernate.dialect.function.TruncFunction@74b7497b] under trunc; prior registration was null
2024-05-24 19:29:42 - Registering alternate key : truncate -> trunc
2024-05-24 19:29:42 - Registered SqmFunctionTemplate [NamedSqmFunctionTemplate(insert)] under insert; prior registration was null
2024-05-24 19:29:42 - Registered SqmFunctionTemplate [org.hibernate.query.sqm.function.PatternBasedSqmFunctionDescriptor@74f649a7] under bitand; prior registration was null
2024-05-24 19:29:42 - Registered SqmFunctionTemplate [org.hibernate.query.sqm.function.PatternBasedSqmFunctionDescriptor@308c65e0] under bitor; prior registration was null
2024-05-24 19:29:42 - Registered SqmFunctionTemplate [org.hibernate.query.sqm.function.PatternBasedSqmFunctionDescriptor@50fa5938] under bitxor; prior registration was null
2024-05-24 19:29:42 - Registered SqmFunctionTemplate [org.hibernate.query.sqm.function.PatternBasedSqmFunctionDescriptor@1e482ecd] under bitnot; prior registration was null
2024-05-24 19:29:42 - Registered SqmFunctionTemplate [NamedSqmFunctionTemplate(bit_and)] under bit_and; prior registration was null
2024-05-24 19:29:42 - Registered SqmFunctionTemplate [NamedSqmFunctionTemplate(bit_or)] under bit_or; prior registration was null
2024-05-24 19:29:42 - Registered SqmFunctionTemplate [NamedSqmFunctionTemplate(stddev)] under stddev; prior registration was null
2024-05-24 19:29:42 - Registered SqmFunctionTemplate [NamedSqmFunctionTemplate(stddev_pop)] under stddev_pop; prior registration was null
2024-05-24 19:29:42 - Registered SqmFunctionTemplate [NamedSqmFunctionTemplate(stddev_samp)] under stddev_samp; prior registration was null
2024-05-24 19:29:42 - Registered SqmFunctionTemplate [NamedSqmFunctionTemplate(variance)] under variance; prior registration was null
2024-05-24 19:29:42 - Registered SqmFunctionTemplate [NamedSqmFunctionTemplate(var_pop)] under var_pop; prior registration was null
2024-05-24 19:29:42 - Registered SqmFunctionTemplate [NamedSqmFunctionTemplate(var_samp)] under var_samp; prior registration was null
2024-05-24 19:29:42 - Registered SqmFunctionTemplate [NamedSqmFunctionTemplate(datediff)] under datediff; prior registration was null
2024-05-24 19:29:42 - Registered SqmFunctionTemplate [NamedSqmFunctionTemplate(adddate)] under adddate; prior registration was null
2024-05-24 19:29:42 - Registered SqmFunctionTemplate [NamedSqmFunctionTemplate(subdate)] under subdate; prior registration was null
2024-05-24 19:29:42 - Registered SqmFunctionTemplate [NamedSqmFunctionTemplate(addtime)] under addtime; prior registration was null
2024-05-24 19:29:42 - Registered SqmFunctionTemplate [NamedSqmFunctionTemplate(subtime)] under subtime; prior registration was null
2024-05-24 19:29:42 - Registered SqmFunctionTemplate [org.hibernate.dialect.function.FormatFunction@58b5f7d2] under format; prior registration was org.hibernate.dialect.function.FormatFunction@16944b58
2024-05-24 19:29:42 - Registered SqmFunctionTemplate [NamedSqmFunctionTemplate(makedate)] under makedate; prior registration was null
2024-05-24 19:29:42 - Registered SqmFunctionTemplate [NamedSqmFunctionTemplate(maketime)] under maketime; prior registration was null
2024-05-24 19:29:42 - Registered SqmFunctionTemplate [NamedSqmFunctionTemplate(localtime)] under localtime; prior registration was null
2024-05-24 19:29:42 - Registered SqmFunctionTemplate [NamedSqmFunctionTemplate(localtimestamp)] under localtimestamp; prior registration was null
2024-05-24 19:29:42 - Registered SqmFunctionTemplate [NamedSqmFunctionTemplate(localtime)] under local_time; prior registration was org.hibernate.dialect.function.CurrentFunction@4bbc02ef
2024-05-24 19:29:42 - Registered SqmFunctionTemplate [NamedSqmFunctionTemplate(localtimestamp)] under local_datetime; prior registration was org.hibernate.dialect.function.CurrentFunction@f0c1ae1
2024-05-24 19:29:42 - Registered SqmFunctionTemplate [NamedSqmFunctionTemplate(localtime)] under localtime; prior registration was NamedSqmFunctionTemplate(localtime)
2024-05-24 19:29:42 - Registered SqmFunctionTemplate [org.hibernate.query.sqm.function.PatternBasedSqmFunctionDescriptor@bc52a41] under pi; prior registration was org.hibernate.query.sqm.function.PatternBasedSqmFunctionDescriptor@2548fc01
2024-05-24 19:29:42 - Registered SqmFunctionTemplate [org.hibernate.query.sqm.function.PatternBasedSqmFunctionDescriptor@9f48198] under chr; prior registration was null
2024-05-24 19:29:42 - Registering alternate key : char -> chr
2024-05-24 19:29:42 - Registered SqmFunctionTemplate [org.hibernate.query.sqm.function.PatternBasedSqmFunctionDescriptor@5615f82d] under sysdate; prior registration was null
2024-05-24 19:29:42 - Registered SqmFunctionTemplate [NamedSqmFunctionTemplate(row_number)] under row_number; prior registration was null
2024-05-24 19:29:42 - Registered SqmFunctionTemplate [NamedSqmFunctionTemplate(lag)] under lag; prior registration was null
2024-05-24 19:29:42 - Registered SqmFunctionTemplate [NamedSqmFunctionTemplate(lead)] under lead; prior registration was null
2024-05-24 19:29:42 - Registered SqmFunctionTemplate [NamedSqmFunctionTemplate(first_value)] under first_value; prior registration was null
2024-05-24 19:29:42 - Registered SqmFunctionTemplate [NamedSqmFunctionTemplate(last_value)] under last_value; prior registration was null
2024-05-24 19:29:42 - Registered SqmFunctionTemplate [NamedSqmFunctionTemplate(nth_value)] under nth_value; prior registration was null
2024-05-24 19:29:42 - HikariPool-1 - Added connection com.mysql.cj.jdbc.ConnectionImpl@1371333f
2024-05-24 19:29:42 - Registered SqmFunctionTemplate [org.hibernate.dialect.function.HypotheticalSetWindowEmulation@18d22ecf] under rank; prior registration was null
2024-05-24 19:29:42 - Registered SqmFunctionTemplate [org.hibernate.dialect.function.HypotheticalSetWindowEmulation@73d83141] under dense_rank; prior registration was null
2024-05-24 19:29:42 - Registered SqmFunctionTemplate [org.hibernate.dialect.function.HypotheticalSetWindowEmulation@31443680] under percent_rank; prior registration was null
2024-05-24 19:29:42 - Registered SqmFunctionTemplate [org.hibernate.dialect.function.HypotheticalSetWindowEmulation@33356666] under cume_dist; prior registration was null
2024-05-24 19:29:42 - Registered SqmFunctionTemplate [org.hibernate.dialect.function.ListaggGroupConcatEmulation@67a38] under listagg; prior registration was null
2024-05-24 19:29:42 - abs(NUMERIC arg)
2024-05-24 19:29:42 - Double acos(NUMERIC arg)
2024-05-24 19:29:42 - adddate(DATE datetime, INTEGER days)
2024-05-24 19:29:42 - addtime(TIME datetime, TIME time)
2024-05-24 19:29:42 - Boolean any(BOOLEAN arg)
2024-05-24 19:29:42 - Integer ascii(STRING arg)
2024-05-24 19:29:42 - Double asin(NUMERIC arg)
2024-05-24 19:29:42 - Double atan(NUMERIC arg)
2024-05-24 19:29:42 - Double atan2(NUMERIC arg0, NUMERIC arg1)
2024-05-24 19:29:42 - avg(arg)
2024-05-24 19:29:42 - bit_and(arg)
2024-05-24 19:29:42 - Integer bit_length(STRING_OR_CLOB arg)
2024-05-24 19:29:42 - bit_or(arg)
2024-05-24 19:29:42 - bitand(arg0, arg1)
2024-05-24 19:29:42 - bitnot(arg)
2024-05-24 19:29:42 - bitor(arg0, arg1)
2024-05-24 19:29:42 - bitxor(arg0, arg1)
2024-05-24 19:29:42 - cast(arg as Type)
2024-05-24 19:29:42 - ceiling(NUMERIC arg)
2024-05-24 19:29:42 - Character char(INTEGER arg)
2024-05-24 19:29:42 - Integer character_length(STRING_OR_CLOB arg)
2024-05-24 19:29:42 - Character chr(INTEGER arg)
2024-05-24 19:29:42 - coalesce(arg0[, arg1[, ...]])
2024-05-24 19:29:42 - String collate(STRING string as COLLATION collation)
2024-05-24 19:29:42 - String concat(STRING string0[, STRING string1[, ...]])
2024-05-24 19:29:42 - Double cos(NUMERIC arg)
2024-05-24 19:29:42 - Double cosh(NUMERIC arg)
2024-05-24 19:29:42 - Double cot(NUMERIC arg)
2024-05-24 19:29:42 - Long count([distinct ]{arg|*})
2024-05-24 19:29:42 - Integer crc32(arg)
2024-05-24 19:29:42 - Double cume_dist([arg0[, ...]])
2024-05-24 19:29:42 - Date curdate()
2024-05-24 19:29:42 - Date current date
2024-05-24 19:29:42 - Time current time
2024-05-24 19:29:42 - Timestamp current timestamp
2024-05-24 19:29:42 - Date current_date
2024-05-24 19:29:42 - Instant current_instant
2024-05-24 19:29:42 - Time current_time
2024-05-24 19:29:42 - Timestamp current_timestamp
2024-05-24 19:29:42 - Time curtime()
2024-05-24 19:29:42 - Date date(arg)
2024-05-24 19:29:42 - dateadd(TEMPORAL_UNIT field, INTEGER magnitude, TEMPORAL datetime)
2024-05-24 19:29:42 - Integer datediff(DATE end, DATE start)
2024-05-24 19:29:42 - Integer day(DATE arg)
2024-05-24 19:29:42 - String dayname(DATE arg)
2024-05-24 19:29:42 - Integer dayofmonth(DATE arg)
2024-05-24 19:29:42 - Integer dayofweek(DATE arg)
2024-05-24 19:29:42 - Integer dayofyear(DATE arg)
2024-05-24 19:29:42 - Double degrees(NUMERIC arg)
2024-05-24 19:29:42 - Long dense_rank([arg0[, ...]])
2024-05-24 19:29:42 - Boolean every(BOOLEAN arg)
2024-05-24 19:29:42 - Double exp(NUMERIC arg)
2024-05-24 19:29:42 - extract(TEMPORAL_UNIT field from TEMPORAL arg)
2024-05-24 19:29:42 - first_valueANY value
2024-05-24 19:29:42 - floor(NUMERIC arg)
2024-05-24 19:29:42 - String format(TEMPORAL datetime as STRING pattern)
2024-05-24 19:29:42 - greatest(COMPARABLE arg0, COMPARABLE arg1[, arg2[, ...]])
2024-05-24 19:29:42 - Integer hour(TIME arg)
2024-05-24 19:29:42 - ifnull(arg0, arg1)
2024-05-24 19:29:42 - String insert(STRING string, INTEGER start, INTEGER length, STRING replacement)
2024-05-24 19:29:42 - Instant instant
2024-05-24 19:29:42 - Integer instr(STRING string, STRING pattern[, INTEGER start[, INTEGER occurrence]])
2024-05-24 19:29:42 - lagANY value[, INTEGER offset[, ANY default]]
2024-05-24 19:29:42 - Date last_day(DATE arg)
2024-05-24 19:29:42 - last_valueANY value
2024-05-24 19:29:42 - leadANY value[, INTEGER offset[, ANY default]]
2024-05-24 19:29:42 - least(COMPARABLE arg0, COMPARABLE arg1[, arg2[, ...]])
2024-05-24 19:29:42 - String left(STRING string, INTEGER length)
2024-05-24 19:29:42 - Integer length(STRING_OR_CLOB arg)
2024-05-24 19:29:42 - String listagg(STRING arg0, STRING arg1)
2024-05-24 19:29:42 - Double ln(NUMERIC arg)
2024-05-24 19:29:42 - LocalDate local date
2024-05-24 19:29:42 - LocalDateTime local datetime
2024-05-24 19:29:42 - LocalTime local time
2024-05-24 19:29:42 - LocalDate local_date
2024-05-24 19:29:42 - LocalDateTime local_datetime
2024-05-24 19:29:42 - LocalTime local_time
2024-05-24 19:29:42 - Timestamp localtime
2024-05-24 19:29:42 - Timestamp localtimestamp
2024-05-24 19:29:42 - Integer locate(STRING pattern, STRING string[, INTEGER start])
2024-05-24 19:29:42 - Double log(NUMERIC arg0[, NUMERIC arg1])
2024-05-24 19:29:42 - Double log10(NUMERIC arg)
2024-05-24 19:29:42 - Double log2(NUMERIC arg)
2024-05-24 19:29:42 - String lower(STRING string)
2024-05-24 19:29:42 - String lpad(string, length[, padding])
2024-05-24 19:29:42 - String ltrim(STRING string[, STRING characters])
2024-05-24 19:29:42 - Date makedate(INTEGER year, INTEGER dayofyear)
2024-05-24 19:29:42 - Time maketime(INTEGER hour, INTEGER min, INTEGER sec)
2024-05-24 19:29:42 - max(COMPARABLE arg)
2024-05-24 19:29:42 - String md5(arg)
2024-05-24 19:29:42 - Integer microsecond(TIME arg)
2024-05-24 19:29:42 - min(COMPARABLE arg)
2024-05-24 19:29:42 - Integer minute(TIME arg)
2024-05-24 19:29:42 - Integer mod(INTEGER arg0, INTEGER arg1)
2024-05-24 19:29:42 - Integer month(DATE arg)
2024-05-24 19:29:42 - String monthname(DATE arg)
2024-05-24 19:29:42 - Timestamp now()
2024-05-24 19:29:42 - nth_valueANY value, INTEGER nth
2024-05-24 19:29:42 - nullif(arg0, arg1)
2024-05-24 19:29:42 - Integer octet_length(STRING_OR_CLOB arg)
2024-05-24 19:29:42 - OffsetDateTime offset datetime
2024-05-24 19:29:42 - OffsetDateTime offset_datetime
2024-05-24 19:29:42 - String overlay(STRING string placing STRING replacement from INTEGER start[ for INTEGER length])
2024-05-24 19:29:42 - String pad(STRING string with INTEGER length {leading|trailing}[ STRING character])
2024-05-24 19:29:42 - Double percent_rank([arg0[, ...]])
2024-05-24 19:29:42 - Double pi
2024-05-24 19:29:42 - Integer position(STRING pattern in STRING string)
2024-05-24 19:29:42 - Double power(NUMERIC arg0, NUMERIC arg1)
2024-05-24 19:29:42 - Integer quarter(DATE arg)
2024-05-24 19:29:42 - Double radians(NUMERIC arg)
2024-05-24 19:29:42 - Double rand([INTEGER seed])
2024-05-24 19:29:42 - Long rank([arg0[, ...]])
2024-05-24 19:29:42 - String repeat(STRING string, INTEGER times)
2024-05-24 19:29:42 - String replace(STRING string, STRING pattern, STRING replacement)
2024-05-24 19:29:42 - String reverse(STRING arg)
2024-05-24 19:29:42 - String right(STRING string, INTEGER length)
2024-05-24 19:29:42 - round(NUMERIC number[, INTEGER places])
2024-05-24 19:29:42 - Long row_number()
2024-05-24 19:29:42 - String rpad(string, length[, padding])
2024-05-24 19:29:42 - String rtrim(STRING string[, STRING characters])
2024-05-24 19:29:42 - Integer second(TIME arg)
2024-05-24 19:29:42 - String sha(arg)
2024-05-24 19:29:42 - String sha1(arg)
2024-05-24 19:29:42 - String sha2(arg0, arg1)
2024-05-24 19:29:42 - Integer sign(NUMERIC arg)
2024-05-24 19:29:42 - Double sin(NUMERIC arg)
2024-05-24 19:29:42 - Double sinh(NUMERIC arg)
2024-05-24 19:29:42 - String soundex(arg)
2024-05-24 19:29:42 - String space(INTEGER arg)
2024-05-24 19:29:42 - Object sql
2024-05-24 19:29:42 - Double sqrt(NUMERIC arg)
2024-05-24 19:29:42 - Double stddev(NUMERIC arg)
2024-05-24 19:29:42 - Double stddev_pop(NUMERIC arg)
2024-05-24 19:29:42 - Double stddev_samp(NUMERIC arg)
2024-05-24 19:29:42 - String str(arg)
2024-05-24 19:29:42 - subdate(DATE datetime, INTEGER days)
2024-05-24 19:29:42 - String substr(STRING string, INTEGER start[, INTEGER length])
2024-05-24 19:29:42 - String substring(STRING string{ from|,} INTEGER start[{ for|,} INTEGER length])
2024-05-24 19:29:42 - subtime(TIME datetime, TIME time)
2024-05-24 19:29:42 - sum(arg)
2024-05-24 19:29:42 - Timestamp sysdate()
2024-05-24 19:29:42 - Double tan(NUMERIC arg)
2024-05-24 19:29:42 - Double tanh(NUMERIC arg)
2024-05-24 19:29:42 - String time(arg)
2024-05-24 19:29:42 - Timestamp timestamp(arg0[, arg1])
2024-05-24 19:29:42 - timestampadd(TEMPORAL_UNIT field, INTEGER magnitude, TEMPORAL datetime)
2024-05-24 19:29:42 - basicType@14(java.lang.Long,-5)|basicType@17(java.lang.Double,8) timestampdiff(TEMPORAL_UNIT field, TEMPORAL start, TEMPORAL end)
2024-05-24 19:29:42 - String trim([[{leading|trailing|both} ][STRING arg0 ]from] STRING arg1)
2024-05-24 19:29:42 - trunc( ... )
2024-05-24 19:29:42 - truncate( ... )
2024-05-24 19:29:42 - String upper(STRING string)
2024-05-24 19:29:42 - Date utc_date
2024-05-24 19:29:42 - Time utc_time
2024-05-24 19:29:42 - Timestamp utc_timestamp
2024-05-24 19:29:42 - Double var_pop(NUMERIC arg)
2024-05-24 19:29:42 - Double var_samp(NUMERIC arg)
2024-05-24 19:29:42 - Double variance(NUMERIC arg)
2024-05-24 19:29:42 - Integer week(DATE arg)
2024-05-24 19:29:42 - Integer year(DATE arg)
2024-05-24 19:29:42 - Starting QueryInterpretationCache(2048)
2024-05-24 19:29:42 - HikariPool-1 - Added connection com.mysql.cj.jdbc.ConnectionImpl@3332c2ad
2024-05-24 19:29:42 - EventListenerRegistry access via ServiceRegistry is deprecated.  Use `sessionFactory.getEventEngine().getListenerRegistry()` instead
2024-05-24 19:29:42 - Configured EntityCopyObserver strategy: disallow
2024-05-24 19:29:42 - HikariPool-1 - Added connection com.mysql.cj.jdbc.ConnectionImpl@4b77984a
2024-05-24 19:29:42 - HikariPool-1 - Added connection com.mysql.cj.jdbc.ConnectionImpl@40381f99
2024-05-24 19:29:42 - Not known whether passed class name [com.CustomerRelationshipManagementSystem.entity.Customer] is safe
2024-05-24 19:29:42 - No temp ClassLoader provided; using live ClassLoader for loading potentially unsafe class : com.CustomerRelationshipManagementSystem.entity.Customer
2024-05-24 19:29:42 - HikariPool-1 - Added connection com.mysql.cj.jdbc.ConnectionImpl@5842b65e
2024-05-24 19:29:42 - HikariPool-1 - Added connection com.mysql.cj.jdbc.ConnectionImpl@69fcae40
2024-05-24 19:29:42 - HikariPool-1 - After adding stats (total=10, active=0, idle=10, waiting=0)
2024-05-24 19:29:42 - HHH000513: Unable to create the ReflectionOptimizer for [com.CustomerRelationshipManagementSystem.entity.Customer]: private accessor [age]
2024-05-24 19:29:42 - HHH000182: No default (no-argument) constructor for class: com.CustomerRelationshipManagementSystem.entity.Customer (class must be instantiated by Interceptor)
2024-05-24 19:29:42 - Starting post-init callbacks
2024-05-24 19:29:42 - Starting PostInitCallbackEntry : Entity(com.CustomerRelationshipManagementSystem.entity.Customer) `staticFetchableList` generator
2024-05-24 19:29:42 - Created new SQL alias : c1_0
2024-05-24 19:29:42 - Registration of TableGroup [StandardTableGroup(com.CustomerRelationshipManagementSystem.entity.Customer)] with identifierForTableGroup [com.CustomerRelationshipManagementSystem.entity.Customer] for NavigablePath [com.CustomerRelationshipManagementSystem.entity.Customer] 
2024-05-24 19:29:42 - DomainResult Graph:
 \-EntityResultImpl [com.CustomerRelationshipManagementSystem.entity.Customer]
 |  +-BasicFetch [com.CustomerRelationshipManagementSystem.entity.Customer.age]
 |  +-BasicFetch [com.CustomerRelationshipManagementSystem.entity.Customer.email]
 |  +-BasicFetch [com.CustomerRelationshipManagementSystem.entity.Customer.firstName]
 |  +-BasicFetch [com.CustomerRelationshipManagementSystem.entity.Customer.lastName]
 |  \-BasicFetch [com.CustomerRelationshipManagementSystem.entity.Customer.mobileNumber]

2024-05-24 19:29:42 - SQL AST Tree:
    SelectStatement {
      FromClause {
        StandardTableGroup (c1 : com.CustomerRelationshipManagementSystem.entity.Customer) {
          primaryTableReference : customers as c1_0
        }
      }
    }

2024-05-24 19:29:42 - Static SQL for entity: com.CustomerRelationshipManagementSystem.entity.Customer
2024-05-24 19:29:42 -  Version select: select id from customers where id=?
2024-05-24 19:29:42 -  Insert (0): insert into customers (age,email,first_name,last_name,mobile_number) values (?,?,?,?,?)
2024-05-24 19:29:42 -  Update (0): update customers set age=?,email=?,first_name=?,last_name=?,mobile_number=? where id=?
2024-05-24 19:29:42 -  Delete (0): delete from customers where id=?
2024-05-24 19:29:42 - HHH000489: No JTA platform available (set 'hibernate.transaction.jta.platform' to enable JTA platform integration)
2024-05-24 19:29:42 - Scoping TypeConfiguration [org.hibernate.type.spi.TypeConfiguration@194224ca] to SessionFactoryImplementor [org.hibernate.internal.SessionFactoryImpl@90394d]
2024-05-24 19:29:42 - Checking 0 named HQL queries
2024-05-24 19:29:42 - Checking 0 named SQL queries
2024-05-24 19:29:42 - No alter strings for table : customers
2024-05-24 19:29:42 - Initializing SessionFactoryRegistry : org.hibernate.internal.SessionFactoryRegistry@4a3333be
2024-05-24 19:29:42 - Registering SessionFactory: 4cf76829-544f-42d0-93fd-8b9b8f87cb13 (<unnamed>)
2024-05-24 19:29:42 - Not binding SessionFactory to JNDI, no JNDI name configured
2024-05-24 19:29:42 - Instantiated SessionFactory
2024-05-24 19:29:42 - Initialized JPA EntityManagerFactory for persistence unit 'default'
2024-05-24 19:29:42 - Creating shared instance of singleton bean 'customerRelationshipManagementSystemApplication'
2024-05-24 19:29:42 - Creating shared instance of singleton bean 'customerController'
2024-05-24 19:29:42 - Exception encountered during context initialization - cancelling refresh attempt: org.springframework.beans.factory.UnsatisfiedDependencyException: Error creating bean with name 'customerController': Unsatisfied dependency expressed through field 'customerService': No qualifying bean of type 'com.CustomerRelationshipManagementSystem.service.CustomerService' available: expected at least 1 bean which qualifies as autowire candidate. Dependency annotations: {@org.springframework.beans.factory.annotation.Autowired(required=true)}
2024-05-24 19:29:42 - Closing JPA EntityManagerFactory for persistence unit 'default'
2024-05-24 19:29:42 - HHH000031: Closing
2024-05-24 19:29:42 - Un-scoping TypeConfiguration [org.hibernate.type.spi.TypeConfiguration$Scope@361d8567] from SessionFactory [org.hibernate.internal.SessionFactoryImpl@90394d]
2024-05-24 19:29:42 - Implicitly destroying ServiceRegistry on de-registration of all child ServiceRegistries
2024-05-24 19:29:42 - Implicitly destroying Boot-strap registry on de-registration of all child ServiceRegistries
2024-05-24 19:29:42 - HikariPool-1 - Shutdown initiated...
2024-05-24 19:29:42 - HikariPool-1 - Before shutdown stats (total=10, active=0, idle=10, waiting=0)
2024-05-24 19:29:42 - HikariPool-1 - Closing connection com.mysql.cj.jdbc.ConnectionImpl@6c6379c: (connection evicted)
2024-05-24 19:29:42 - HikariPool-1 - Closing connection com.mysql.cj.jdbc.ConnectionImpl@c1cc8aa: (connection evicted)
2024-05-24 19:29:42 - HikariPool-1 - Closing connection com.mysql.cj.jdbc.ConnectionImpl@16950a9a: (connection evicted)
2024-05-24 19:29:42 - HikariPool-1 - Closing connection com.mysql.cj.jdbc.ConnectionImpl@6e785fca: (connection evicted)
2024-05-24 19:29:42 - HikariPool-1 - Closing connection com.mysql.cj.jdbc.ConnectionImpl@1371333f: (connection evicted)
2024-05-24 19:29:42 - HikariPool-1 - Closing connection com.mysql.cj.jdbc.ConnectionImpl@3332c2ad: (connection evicted)
2024-05-24 19:29:42 - HikariPool-1 - Closing connection com.mysql.cj.jdbc.ConnectionImpl@4b77984a: (connection evicted)
2024-05-24 19:29:42 - HikariPool-1 - Closing connection com.mysql.cj.jdbc.ConnectionImpl@40381f99: (connection evicted)
2024-05-24 19:29:42 - HikariPool-1 - Closing connection com.mysql.cj.jdbc.ConnectionImpl@5842b65e: (connection evicted)
2024-05-24 19:29:42 - HikariPool-1 - Closing connection com.mysql.cj.jdbc.ConnectionImpl@69fcae40: (connection evicted)
2024-05-24 19:29:42 - HikariPool-1 - After shutdown stats (total=0, active=0, idle=0, waiting=0)
2024-05-24 19:29:42 - HikariPool-1 - Shutdown completed.
2024-05-24 19:29:42 - Creating new Restarter for thread Thread[#1,main,5,main]
2024-05-24 19:29:42 - 


============================
CONDITIONS EVALUATION REPORT
============================


Positive matches:
-----------------

   AopAutoConfiguration matched:
      - @ConditionalOnProperty (spring.aop.auto=true) matched (OnPropertyCondition)

   AopAutoConfiguration.AspectJAutoProxyingConfiguration matched:
      - @ConditionalOnClass found required class 'org.aspectj.weaver.Advice' (OnClassCondition)

   AopAutoConfiguration.AspectJAutoProxyingConfiguration.CglibAutoProxyConfiguration matched:
      - @ConditionalOnProperty (spring.aop.proxy-target-class=true) matched (OnPropertyCondition)

   ApplicationAvailabilityAutoConfiguration#applicationAvailability matched:
      - @ConditionalOnMissingBean (types: org.springframework.boot.availability.ApplicationAvailability; SearchStrategy: all) did not find any beans (OnBeanCondition)

   DataSourceAutoConfiguration matched:
      - @ConditionalOnClass found required classes 'javax.sql.DataSource', 'org.springframework.jdbc.datasource.embedded.EmbeddedDatabaseType' (OnClassCondition)
      - @ConditionalOnMissingBean (types: io.r2dbc.spi.ConnectionFactory; SearchStrategy: all) did not find any beans (OnBeanCondition)

   DataSourceAutoConfiguration.PooledDataSourceConfiguration matched:
      - AnyNestedCondition 1 matched 1 did not; NestedCondition on DataSourceAutoConfiguration.PooledDataSourceCondition.PooledDataSourceAvailable PooledDataSource found supported DataSource; NestedCondition on DataSourceAutoConfiguration.PooledDataSourceCondition.ExplicitType @ConditionalOnProperty (spring.datasource.type) did not find property 'type' (DataSourceAutoConfiguration.PooledDataSourceCondition)
      - @ConditionalOnMissingBean (types: javax.sql.DataSource,javax.sql.XADataSource; SearchStrategy: all) did not find any beans (OnBeanCondition)

   DataSourceAutoConfiguration.PooledDataSourceConfiguration#jdbcConnectionDetails matched:
      - @ConditionalOnMissingBean (types: org.springframework.boot.autoconfigure.jdbc.JdbcConnectionDetails; SearchStrategy: all) did not find any beans (OnBeanCondition)

   DataSourceConfiguration.Hikari matched:
      - @ConditionalOnClass found required class 'com.zaxxer.hikari.HikariDataSource' (OnClassCondition)
      - @ConditionalOnProperty (spring.datasource.type=com.zaxxer.hikari.HikariDataSource) matched (OnPropertyCondition)
      - @ConditionalOnMissingBean (types: javax.sql.DataSource; SearchStrategy: all) did not find any beans (OnBeanCondition)

   DataSourceInitializationConfiguration matched:
      - @ConditionalOnClass found required class 'org.springframework.jdbc.datasource.init.DatabasePopulator' (OnClassCondition)
      - @ConditionalOnSingleCandidate (types: javax.sql.DataSource; SearchStrategy: all) found a single bean 'dataSource'; @ConditionalOnMissingBean (types: org.springframework.boot.autoconfigure.sql.init.SqlDataSourceScriptDatabaseInitializer,org.springframework.boot.autoconfigure.sql.init.SqlR2dbcScriptDatabaseInitializer; SearchStrategy: all) did not find any beans (OnBeanCondition)

   DataSourcePoolMetadataProvidersConfiguration.HikariPoolDataSourceMetadataProviderConfiguration matched:
      - @ConditionalOnClass found required class 'com.zaxxer.hikari.HikariDataSource' (OnClassCondition)

   DataSourceTransactionManagerAutoConfiguration matched:
      - @ConditionalOnClass found required classes 'org.springframework.jdbc.core.JdbcTemplate', 'org.springframework.transaction.TransactionManager' (OnClassCondition)

   DataSourceTransactionManagerAutoConfiguration.JdbcTransactionManagerConfiguration matched:
      - @ConditionalOnSingleCandidate (types: javax.sql.DataSource; SearchStrategy: all) found a single bean 'dataSource' (OnBeanCondition)

   DispatcherServletAutoConfiguration matched:
      - @ConditionalOnClass found required class 'org.springframework.web.servlet.DispatcherServlet' (OnClassCondition)
      - found 'session' scope (OnWebApplicationCondition)

   DispatcherServletAutoConfiguration.DispatcherServletConfiguration matched:
      - @ConditionalOnClass found required class 'jakarta.servlet.ServletRegistration' (OnClassCondition)
      - Default DispatcherServlet did not find dispatcher servlet beans (DispatcherServletAutoConfiguration.DefaultDispatcherServletCondition)

   DispatcherServletAutoConfiguration.DispatcherServletRegistrationConfiguration matched:
      - @ConditionalOnClass found required class 'jakarta.servlet.ServletRegistration' (OnClassCondition)
      - DispatcherServlet Registration did not find servlet registration bean (DispatcherServletAutoConfiguration.DispatcherServletRegistrationCondition)

   DispatcherServletAutoConfiguration.DispatcherServletRegistrationConfiguration#dispatcherServletRegistration matched:
      - @ConditionalOnBean (names: dispatcherServlet types: org.springframework.web.servlet.DispatcherServlet; SearchStrategy: all) found bean 'dispatcherServlet' (OnBeanCondition)

   ErrorMvcAutoConfiguration matched:
      - @ConditionalOnClass found required classes 'jakarta.servlet.Servlet', 'org.springframework.web.servlet.DispatcherServlet' (OnClassCondition)
      - found 'session' scope (OnWebApplicationCondition)

   ErrorMvcAutoConfiguration#basicErrorController matched:
      - @ConditionalOnMissingBean (types: org.springframework.boot.web.servlet.error.ErrorController; SearchStrategy: current) did not find any beans (OnBeanCondition)

   ErrorMvcAutoConfiguration#errorAttributes matched:
      - @ConditionalOnMissingBean (types: org.springframework.boot.web.servlet.error.ErrorAttributes; SearchStrategy: current) did not find any beans (OnBeanCondition)

   ErrorMvcAutoConfiguration.DefaultErrorViewResolverConfiguration#conventionErrorViewResolver matched:
      - @ConditionalOnBean (types: org.springframework.web.servlet.DispatcherServlet; SearchStrategy: all) found bean 'dispatcherServlet'; @ConditionalOnMissingBean (types: org.springframework.boot.autoconfigure.web.servlet.error.ErrorViewResolver; SearchStrategy: all) did not find any beans (OnBeanCondition)

   ErrorMvcAutoConfiguration.WhitelabelErrorViewConfiguration matched:
      - @ConditionalOnProperty (server.error.whitelabel.enabled) matched (OnPropertyCondition)
      - ErrorTemplate Missing did not find error template view (ErrorMvcAutoConfiguration.ErrorTemplateMissingCondition)

   ErrorMvcAutoConfiguration.WhitelabelErrorViewConfiguration#beanNameViewResolver matched:
      - @ConditionalOnMissingBean (types: org.springframework.web.servlet.view.BeanNameViewResolver; SearchStrategy: all) did not find any beans (OnBeanCondition)

   ErrorMvcAutoConfiguration.WhitelabelErrorViewConfiguration#defaultErrorView matched:
      - @ConditionalOnMissingBean (names: error; SearchStrategy: all) did not find any beans (OnBeanCondition)

   GenericCacheConfiguration matched:
      - Cache org.springframework.boot.autoconfigure.cache.GenericCacheConfiguration automatic cache type (CacheCondition)

   HibernateJpaAutoConfiguration matched:
      - @ConditionalOnClass found required classes 'org.springframework.orm.jpa.LocalContainerEntityManagerFactoryBean', 'jakarta.persistence.EntityManager', 'org.hibernate.engine.spi.SessionImplementor' (OnClassCondition)

   HibernateJpaConfiguration matched:
      - @ConditionalOnSingleCandidate (types: javax.sql.DataSource; SearchStrategy: all) found a single bean 'dataSource' (OnBeanCondition)

   HttpEncodingAutoConfiguration matched:
      - @ConditionalOnClass found required class 'org.springframework.web.filter.CharacterEncodingFilter' (OnClassCondition)
      - found 'session' scope (OnWebApplicationCondition)
      - @ConditionalOnProperty (server.servlet.encoding.enabled) matched (OnPropertyCondition)

   HttpEncodingAutoConfiguration#characterEncodingFilter matched:
      - @ConditionalOnMissingBean (types: org.springframework.web.filter.CharacterEncodingFilter; SearchStrategy: all) did not find any beans (OnBeanCondition)

   HttpMessageConvertersAutoConfiguration matched:
      - @ConditionalOnClass found required class 'org.springframework.http.converter.HttpMessageConverter' (OnClassCondition)
      - NoneNestedConditions 0 matched 1 did not; NestedCondition on HttpMessageConvertersAutoConfiguration.NotReactiveWebApplicationCondition.ReactiveWebApplication did not find reactive web application classes (HttpMessageConvertersAutoConfiguration.NotReactiveWebApplicationCondition)

   HttpMessageConvertersAutoConfiguration#messageConverters matched:
      - @ConditionalOnMissingBean (types: org.springframework.boot.autoconfigure.http.HttpMessageConverters; SearchStrategy: all) did not find any beans (OnBeanCondition)

   HttpMessageConvertersAutoConfiguration.StringHttpMessageConverterConfiguration matched:
      - @ConditionalOnClass found required class 'org.springframework.http.converter.StringHttpMessageConverter' (OnClassCondition)

   HttpMessageConvertersAutoConfiguration.StringHttpMessageConverterConfiguration#stringHttpMessageConverter matched:
      - @ConditionalOnMissingBean (types: org.springframework.http.converter.StringHttpMessageConverter; SearchStrategy: all) did not find any beans (OnBeanCondition)

   JacksonAutoConfiguration matched:
      - @ConditionalOnClass found required class 'com.fasterxml.jackson.databind.ObjectMapper' (OnClassCondition)

   JacksonAutoConfiguration.Jackson2ObjectMapperBuilderCustomizerConfiguration matched:
      - @ConditionalOnClass found required class 'org.springframework.http.converter.json.Jackson2ObjectMapperBuilder' (OnClassCondition)

   JacksonAutoConfiguration.JacksonObjectMapperBuilderConfiguration matched:
      - @ConditionalOnClass found required class 'org.springframework.http.converter.json.Jackson2ObjectMapperBuilder' (OnClassCondition)

   JacksonAutoConfiguration.JacksonObjectMapperBuilderConfiguration#jacksonObjectMapperBuilder matched:
      - @ConditionalOnMissingBean (types: org.springframework.http.converter.json.Jackson2ObjectMapperBuilder; SearchStrategy: all) did not find any beans (OnBeanCondition)

   JacksonAutoConfiguration.JacksonObjectMapperConfiguration matched:
      - @ConditionalOnClass found required class 'org.springframework.http.converter.json.Jackson2ObjectMapperBuilder' (OnClassCondition)

   JacksonAutoConfiguration.JacksonObjectMapperConfiguration#jacksonObjectMapper matched:
      - @ConditionalOnMissingBean (types: com.fasterxml.jackson.databind.ObjectMapper; SearchStrategy: all) did not find any beans (OnBeanCondition)

   JacksonAutoConfiguration.ParameterNamesModuleConfiguration matched:
      - @ConditionalOnClass found required class 'com.fasterxml.jackson.module.paramnames.ParameterNamesModule' (OnClassCondition)

   JacksonAutoConfiguration.ParameterNamesModuleConfiguration#parameterNamesModule matched:
      - @ConditionalOnMissingBean (types: com.fasterxml.jackson.module.paramnames.ParameterNamesModule; SearchStrategy: all) did not find any beans (OnBeanCondition)

   JacksonHttpMessageConvertersConfiguration.MappingJackson2HttpMessageConverterConfiguration matched:
      - @ConditionalOnClass found required class 'com.fasterxml.jackson.databind.ObjectMapper' (OnClassCondition)
      - @ConditionalOnProperty (spring.mvc.converters.preferred-json-mapper=jackson) matched (OnPropertyCondition)
      - @ConditionalOnBean (types: com.fasterxml.jackson.databind.ObjectMapper; SearchStrategy: all) found bean 'jacksonObjectMapper' (OnBeanCondition)

   JacksonHttpMessageConvertersConfiguration.MappingJackson2HttpMessageConverterConfiguration#mappingJackson2HttpMessageConverter matched:
      - @ConditionalOnMissingBean (types: org.springframework.http.converter.json.MappingJackson2HttpMessageConverter ignored: org.springframework.hateoas.server.mvc.TypeConstrainedMappingJackson2HttpMessageConverter,org.springframework.data.rest.webmvc.alps.AlpsJsonHttpMessageConverter; SearchStrategy: all) did not find any beans (OnBeanCondition)

   JdbcClientAutoConfiguration matched:
      - @ConditionalOnSingleCandidate (types: org.springframework.jdbc.core.namedparam.NamedParameterJdbcTemplate; SearchStrategy: all) found a single bean 'namedParameterJdbcTemplate'; @ConditionalOnMissingBean (types: org.springframework.jdbc.core.simple.JdbcClient; SearchStrategy: all) did not find any beans (OnBeanCondition)

   JdbcTemplateAutoConfiguration matched:
      - @ConditionalOnClass found required classes 'javax.sql.DataSource', 'org.springframework.jdbc.core.JdbcTemplate' (OnClassCondition)
      - @ConditionalOnSingleCandidate (types: javax.sql.DataSource; SearchStrategy: all) found a single bean 'dataSource' (OnBeanCondition)

   JdbcTemplateConfiguration matched:
      - @ConditionalOnMissingBean (types: org.springframework.jdbc.core.JdbcOperations; SearchStrategy: all) did not find any beans (OnBeanCondition)

   JpaBaseConfiguration#entityManagerFactory matched:
      - @ConditionalOnMissingBean (types: org.springframework.orm.jpa.LocalContainerEntityManagerFactoryBean,jakarta.persistence.EntityManagerFactory; SearchStrategy: all) did not find any beans (OnBeanCondition)

   JpaBaseConfiguration#entityManagerFactoryBuilder matched:
      - @ConditionalOnMissingBean (types: org.springframework.boot.orm.jpa.EntityManagerFactoryBuilder; SearchStrategy: all) did not find any beans (OnBeanCondition)

   JpaBaseConfiguration#jpaVendorAdapter matched:
      - @ConditionalOnMissingBean (types: org.springframework.orm.jpa.JpaVendorAdapter; SearchStrategy: all) did not find any beans (OnBeanCondition)

   JpaBaseConfiguration#transactionManager matched:
      - @ConditionalOnMissingBean (types: org.springframework.transaction.TransactionManager; SearchStrategy: all) did not find any beans (OnBeanCondition)

   JpaBaseConfiguration.JpaWebConfiguration matched:
      - @ConditionalOnClass found required class 'org.springframework.web.servlet.config.annotation.WebMvcConfigurer' (OnClassCondition)
      - found 'session' scope (OnWebApplicationCondition)
      - @ConditionalOnProperty (spring.jpa.open-in-view=true) matched (OnPropertyCondition)
      - @ConditionalOnMissingBean (types: org.springframework.orm.jpa.support.OpenEntityManagerInViewInterceptor,org.springframework.orm.jpa.support.OpenEntityManagerInViewFilter; SearchStrategy: all) did not find any beans (OnBeanCondition)

   JpaBaseConfiguration.PersistenceManagedTypesConfiguration matched:
      - @ConditionalOnMissingBean (types: org.springframework.orm.jpa.LocalContainerEntityManagerFactoryBean,jakarta.persistence.EntityManagerFactory; SearchStrategy: all) did not find any beans (OnBeanCondition)

   JpaBaseConfiguration.PersistenceManagedTypesConfiguration#persistenceManagedTypes matched:
      - @ConditionalOnMissingBean (types: org.springframework.orm.jpa.persistenceunit.PersistenceManagedTypes; SearchStrategy: all) did not find any beans (OnBeanCondition)

   JpaRepositoriesAutoConfiguration matched:
      - @ConditionalOnClass found required class 'org.springframework.data.jpa.repository.JpaRepository' (OnClassCondition)
      - @ConditionalOnProperty (spring.data.jpa.repositories.enabled=true) matched (OnPropertyCondition)
      - @ConditionalOnBean (types: javax.sql.DataSource; SearchStrategy: all) found bean 'dataSource'; @ConditionalOnMissingBean (types: org.springframework.data.jpa.repository.support.JpaRepositoryFactoryBean,org.springframework.data.jpa.repository.config.JpaRepositoryConfigExtension; SearchStrategy: all) did not find any beans (OnBeanCondition)

   JtaAutoConfiguration matched:
      - @ConditionalOnClass found required class 'jakarta.transaction.Transaction' (OnClassCondition)
      - @ConditionalOnProperty (spring.jta.enabled) matched (OnPropertyCondition)

   LifecycleAutoConfiguration#defaultLifecycleProcessor matched:
      - @ConditionalOnMissingBean (names: lifecycleProcessor; SearchStrategy: current) did not find any beans (OnBeanCondition)

   MultipartAutoConfiguration matched:
      - @ConditionalOnClass found required classes 'jakarta.servlet.Servlet', 'org.springframework.web.multipart.support.StandardServletMultipartResolver', 'jakarta.servlet.MultipartConfigElement' (OnClassCondition)
      - found 'session' scope (OnWebApplicationCondition)
      - @ConditionalOnProperty (spring.servlet.multipart.enabled) matched (OnPropertyCondition)

   MultipartAutoConfiguration#multipartConfigElement matched:
      - @ConditionalOnMissingBean (types: jakarta.servlet.MultipartConfigElement; SearchStrategy: all) did not find any beans (OnBeanCondition)

   MultipartAutoConfiguration#multipartResolver matched:
      - @ConditionalOnMissingBean (types: org.springframework.web.multipart.MultipartResolver; SearchStrategy: all) did not find any beans (OnBeanCondition)

   NamedParameterJdbcTemplateConfiguration matched:
      - @ConditionalOnSingleCandidate (types: org.springframework.jdbc.core.JdbcTemplate; SearchStrategy: all) found a single bean 'jdbcTemplate'; @ConditionalOnMissingBean (types: org.springframework.jdbc.core.namedparam.NamedParameterJdbcOperations; SearchStrategy: all) did not find any beans (OnBeanCondition)

   NoOpCacheConfiguration matched:
      - Cache org.springframework.boot.autoconfigure.cache.NoOpCacheConfiguration automatic cache type (CacheCondition)

   PersistenceExceptionTranslationAutoConfiguration matched:
      - @ConditionalOnClass found required class 'org.springframework.dao.annotation.PersistenceExceptionTranslationPostProcessor' (OnClassCondition)

   PersistenceExceptionTranslationAutoConfiguration#persistenceExceptionTranslationPostProcessor matched:
      - @ConditionalOnProperty (spring.dao.exceptiontranslation.enabled) matched (OnPropertyCondition)
      - @ConditionalOnMissingBean (types: org.springframework.dao.annotation.PersistenceExceptionTranslationPostProcessor; SearchStrategy: all) did not find any beans (OnBeanCondition)

   PropertyPlaceholderAutoConfiguration#propertySourcesPlaceholderConfigurer matched:
      - @ConditionalOnMissingBean (types: org.springframework.context.support.PropertySourcesPlaceholderConfigurer; SearchStrategy: current) did not find any beans (OnBeanCondition)

   RestClientAutoConfiguration matched:
      - @ConditionalOnClass found required class 'org.springframework.web.client.RestClient' (OnClassCondition)
      - NoneNestedConditions 0 matched 1 did not; NestedCondition on NotReactiveWebApplicationCondition.ReactiveWebApplication did not find reactive web application classes (NotReactiveWebApplicationCondition)

   RestClientAutoConfiguration#httpMessageConvertersRestClientCustomizer matched:
      - @ConditionalOnMissingBean (types: org.springframework.boot.autoconfigure.web.client.HttpMessageConvertersRestClientCustomizer; SearchStrategy: all) did not find any beans (OnBeanCondition)

   RestClientAutoConfiguration#restClientBuilder matched:
      - @ConditionalOnMissingBean (types: org.springframework.web.client.RestClient$Builder; SearchStrategy: all) did not find any beans (OnBeanCondition)

   RestClientAutoConfiguration#restClientBuilderConfigurer matched:
      - @ConditionalOnMissingBean (types: org.springframework.boot.autoconfigure.web.client.RestClientBuilderConfigurer; SearchStrategy: all) did not find any beans (OnBeanCondition)

   RestClientAutoConfiguration#restClientSsl matched:
      - @ConditionalOnBean (types: org.springframework.boot.ssl.SslBundles; SearchStrategy: all) found bean 'sslBundleRegistry'; @ConditionalOnMissingBean (types: org.springframework.boot.autoconfigure.web.client.RestClientSsl; SearchStrategy: all) did not find any beans (OnBeanCondition)

   RestTemplateAutoConfiguration matched:
      - @ConditionalOnClass found required class 'org.springframework.web.client.RestTemplate' (OnClassCondition)
      - NoneNestedConditions 0 matched 1 did not; NestedCondition on NotReactiveWebApplicationCondition.ReactiveWebApplication did not find reactive web application classes (NotReactiveWebApplicationCondition)

   RestTemplateAutoConfiguration#restTemplateBuilder matched:
      - @ConditionalOnMissingBean (types: org.springframework.boot.web.client.RestTemplateBuilder; SearchStrategy: all) did not find any beans (OnBeanCondition)

   ServletWebServerFactoryAutoConfiguration matched:
      - @ConditionalOnClass found required class 'jakarta.servlet.ServletRequest' (OnClassCondition)
      - found 'session' scope (OnWebApplicationCondition)

   ServletWebServerFactoryAutoConfiguration#tomcatServletWebServerFactoryCustomizer matched:
      - @ConditionalOnClass found required class 'org.apache.catalina.startup.Tomcat' (OnClassCondition)

   ServletWebServerFactoryConfiguration.EmbeddedTomcat matched:
      - @ConditionalOnClass found required classes 'jakarta.servlet.Servlet', 'org.apache.catalina.startup.Tomcat', 'org.apache.coyote.UpgradeProtocol' (OnClassCondition)
      - @ConditionalOnMissingBean (types: org.springframework.boot.web.servlet.server.ServletWebServerFactory; SearchStrategy: current) did not find any beans (OnBeanCondition)

   SimpleCacheConfiguration matched:
      - Cache org.springframework.boot.autoconfigure.cache.SimpleCacheConfiguration automatic cache type (CacheCondition)

   SpringDataWebAutoConfiguration matched:
      - @ConditionalOnClass found required classes 'org.springframework.data.web.PageableHandlerMethodArgumentResolver', 'org.springframework.web.servlet.config.annotation.WebMvcConfigurer' (OnClassCondition)
      - found 'session' scope (OnWebApplicationCondition)
      - @ConditionalOnMissingBean (types: org.springframework.data.web.PageableHandlerMethodArgumentResolver; SearchStrategy: all) did not find any beans (OnBeanCondition)

   SpringDataWebAutoConfiguration#pageableCustomizer matched:
      - @ConditionalOnMissingBean (types: org.springframework.data.web.config.PageableHandlerMethodArgumentResolverCustomizer; SearchStrategy: all) did not find any beans (OnBeanCondition)

   SpringDataWebAutoConfiguration#sortCustomizer matched:
      - @ConditionalOnMissingBean (types: org.springframework.data.web.config.SortHandlerMethodArgumentResolverCustomizer; SearchStrategy: all) did not find any beans (OnBeanCondition)

   SqlInitializationAutoConfiguration matched:
      - @ConditionalOnProperty (spring.sql.init.enabled) matched (OnPropertyCondition)
      - NoneNestedConditions 0 matched 1 did not; NestedCondition on SqlInitializationAutoConfiguration.SqlInitializationModeCondition.ModeIsNever @ConditionalOnProperty (spring.sql.init.mode=never) did not find property 'mode' (SqlInitializationAutoConfiguration.SqlInitializationModeCondition)

   SslAutoConfiguration#sslBundleRegistry matched:
      - @ConditionalOnMissingBean (types: org.springframework.boot.ssl.SslBundleRegistry,org.springframework.boot.ssl.SslBundles; SearchStrategy: all) did not find any beans (OnBeanCondition)

   TaskExecutionAutoConfiguration matched:
      - @ConditionalOnClass found required class 'org.springframework.scheduling.concurrent.ThreadPoolTaskExecutor' (OnClassCondition)

   TaskExecutorConfigurations.SimpleAsyncTaskExecutorBuilderConfiguration#simpleAsyncTaskExecutorBuilder matched:
      - @ConditionalOnMissingBean (types: org.springframework.boot.task.SimpleAsyncTaskExecutorBuilder; SearchStrategy: all) did not find any beans (OnBeanCondition)
      - @ConditionalOnThreading found PLATFORM (OnThreadingCondition)

   TaskExecutorConfigurations.TaskExecutorBuilderConfiguration#taskExecutorBuilder matched:
      - @ConditionalOnMissingBean (types: org.springframework.boot.task.TaskExecutorBuilder; SearchStrategy: all) did not find any beans (OnBeanCondition)

   TaskExecutorConfigurations.TaskExecutorConfiguration matched:
      - @ConditionalOnMissingBean (types: java.util.concurrent.Executor; SearchStrategy: all) did not find any beans (OnBeanCondition)

   TaskExecutorConfigurations.TaskExecutorConfiguration#applicationTaskExecutor matched:
      - @ConditionalOnThreading found PLATFORM (OnThreadingCondition)

   TaskExecutorConfigurations.ThreadPoolTaskExecutorBuilderConfiguration#threadPoolTaskExecutorBuilder matched:
      - @ConditionalOnMissingBean (types: org.springframework.boot.task.TaskExecutorBuilder,org.springframework.boot.task.ThreadPoolTaskExecutorBuilder; SearchStrategy: all) did not find any beans (OnBeanCondition)

   TaskSchedulingAutoConfiguration matched:
      - @ConditionalOnClass found required class 'org.springframework.scheduling.concurrent.ThreadPoolTaskScheduler' (OnClassCondition)

   TaskSchedulingConfigurations.SimpleAsyncTaskSchedulerBuilderConfiguration#simpleAsyncTaskSchedulerBuilder matched:
      - @ConditionalOnMissingBean (types: org.springframework.boot.task.SimpleAsyncTaskSchedulerBuilder; SearchStrategy: all) did not find any beans (OnBeanCondition)
      - @ConditionalOnThreading found PLATFORM (OnThreadingCondition)

   TaskSchedulingConfigurations.TaskSchedulerBuilderConfiguration#taskSchedulerBuilder matched:
      - @ConditionalOnMissingBean (types: org.springframework.boot.task.TaskSchedulerBuilder; SearchStrategy: all) did not find any beans (OnBeanCondition)

   TaskSchedulingConfigurations.ThreadPoolTaskSchedulerBuilderConfiguration#threadPoolTaskSchedulerBuilder matched:
      - @ConditionalOnMissingBean (types: org.springframework.boot.task.TaskSchedulerBuilder,org.springframework.boot.task.ThreadPoolTaskSchedulerBuilder; SearchStrategy: all) did not find any beans (OnBeanCondition)

   TransactionAutoConfiguration matched:
      - @ConditionalOnClass found required class 'org.springframework.transaction.PlatformTransactionManager' (OnClassCondition)

   TransactionAutoConfiguration.EnableTransactionManagementConfiguration matched:
      - @ConditionalOnBean (types: org.springframework.transaction.TransactionManager; SearchStrategy: all) found bean 'transactionManager'; @ConditionalOnMissingBean (types: org.springframework.transaction.annotation.AbstractTransactionManagementConfiguration; SearchStrategy: all) did not find any beans (OnBeanCondition)

   TransactionAutoConfiguration.EnableTransactionManagementConfiguration.CglibAutoProxyConfiguration matched:
      - @ConditionalOnProperty (spring.aop.proxy-target-class=true) matched (OnPropertyCondition)

   TransactionAutoConfiguration.TransactionTemplateConfiguration matched:
      - @ConditionalOnSingleCandidate (types: org.springframework.transaction.PlatformTransactionManager; SearchStrategy: all) found a single bean 'transactionManager' (OnBeanCondition)

   TransactionAutoConfiguration.TransactionTemplateConfiguration#transactionTemplate matched:
      - @ConditionalOnMissingBean (types: org.springframework.transaction.support.TransactionOperations; SearchStrategy: all) did not find any beans (OnBeanCondition)

   TransactionManagerCustomizationAutoConfiguration matched:
      - @ConditionalOnClass found required class 'org.springframework.transaction.PlatformTransactionManager' (OnClassCondition)

   TransactionManagerCustomizationAutoConfiguration#platformTransactionManagerCustomizers matched:
      - @ConditionalOnMissingBean (types: org.springframework.boot.autoconfigure.transaction.TransactionManagerCustomizers; SearchStrategy: all) did not find any beans (OnBeanCondition)

   WebMvcAutoConfiguration matched:
      - @ConditionalOnClass found required classes 'jakarta.servlet.Servlet', 'org.springframework.web.servlet.DispatcherServlet', 'org.springframework.web.servlet.config.annotation.WebMvcConfigurer' (OnClassCondition)
      - found 'session' scope (OnWebApplicationCondition)
      - @ConditionalOnMissingBean (types: org.springframework.web.servlet.config.annotation.WebMvcConfigurationSupport; SearchStrategy: all) did not find any beans (OnBeanCondition)

   WebMvcAutoConfiguration#formContentFilter matched:
      - @ConditionalOnProperty (spring.mvc.formcontent.filter.enabled) matched (OnPropertyCondition)
      - @ConditionalOnMissingBean (types: org.springframework.web.filter.FormContentFilter; SearchStrategy: all) did not find any beans (OnBeanCondition)

   WebMvcAutoConfiguration.EnableWebMvcConfiguration#flashMapManager matched:
      - @ConditionalOnMissingBean (names: flashMapManager; SearchStrategy: all) did not find any beans (OnBeanCondition)

   WebMvcAutoConfiguration.EnableWebMvcConfiguration#localeResolver matched:
      - @ConditionalOnMissingBean (names: localeResolver; SearchStrategy: all) did not find any beans (OnBeanCondition)

   WebMvcAutoConfiguration.EnableWebMvcConfiguration#themeResolver matched:
      - @ConditionalOnMissingBean (names: themeResolver; SearchStrategy: all) did not find any beans (OnBeanCondition)

   WebMvcAutoConfiguration.WebMvcAutoConfigurationAdapter#defaultViewResolver matched:
      - @ConditionalOnMissingBean (types: org.springframework.web.servlet.view.InternalResourceViewResolver; SearchStrategy: all) did not find any beans (OnBeanCondition)

   WebMvcAutoConfiguration.WebMvcAutoConfigurationAdapter#requestContextFilter matched:
      - @ConditionalOnMissingBean (types: org.springframework.web.context.request.RequestContextListener,org.springframework.web.filter.RequestContextFilter; SearchStrategy: all) did not find any beans (OnBeanCondition)

   WebMvcAutoConfiguration.WebMvcAutoConfigurationAdapter#viewResolver matched:
      - @ConditionalOnBean (types: org.springframework.web.servlet.ViewResolver; SearchStrategy: all) found beans 'defaultViewResolver', 'beanNameViewResolver', 'mvcViewResolver'; @ConditionalOnMissingBean (names: viewResolver types: org.springframework.web.servlet.view.ContentNegotiatingViewResolver; SearchStrategy: all) did not find any beans (OnBeanCondition)

   WebSocketServletAutoConfiguration matched:
      - @ConditionalOnClass found required classes 'jakarta.servlet.Servlet', 'jakarta.websocket.server.ServerContainer' (OnClassCondition)
      - found 'session' scope (OnWebApplicationCondition)

   WebSocketServletAutoConfiguration.TomcatWebSocketConfiguration matched:
      - @ConditionalOnClass found required classes 'org.apache.catalina.startup.Tomcat', 'org.apache.tomcat.websocket.server.WsSci' (OnClassCondition)

   WebSocketServletAutoConfiguration.TomcatWebSocketConfiguration#websocketServletWebServerCustomizer matched:
      - @ConditionalOnMissingBean (names: websocketServletWebServerCustomizer; SearchStrategy: all) did not find any beans (OnBeanCondition)


Negative matches:
-----------------

   ActiveMQAutoConfiguration:
      Did not match:
         - @ConditionalOnClass did not find required class 'jakarta.jms.ConnectionFactory' (OnClassCondition)

   AopAutoConfiguration.AspectJAutoProxyingConfiguration.JdkDynamicAutoProxyConfiguration:
      Did not match:
         - @ConditionalOnProperty (spring.aop.proxy-target-class=false) did not find property 'proxy-target-class' (OnPropertyCondition)

   AopAutoConfiguration.ClassProxyingConfiguration:
      Did not match:
         - @ConditionalOnMissingClass found unwanted class 'org.aspectj.weaver.Advice' (OnClassCondition)

   ArtemisAutoConfiguration:
      Did not match:
         - @ConditionalOnClass did not find required class 'jakarta.jms.ConnectionFactory' (OnClassCondition)

   BatchAutoConfiguration:
      Did not match:
         - @ConditionalOnClass did not find required class 'org.springframework.batch.core.launch.JobLauncher' (OnClassCondition)

   Cache2kCacheConfiguration:
      Did not match:
         - @ConditionalOnClass did not find required class 'org.cache2k.Cache2kBuilder' (OnClassCondition)

   CacheAutoConfiguration:
      Did not match:
         - @ConditionalOnBean (types: org.springframework.cache.interceptor.CacheAspectSupport; SearchStrategy: all) did not find any beans of type org.springframework.cache.interceptor.CacheAspectSupport (OnBeanCondition)
      Matched:
         - @ConditionalOnClass found required class 'org.springframework.cache.CacheManager' (OnClassCondition)

   CacheAutoConfiguration.CacheManagerEntityManagerFactoryDependsOnPostProcessor:
      Did not match:
         - Ancestor org.springframework.boot.autoconfigure.cache.CacheAutoConfiguration did not match (ConditionEvaluationReport.AncestorsMatchedCondition)
      Matched:
         - @ConditionalOnClass found required class 'org.springframework.orm.jpa.LocalContainerEntityManagerFactoryBean' (OnClassCondition)

   CaffeineCacheConfiguration:
      Did not match:
         - @ConditionalOnClass did not find required class 'com.github.benmanes.caffeine.cache.Caffeine' (OnClassCondition)

   CassandraAutoConfiguration:
      Did not match:
         - @ConditionalOnClass did not find required class 'com.datastax.oss.driver.api.core.CqlSession' (OnClassCondition)

   CassandraDataAutoConfiguration:
      Did not match:
         - @ConditionalOnClass did not find required class 'com.datastax.oss.driver.api.core.CqlSession' (OnClassCondition)

   CassandraReactiveDataAutoConfiguration:
      Did not match:
         - @ConditionalOnClass did not find required class 'com.datastax.oss.driver.api.core.CqlSession' (OnClassCondition)

   CassandraReactiveRepositoriesAutoConfiguration:
      Did not match:
         - @ConditionalOnClass did not find required class 'org.springframework.data.cassandra.ReactiveSession' (OnClassCondition)

   CassandraRepositoriesAutoConfiguration:
      Did not match:
         - @ConditionalOnClass did not find required class 'com.datastax.oss.driver.api.core.CqlSession' (OnClassCondition)

   ClientHttpConnectorAutoConfiguration:
      Did not match:
         - @ConditionalOnClass did not find required class 'org.springframework.web.reactive.function.client.WebClient' (OnClassCondition)

   CodecsAutoConfiguration:
      Did not match:
         - @ConditionalOnClass did not find required class 'org.springframework.web.reactive.function.client.WebClient' (OnClassCondition)

   CouchbaseAutoConfiguration:
      Did not match:
         - @ConditionalOnClass did not find required class 'com.couchbase.client.java.Cluster' (OnClassCondition)

   CouchbaseCacheConfiguration:
      Did not match:
         - @ConditionalOnClass did not find required class 'com.couchbase.client.java.Cluster' (OnClassCondition)

   CouchbaseDataAutoConfiguration:
      Did not match:
         - @ConditionalOnClass did not find required class 'com.couchbase.client.java.Bucket' (OnClassCondition)

   CouchbaseReactiveDataAutoConfiguration:
      Did not match:
         - @ConditionalOnClass did not find required class 'com.couchbase.client.java.Cluster' (OnClassCondition)

   CouchbaseReactiveRepositoriesAutoConfiguration:
      Did not match:
         - @ConditionalOnClass did not find required class 'com.couchbase.client.java.Cluster' (OnClassCondition)

   CouchbaseRepositoriesAutoConfiguration:
      Did not match:
         - @ConditionalOnClass did not find required class 'com.couchbase.client.java.Bucket' (OnClassCondition)

   DataSourceAutoConfiguration.EmbeddedDatabaseConfiguration:
      Did not match:
         - EmbeddedDataSource spring.datasource.url is set (DataSourceAutoConfiguration.EmbeddedDatabaseCondition)

   DataSourceCheckpointRestoreConfiguration:
      Did not match:
         - @ConditionalOnClass did not find required class 'org.crac.Resource' (OnClassCondition)

   DataSourceConfiguration.Dbcp2:
      Did not match:
         - @ConditionalOnClass did not find required class 'org.apache.commons.dbcp2.BasicDataSource' (OnClassCondition)

   DataSourceConfiguration.Generic:
      Did not match:
         - @ConditionalOnProperty (spring.datasource.type) did not find property 'spring.datasource.type' (OnPropertyCondition)

   DataSourceConfiguration.OracleUcp:
      Did not match:
         - @ConditionalOnClass did not find required classes 'oracle.ucp.jdbc.PoolDataSourceImpl', 'oracle.jdbc.OracleConnection' (OnClassCondition)

   DataSourceConfiguration.Tomcat:
      Did not match:
         - @ConditionalOnClass did not find required class 'org.apache.tomcat.jdbc.pool.DataSource' (OnClassCondition)

   DataSourceJmxConfiguration:
      Did not match:
         - @ConditionalOnProperty (spring.jmx.enabled=true) found different value in property 'enabled' (OnPropertyCondition)

   DataSourcePoolMetadataProvidersConfiguration.CommonsDbcp2PoolDataSourceMetadataProviderConfiguration:
      Did not match:
         - @ConditionalOnClass did not find required class 'org.apache.commons.dbcp2.BasicDataSource' (OnClassCondition)

   DataSourcePoolMetadataProvidersConfiguration.OracleUcpPoolDataSourceMetadataProviderConfiguration:
      Did not match:
         - @ConditionalOnClass did not find required classes 'oracle.ucp.jdbc.PoolDataSource', 'oracle.jdbc.OracleConnection' (OnClassCondition)

   DataSourcePoolMetadataProvidersConfiguration.TomcatDataSourcePoolMetadataProviderConfiguration:
      Did not match:
         - @ConditionalOnClass did not find required class 'org.apache.tomcat.jdbc.pool.DataSource' (OnClassCondition)

   DataSourceTransactionManagerAutoConfiguration.JdbcTransactionManagerConfiguration#transactionManager:
      Did not match:
         - @ConditionalOnMissingBean (types: org.springframework.transaction.TransactionManager; SearchStrategy: all) found beans of type 'org.springframework.transaction.TransactionManager' transactionManager (OnBeanCondition)

   DevToolsDataSourceAutoConfiguration:
      Did not match:
         - Devtools devtools is disabled for current context. (OnEnabledDevToolsCondition)
      Matched:
         - @ConditionalOnClass found required class 'javax.sql.DataSource' (OnClassCondition)

   DevToolsR2dbcAutoConfiguration:
      Did not match:
         - @ConditionalOnClass did not find required class 'io.r2dbc.spi.ConnectionFactory' (OnClassCondition)

   DispatcherServletAutoConfiguration.DispatcherServletConfiguration#multipartResolver:
      Did not match:
         - @ConditionalOnBean (types: org.springframework.web.multipart.MultipartResolver; SearchStrategy: all) did not find any beans of type org.springframework.web.multipart.MultipartResolver (OnBeanCondition)

   ElasticsearchClientAutoConfiguration:
      Did not match:
         - @ConditionalOnClass did not find required class 'co.elastic.clients.elasticsearch.ElasticsearchClient' (OnClassCondition)

   ElasticsearchDataAutoConfiguration:
      Did not match:
         - @ConditionalOnClass did not find required class 'org.springframework.data.elasticsearch.client.elc.ElasticsearchTemplate' (OnClassCondition)

   ElasticsearchRepositoriesAutoConfiguration:
      Did not match:
         - @ConditionalOnClass did not find required class 'org.springframework.data.elasticsearch.repository.ElasticsearchRepository' (OnClassCondition)

   ElasticsearchRestClientAutoConfiguration:
      Did not match:
         - @ConditionalOnClass did not find required class 'org.elasticsearch.client.RestClientBuilder' (OnClassCondition)

   EmbeddedLdapAutoConfiguration:
      Did not match:
         - @ConditionalOnClass did not find required class 'com.unboundid.ldap.listener.InMemoryDirectoryServer' (OnClassCondition)

   EmbeddedWebServerFactoryCustomizerAutoConfiguration:
      Did not match:
         - Application is deployed as a WAR file. (OnWarDeploymentCondition)
      Matched:
         - @ConditionalOnWebApplication (required) found 'session' scope (OnWebApplicationCondition)

   ErrorWebFluxAutoConfiguration:
      Did not match:
         - @ConditionalOnClass did not find required class 'org.springframework.web.reactive.config.WebFluxConfigurer' (OnClassCondition)

   FlywayAutoConfiguration:
      Did not match:
         - @ConditionalOnClass did not find required class 'org.flywaydb.core.Flyway' (OnClassCondition)

   FreeMarkerAutoConfiguration:
      Did not match:
         - @ConditionalOnClass did not find required class 'freemarker.template.Configuration' (OnClassCondition)

   GraphQlAutoConfiguration:
      Did not match:
         - @ConditionalOnClass did not find required class 'graphql.GraphQL' (OnClassCondition)

   GraphQlQueryByExampleAutoConfiguration:
      Did not match:
         - @ConditionalOnClass did not find required class 'graphql.GraphQL' (OnClassCondition)

   GraphQlQuerydslAutoConfiguration:
      Did not match:
         - @ConditionalOnClass did not find required class 'com.querydsl.core.Query' (OnClassCondition)

   GraphQlRSocketAutoConfiguration:
      Did not match:
         - @ConditionalOnClass did not find required class 'graphql.GraphQL' (OnClassCondition)

   GraphQlReactiveQueryByExampleAutoConfiguration:
      Did not match:
         - @ConditionalOnClass did not find required class 'graphql.GraphQL' (OnClassCondition)

   GraphQlReactiveQuerydslAutoConfiguration:
      Did not match:
         - @ConditionalOnClass did not find required class 'com.querydsl.core.Query' (OnClassCondition)

   GraphQlWebFluxAutoConfiguration:
      Did not match:
         - @ConditionalOnClass did not find required class 'graphql.GraphQL' (OnClassCondition)

   GraphQlWebFluxSecurityAutoConfiguration:
      Did not match:
         - @ConditionalOnClass did not find required class 'graphql.GraphQL' (OnClassCondition)

   GraphQlWebMvcAutoConfiguration:
      Did not match:
         - @ConditionalOnClass did not find required class 'graphql.GraphQL' (OnClassCondition)

   GraphQlWebMvcSecurityAutoConfiguration:
      Did not match:
         - @ConditionalOnClass did not find required class 'graphql.GraphQL' (OnClassCondition)

   GroovyTemplateAutoConfiguration:
      Did not match:
         - @ConditionalOnClass did not find required class 'groovy.text.markup.MarkupTemplateEngine' (OnClassCondition)

   GsonAutoConfiguration:
      Did not match:
         - @ConditionalOnClass did not find required class 'com.google.gson.Gson' (OnClassCondition)

   GsonHttpMessageConvertersConfiguration:
      Did not match:
         - @ConditionalOnClass did not find required class 'com.google.gson.Gson' (OnClassCondition)

   H2ConsoleAutoConfiguration:
      Did not match:
         - @ConditionalOnClass did not find required class 'org.h2.server.web.JakartaWebServlet' (OnClassCondition)

   HazelcastAutoConfiguration:
      Did not match:
         - @ConditionalOnClass did not find required class 'com.hazelcast.core.HazelcastInstance' (OnClassCondition)

   HazelcastCacheConfiguration:
      Did not match:
         - @ConditionalOnClass did not find required class 'com.hazelcast.core.HazelcastInstance' (OnClassCondition)

   HazelcastJpaDependencyAutoConfiguration:
      Did not match:
         - @ConditionalOnClass did not find required class 'com.hazelcast.core.HazelcastInstance' (OnClassCondition)

   HttpHandlerAutoConfiguration:
      Did not match:
         - @ConditionalOnClass did not find required class 'org.springframework.web.reactive.DispatcherHandler' (OnClassCondition)

   HypermediaAutoConfiguration:
      Did not match:
         - @ConditionalOnClass did not find required class 'org.springframework.hateoas.EntityModel' (OnClassCondition)

   InfinispanCacheConfiguration:
      Did not match:
         - @ConditionalOnClass did not find required class 'org.infinispan.spring.embedded.provider.SpringEmbeddedCacheManager' (OnClassCondition)

   InfluxDbAutoConfiguration:
      Did not match:
         - @ConditionalOnClass did not find required class 'org.influxdb.InfluxDB' (OnClassCondition)

   IntegrationAutoConfiguration:
      Did not match:
         - @ConditionalOnClass did not find required class 'org.springframework.integration.config.EnableIntegration' (OnClassCondition)

   JCacheCacheConfiguration:
      Did not match:
         - @ConditionalOnClass did not find required class 'javax.cache.Caching' (OnClassCondition)

   JacksonHttpMessageConvertersConfiguration.MappingJackson2XmlHttpMessageConverterConfiguration:
      Did not match:
         - @ConditionalOnClass did not find required class 'com.fasterxml.jackson.dataformat.xml.XmlMapper' (OnClassCondition)

   JdbcRepositoriesAutoConfiguration:
      Did not match:
         - @ConditionalOnClass did not find required class 'org.springframework.data.jdbc.repository.config.AbstractJdbcConfiguration' (OnClassCondition)

   JerseyAutoConfiguration:
      Did not match:
         - @ConditionalOnClass did not find required class 'org.glassfish.jersey.server.spring.SpringComponentProvider' (OnClassCondition)

   JmsAutoConfiguration:
      Did not match:
         - @ConditionalOnClass did not find required class 'jakarta.jms.Message' (OnClassCondition)

   JmxAutoConfiguration:
      Did not match:
         - @ConditionalOnProperty (spring.jmx.enabled=true) found different value in property 'enabled' (OnPropertyCondition)
      Matched:
         - @ConditionalOnClass found required class 'org.springframework.jmx.export.MBeanExporter' (OnClassCondition)

   JndiConnectionFactoryAutoConfiguration:
      Did not match:
         - @ConditionalOnClass did not find required class 'org.springframework.jms.core.JmsTemplate' (OnClassCondition)

   JndiDataSourceAutoConfiguration:
      Did not match:
         - @ConditionalOnProperty (spring.datasource.jndi-name) did not find property 'jndi-name' (OnPropertyCondition)
      Matched:
         - @ConditionalOnClass found required classes 'javax.sql.DataSource', 'org.springframework.jdbc.datasource.embedded.EmbeddedDatabaseType' (OnClassCondition)

   JndiJtaConfiguration:
      Did not match:
         - @ConditionalOnJndi JNDI environment is not available (OnJndiCondition)
      Matched:
         - @ConditionalOnClass found required class 'org.springframework.transaction.jta.JtaTransactionManager' (OnClassCondition)

   JooqAutoConfiguration:
      Did not match:
         - @ConditionalOnClass did not find required class 'org.jooq.DSLContext' (OnClassCondition)

   JpaRepositoriesAutoConfiguration#entityManagerFactoryBootstrapExecutorCustomizer:
      Did not match:
         - AnyNestedCondition 0 matched 2 did not; NestedCondition on JpaRepositoriesAutoConfiguration.BootstrapExecutorCondition.LazyBootstrapMode @ConditionalOnProperty (spring.data.jpa.repositories.bootstrap-mode=lazy) did not find property 'bootstrap-mode'; NestedCondition on JpaRepositoriesAutoConfiguration.BootstrapExecutorCondition.DeferredBootstrapMode @ConditionalOnProperty (spring.data.jpa.repositories.bootstrap-mode=deferred) did not find property 'bootstrap-mode' (JpaRepositoriesAutoConfiguration.BootstrapExecutorCondition)

   JsonbAutoConfiguration:
      Did not match:
         - @ConditionalOnClass did not find required class 'jakarta.json.bind.Jsonb' (OnClassCondition)

   JsonbHttpMessageConvertersConfiguration:
      Did not match:
         - @ConditionalOnClass did not find required class 'jakarta.json.bind.Jsonb' (OnClassCondition)

   KafkaAutoConfiguration:
      Did not match:
         - @ConditionalOnClass did not find required class 'org.springframework.kafka.core.KafkaTemplate' (OnClassCondition)

   LdapAutoConfiguration:
      Did not match:
         - @ConditionalOnClass did not find required class 'org.springframework.ldap.core.ContextSource' (OnClassCondition)

   LdapRepositoriesAutoConfiguration:
      Did not match:
         - @ConditionalOnClass did not find required class 'org.springframework.data.ldap.repository.LdapRepository' (OnClassCondition)

   LiquibaseAutoConfiguration:
      Did not match:
         - @ConditionalOnClass did not find required class 'liquibase.change.DatabaseChange' (OnClassCondition)

   LocalDevToolsAutoConfiguration:
      Did not match:
         - Initialized Restarter Condition initialized without URLs (OnInitializedRestarterCondition)

   MailSenderAutoConfiguration:
      Did not match:
         - @ConditionalOnClass did not find required class 'jakarta.mail.internet.MimeMessage' (OnClassCondition)

   MailSenderValidatorAutoConfiguration:
      Did not match:
         - @ConditionalOnSingleCandidate did not find required type 'org.springframework.mail.javamail.JavaMailSenderImpl' (OnBeanCondition)

   MessageSourceAutoConfiguration:
      Did not match:
         - ResourceBundle did not find bundle with basename messages (MessageSourceAutoConfiguration.ResourceBundleCondition)

   MongoAutoConfiguration:
      Did not match:
         - @ConditionalOnClass did not find required class 'com.mongodb.client.MongoClient' (OnClassCondition)

   MongoDataAutoConfiguration:
      Did not match:
         - @ConditionalOnClass did not find required class 'com.mongodb.client.MongoClient' (OnClassCondition)

   MongoReactiveAutoConfiguration:
      Did not match:
         - @ConditionalOnClass did not find required class 'com.mongodb.reactivestreams.client.MongoClient' (OnClassCondition)

   MongoReactiveDataAutoConfiguration:
      Did not match:
         - @ConditionalOnClass did not find required class 'com.mongodb.reactivestreams.client.MongoClient' (OnClassCondition)

   MongoReactiveRepositoriesAutoConfiguration:
      Did not match:
         - @ConditionalOnClass did not find required class 'com.mongodb.reactivestreams.client.MongoClient' (OnClassCondition)

   MongoRepositoriesAutoConfiguration:
      Did not match:
         - @ConditionalOnClass did not find required class 'com.mongodb.client.MongoClient' (OnClassCondition)

   MustacheAutoConfiguration:
      Did not match:
         - @ConditionalOnClass did not find required class 'com.samskivert.mustache.Mustache' (OnClassCondition)

   Neo4jAutoConfiguration:
      Did not match:
         - @ConditionalOnClass did not find required class 'org.neo4j.driver.Driver' (OnClassCondition)

   Neo4jDataAutoConfiguration:
      Did not match:
         - @ConditionalOnClass did not find required class 'org.neo4j.driver.Driver' (OnClassCondition)

   Neo4jReactiveDataAutoConfiguration:
      Did not match:
         - @ConditionalOnClass did not find required class 'org.neo4j.driver.Driver' (OnClassCondition)

   Neo4jReactiveRepositoriesAutoConfiguration:
      Did not match:
         - @ConditionalOnClass did not find required class 'org.neo4j.driver.Driver' (OnClassCondition)

   Neo4jRepositoriesAutoConfiguration:
      Did not match:
         - @ConditionalOnClass did not find required class 'org.neo4j.driver.Driver' (OnClassCondition)

   NettyAutoConfiguration:
      Did not match:
         - @ConditionalOnClass did not find required class 'io.netty.util.NettyRuntime' (OnClassCondition)

   OAuth2AuthorizationServerAutoConfiguration:
      Did not match:
         - @ConditionalOnClass did not find required class 'org.springframework.security.oauth2.server.authorization.OAuth2Authorization' (OnClassCondition)

   OAuth2AuthorizationServerJwtAutoConfiguration:
      Did not match:
         - @ConditionalOnClass did not find required class 'org.springframework.security.oauth2.server.authorization.OAuth2Authorization' (OnClassCondition)

   OAuth2ClientAutoConfiguration:
      Did not match:
         - @ConditionalOnClass did not find required class 'org.springframework.security.config.annotation.web.configuration.EnableWebSecurity' (OnClassCondition)

   OAuth2ResourceServerAutoConfiguration:
      Did not match:
         - @ConditionalOnClass did not find required class 'org.springframework.security.oauth2.server.resource.authentication.BearerTokenAuthenticationToken' (OnClassCondition)

   ProjectInfoAutoConfiguration#buildProperties:
      Did not match:
         - @ConditionalOnResource did not find resource '${spring.info.build.location:classpath:META-INF/build-info.properties}' (OnResourceCondition)

   ProjectInfoAutoConfiguration#gitProperties:
      Did not match:
         - GitResource did not find git info at classpath:git.properties (ProjectInfoAutoConfiguration.GitResourceAvailableCondition)

   PulsarAutoConfiguration:
      Did not match:
         - @ConditionalOnClass did not find required class 'org.apache.pulsar.client.api.PulsarClient' (OnClassCondition)

   PulsarReactiveAutoConfiguration:
      Did not match:
         - @ConditionalOnClass did not find required class 'org.apache.pulsar.client.api.PulsarClient' (OnClassCondition)

   QuartzAutoConfiguration:
      Did not match:
         - @ConditionalOnClass did not find required class 'org.quartz.Scheduler' (OnClassCondition)

   R2dbcAutoConfiguration:
      Did not match:
         - @ConditionalOnClass did not find required class 'io.r2dbc.spi.ConnectionFactory' (OnClassCondition)

   R2dbcDataAutoConfiguration:
      Did not match:
         - @ConditionalOnClass did not find required class 'org.springframework.data.r2dbc.core.R2dbcEntityTemplate' (OnClassCondition)

   R2dbcInitializationConfiguration:
      Did not match:
         - @ConditionalOnClass did not find required classes 'io.r2dbc.spi.ConnectionFactory', 'org.springframework.r2dbc.connection.init.DatabasePopulator' (OnClassCondition)

   R2dbcRepositoriesAutoConfiguration:
      Did not match:
         - @ConditionalOnClass did not find required class 'io.r2dbc.spi.ConnectionFactory' (OnClassCondition)

   R2dbcTransactionManagerAutoConfiguration:
      Did not match:
         - @ConditionalOnClass did not find required class 'org.springframework.r2dbc.connection.R2dbcTransactionManager' (OnClassCondition)

   RSocketGraphQlClientAutoConfiguration:
      Did not match:
         - @ConditionalOnClass did not find required class 'graphql.GraphQL' (OnClassCondition)

   RSocketMessagingAutoConfiguration:
      Did not match:
         - @ConditionalOnClass did not find required class 'io.rsocket.RSocket' (OnClassCondition)

   RSocketRequesterAutoConfiguration:
      Did not match:
         - @ConditionalOnClass did not find required class 'io.rsocket.RSocket' (OnClassCondition)

   RSocketSecurityAutoConfiguration:
      Did not match:
         - @ConditionalOnClass did not find required class 'org.springframework.security.rsocket.core.SecuritySocketAcceptorInterceptor' (OnClassCondition)

   RSocketServerAutoConfiguration:
      Did not match:
         - @ConditionalOnClass did not find required class 'io.rsocket.core.RSocketServer' (OnClassCondition)

   RSocketStrategiesAutoConfiguration:
      Did not match:
         - @ConditionalOnClass did not find required class 'io.netty.buffer.PooledByteBufAllocator' (OnClassCondition)

   RabbitAutoConfiguration:
      Did not match:
         - @ConditionalOnClass did not find required class 'com.rabbitmq.client.Channel' (OnClassCondition)

   ReactiveElasticsearchClientAutoConfiguration:
      Did not match:
         - @ConditionalOnClass did not find required class 'co.elastic.clients.transport.ElasticsearchTransport' (OnClassCondition)

   ReactiveElasticsearchRepositoriesAutoConfiguration:
      Did not match:
         - @ConditionalOnClass did not find required class 'org.springframework.data.elasticsearch.client.elc.ReactiveElasticsearchClient' (OnClassCondition)

   ReactiveMultipartAutoConfiguration:
      Did not match:
         - @ConditionalOnClass did not find required class 'org.springframework.web.reactive.config.WebFluxConfigurer' (OnClassCondition)

   ReactiveOAuth2ClientAutoConfiguration:
      Did not match:
         - @ConditionalOnClass did not find required class 'reactor.core.publisher.Flux' (OnClassCondition)

   ReactiveOAuth2ResourceServerAutoConfiguration:
      Did not match:
         - @ConditionalOnClass did not find required class 'org.springframework.security.config.annotation.web.reactive.EnableWebFluxSecurity' (OnClassCondition)

   ReactiveSecurityAutoConfiguration:
      Did not match:
         - @ConditionalOnClass did not find required class 'reactor.core.publisher.Flux' (OnClassCondition)

   ReactiveUserDetailsServiceAutoConfiguration:
      Did not match:
         - @ConditionalOnClass did not find required class 'org.springframework.security.authentication.ReactiveAuthenticationManager' (OnClassCondition)

   ReactiveWebServerFactoryAutoConfiguration:
      Did not match:
         - @ConditionalOnWebApplication did not find reactive web application classes (OnWebApplicationCondition)

   ReactorAutoConfiguration:
      Did not match:
         - @ConditionalOnClass did not find required class 'reactor.core.publisher.Hooks' (OnClassCondition)

   RedisAutoConfiguration:
      Did not match:
         - @ConditionalOnClass did not find required class 'org.springframework.data.redis.core.RedisOperations' (OnClassCondition)

   RedisCacheConfiguration:
      Did not match:
         - @ConditionalOnClass did not find required class 'org.springframework.data.redis.connection.RedisConnectionFactory' (OnClassCondition)

   RedisReactiveAutoConfiguration:
      Did not match:
         - @ConditionalOnClass did not find required class 'reactor.core.publisher.Flux' (OnClassCondition)

   RedisRepositoriesAutoConfiguration:
      Did not match:
         - @ConditionalOnClass did not find required class 'org.springframework.data.redis.repository.configuration.EnableRedisRepositories' (OnClassCondition)

   RemoteDevToolsAutoConfiguration:
      Did not match:
         - @ConditionalOnProperty (spring.devtools.remote.secret) did not find property 'secret' (OnPropertyCondition)
      Matched:
         - @ConditionalOnClass found required classes 'jakarta.servlet.Filter', 'org.springframework.http.server.ServerHttpRequest' (OnClassCondition)

   RepositoryRestMvcAutoConfiguration:
      Did not match:
         - @ConditionalOnClass did not find required class 'org.springframework.data.rest.webmvc.config.RepositoryRestMvcConfiguration' (OnClassCondition)

   Saml2RelyingPartyAutoConfiguration:
      Did not match:
         - @ConditionalOnClass did not find required class 'org.springframework.security.saml2.provider.service.registration.RelyingPartyRegistrationRepository' (OnClassCondition)

   SecurityAutoConfiguration:
      Did not match:
         - @ConditionalOnClass did not find required class 'org.springframework.security.authentication.DefaultAuthenticationEventPublisher' (OnClassCondition)

   SecurityFilterAutoConfiguration:
      Did not match:
         - @ConditionalOnClass did not find required class 'org.springframework.security.config.http.SessionCreationPolicy' (OnClassCondition)

   SendGridAutoConfiguration:
      Did not match:
         - @ConditionalOnClass did not find required class 'com.sendgrid.SendGrid' (OnClassCondition)

   ServletWebServerFactoryAutoConfiguration.ForwardedHeaderFilterConfiguration:
      Did not match:
         - @ConditionalOnProperty (server.forward-headers-strategy=framework) did not find property 'server.forward-headers-strategy' (OnPropertyCondition)

   ServletWebServerFactoryConfiguration.EmbeddedJetty:
      Did not match:
         - @ConditionalOnClass did not find required classes 'org.eclipse.jetty.server.Server', 'org.eclipse.jetty.util.Loader', 'org.eclipse.jetty.ee10.webapp.WebAppContext' (OnClassCondition)

   ServletWebServerFactoryConfiguration.EmbeddedUndertow:
      Did not match:
         - @ConditionalOnClass did not find required classes 'io.undertow.Undertow', 'org.xnio.SslClientAuthMode' (OnClassCondition)

   SessionAutoConfiguration:
      Did not match:
         - @ConditionalOnClass did not find required class 'org.springframework.session.Session' (OnClassCondition)

   SpringApplicationAdminJmxAutoConfiguration:
      Did not match:
         - @ConditionalOnProperty (spring.application.admin.enabled=true) did not find property 'enabled' (OnPropertyCondition)

   TaskExecutorConfigurations.SimpleAsyncTaskExecutorBuilderConfiguration#simpleAsyncTaskExecutorBuilderVirtualThreads:
      Did not match:
         - @ConditionalOnMissingBean (types: org.springframework.boot.task.SimpleAsyncTaskExecutorBuilder; SearchStrategy: all) found beans of type 'org.springframework.boot.task.SimpleAsyncTaskExecutorBuilder' simpleAsyncTaskExecutorBuilder (OnBeanCondition)

   TaskExecutorConfigurations.TaskExecutorConfiguration#applicationTaskExecutorVirtualThreads:
      Did not match:
         - @ConditionalOnThreading did not find VIRTUAL (OnThreadingCondition)

   TaskSchedulingAutoConfiguration#scheduledBeanLazyInitializationExcludeFilter:
      Did not match:
         - @ConditionalOnBean (names: org.springframework.context.annotation.internalScheduledAnnotationProcessor; SearchStrategy: all) did not find any beans named org.springframework.context.annotation.internalScheduledAnnotationProcessor (OnBeanCondition)

   TaskSchedulingConfigurations.SimpleAsyncTaskSchedulerBuilderConfiguration#simpleAsyncTaskSchedulerBuilderVirtualThreads:
      Did not match:
         - @ConditionalOnMissingBean (types: org.springframework.boot.task.SimpleAsyncTaskSchedulerBuilder; SearchStrategy: all) found beans of type 'org.springframework.boot.task.SimpleAsyncTaskSchedulerBuilder' simpleAsyncTaskSchedulerBuilder (OnBeanCondition)

   TaskSchedulingConfigurations.TaskSchedulerConfiguration:
      Did not match:
         - @ConditionalOnBean (names: org.springframework.context.annotation.internalScheduledAnnotationProcessor; SearchStrategy: all) did not find any beans named org.springframework.context.annotation.internalScheduledAnnotationProcessor (OnBeanCondition)

   ThymeleafAutoConfiguration:
      Did not match:
         - @ConditionalOnClass did not find required class 'org.thymeleaf.spring6.SpringTemplateEngine' (OnClassCondition)

   TransactionAutoConfiguration#transactionalOperator:
      Did not match:
         - @ConditionalOnSingleCandidate (types: org.springframework.transaction.ReactiveTransactionManager; SearchStrategy: all) did not find any beans (OnBeanCondition)

   TransactionAutoConfiguration.AspectJTransactionManagementConfiguration:
      Did not match:
         - @ConditionalOnBean (types: org.springframework.transaction.aspectj.AbstractTransactionAspect; SearchStrategy: all) did not find any beans of type org.springframework.transaction.aspectj.AbstractTransactionAspect (OnBeanCondition)

   TransactionAutoConfiguration.EnableTransactionManagementConfiguration.JdkDynamicAutoProxyConfiguration:
      Did not match:
         - @ConditionalOnProperty (spring.aop.proxy-target-class=false) did not find property 'proxy-target-class' (OnPropertyCondition)

   UserDetailsServiceAutoConfiguration:
      Did not match:
         - @ConditionalOnClass did not find required class 'org.springframework.security.authentication.AuthenticationManager' (OnClassCondition)

   ValidationAutoConfiguration:
      Did not match:
         - @ConditionalOnClass did not find required class 'jakarta.validation.executable.ExecutableValidator' (OnClassCondition)

   WebClientAutoConfiguration:
      Did not match:
         - @ConditionalOnClass did not find required class 'org.springframework.web.reactive.function.client.WebClient' (OnClassCondition)

   WebFluxAutoConfiguration:
      Did not match:
         - @ConditionalOnClass did not find required class 'org.springframework.web.reactive.config.WebFluxConfigurer' (OnClassCondition)

   WebMvcAutoConfiguration#hiddenHttpMethodFilter:
      Did not match:
         - @ConditionalOnProperty (spring.mvc.hiddenmethod.filter.enabled) did not find property 'enabled' (OnPropertyCondition)

   WebMvcAutoConfiguration.ProblemDetailsErrorHandlingConfiguration:
      Did not match:
         - @ConditionalOnProperty (spring.mvc.problemdetails.enabled=true) did not find property 'enabled' (OnPropertyCondition)

   WebMvcAutoConfiguration.ResourceChainCustomizerConfiguration:
      Did not match:
         - @ConditionalOnEnabledResourceChain did not find class org.webjars.WebJarAssetLocator (OnEnabledResourceChainCondition)

   WebMvcAutoConfiguration.WebMvcAutoConfigurationAdapter#beanNameViewResolver:
      Did not match:
         - @ConditionalOnMissingBean (types: org.springframework.web.servlet.view.BeanNameViewResolver; SearchStrategy: all) found beans of type 'org.springframework.web.servlet.view.BeanNameViewResolver' beanNameViewResolver (OnBeanCondition)

   WebServiceTemplateAutoConfiguration:
      Did not match:
         - @ConditionalOnClass did not find required class 'org.springframework.oxm.Marshaller' (OnClassCondition)

   WebServicesAutoConfiguration:
      Did not match:
         - @ConditionalOnClass did not find required class 'org.springframework.ws.transport.http.MessageDispatcherServlet' (OnClassCondition)

   WebSessionIdResolverAutoConfiguration:
      Did not match:
         - @ConditionalOnClass did not find required class 'reactor.core.publisher.Mono' (OnClassCondition)

   WebSocketMessagingAutoConfiguration:
      Did not match:
         - @ConditionalOnClass did not find required class 'org.springframework.web.socket.config.annotation.WebSocketMessageBrokerConfigurer' (OnClassCondition)

   WebSocketReactiveAutoConfiguration:
      Did not match:
         - @ConditionalOnWebApplication did not find reactive web application classes (OnWebApplicationCondition)

   WebSocketServletAutoConfiguration.JettyWebSocketConfiguration:
      Did not match:
         - @ConditionalOnClass did not find required class 'org.eclipse.jetty.ee10.websocket.jakarta.server.config.JakartaWebSocketServletContainerInitializer' (OnClassCondition)

   WebSocketServletAutoConfiguration.UndertowWebSocketConfiguration:
      Did not match:
         - @ConditionalOnClass did not find required class 'io.undertow.websockets.jsr.Bootstrap' (OnClassCondition)

   XADataSourceAutoConfiguration:
      Did not match:
         - @ConditionalOnBean (types: org.springframework.boot.jdbc.XADataSourceWrapper; SearchStrategy: all) did not find any beans of type org.springframework.boot.jdbc.XADataSourceWrapper (OnBeanCondition)
      Matched:
         - @ConditionalOnClass found required classes 'javax.sql.DataSource', 'jakarta.transaction.TransactionManager', 'org.springframework.jdbc.datasource.embedded.EmbeddedDatabaseType' (OnClassCondition)


Exclusions:
-----------

    None


Unconditional classes:
----------------------

    org.springframework.boot.autoconfigure.context.ConfigurationPropertiesAutoConfiguration

    org.springframework.boot.autoconfigure.ssl.SslAutoConfiguration

    org.springframework.boot.autoconfigure.context.LifecycleAutoConfiguration

    org.springframework.boot.autoconfigure.context.PropertyPlaceholderAutoConfiguration

    org.springframework.boot.autoconfigure.availability.ApplicationAvailabilityAutoConfiguration

    org.springframework.boot.autoconfigure.info.ProjectInfoAutoConfiguration



2024-05-24 19:29:42 - Creating shared instance of singleton bean 'org.springframework.transaction.config.internalTransactionAdvisor'
2024-05-24 19:29:42 - Creating shared instance of singleton bean 'org.springframework.transaction.annotation.ProxyTransactionManagementConfiguration'
2024-05-24 19:29:42 - Bean creation exception on singleton FactoryBean type check: org.springframework.beans.factory.BeanCreationException: Error creating bean with name 'org.springframework.transaction.annotation.ProxyTransactionManagementConfiguration': No bean named 'org.springframework.context.annotation.ConfigurationClassPostProcessor.importRegistry' available
2024-05-24 19:29:42 - Application failed to start due to an exception
org.springframework.beans.factory.NoSuchBeanDefinitionException: No qualifying bean of type 'com.CustomerRelationshipManagementSystem.service.CustomerService' available: expected at least 1 bean which qualifies as autowire candidate. Dependency annotations: {@org.springframework.beans.factory.annotation.Autowired(required=true)}
	at org.springframework.beans.factory.support.DefaultListableBeanFactory.raiseNoMatchingBeanFound(DefaultListableBeanFactory.java:1880)
	at org.springframework.beans.factory.support.DefaultListableBeanFactory.doResolveDependency(DefaultListableBeanFactory.java:1406)
	at org.springframework.beans.factory.support.DefaultListableBeanFactory.resolveDependency(DefaultListableBeanFactory.java:1353)
	at org.springframework.beans.factory.annotation.AutowiredAnnotationBeanPostProcessor$AutowiredFieldElement.resolveFieldValue(AutowiredAnnotationBeanPostProcessor.java:784)
	at org.springframework.beans.factory.annotation.AutowiredAnnotationBeanPostProcessor$AutowiredFieldElement.inject(AutowiredAnnotationBeanPostProcessor.java:767)
	at org.springframework.beans.factory.annotation.InjectionMetadata.inject(InjectionMetadata.java:145)
	at org.springframework.beans.factory.annotation.AutowiredAnnotationBeanPostProcessor.postProcessProperties(AutowiredAnnotationBeanPostProcessor.java:508)
	at org.springframework.beans.factory.support.AbstractAutowireCapableBeanFactory.populateBean(AbstractAutowireCapableBeanFactory.java:1421)
	at org.springframework.beans.factory.support.AbstractAutowireCapableBeanFactory.doCreateBean(AbstractAutowireCapableBeanFactory.java:599)
	at org.springframework.beans.factory.support.AbstractAutowireCapableBeanFactory.createBean(AbstractAutowireCapableBeanFactory.java:522)
	at org.springframework.beans.factory.support.AbstractBeanFactory.lambda$doGetBean$0(AbstractBeanFactory.java:337)
	at org.springframework.beans.factory.support.DefaultSingletonBeanRegistry.getSingleton(DefaultSingletonBeanRegistry.java:234)
	at org.springframework.beans.factory.support.AbstractBeanFactory.doGetBean(AbstractBeanFactory.java:335)
	at org.springframework.beans.factory.support.AbstractBeanFactory.getBean(AbstractBeanFactory.java:200)
	at org.springframework.beans.factory.support.DefaultListableBeanFactory.preInstantiateSingletons(DefaultListableBeanFactory.java:975)
	at org.springframework.context.support.AbstractApplicationContext.finishBeanFactoryInitialization(AbstractApplicationContext.java:962)
	at org.springframework.context.support.AbstractApplicationContext.refresh(AbstractApplicationContext.java:624)
	at org.springframework.boot.SpringApplication.refresh(SpringApplication.java:754)
	at org.springframework.boot.SpringApplication.refreshContext(SpringApplication.java:456)
	at org.springframework.boot.SpringApplication.run(SpringApplication.java:335)
	at org.springframework.boot.test.context.SpringBootContextLoader.lambda$loadContext$3(SpringBootContextLoader.java:137)
	at org.springframework.util.function.ThrowingSupplier.get(ThrowingSupplier.java:58)
	at org.springframework.util.function.ThrowingSupplier.get(ThrowingSupplier.java:46)
	at org.springframework.boot.SpringApplication.withHook(SpringApplication.java:1463)
	at org.springframework.boot.test.context.SpringBootContextLoader$ContextLoaderHook.run(SpringBootContextLoader.java:553)
	at org.springframework.boot.test.context.SpringBootContextLoader.loadContext(SpringBootContextLoader.java:137)
	at org.springframework.boot.test.context.SpringBootContextLoader.loadContext(SpringBootContextLoader.java:108)
	at org.springframework.test.context.cache.DefaultCacheAwareContextLoaderDelegate.loadContextInternal(DefaultCacheAwareContextLoaderDelegate.java:225)
	at org.springframework.test.context.cache.DefaultCacheAwareContextLoaderDelegate.loadContext(DefaultCacheAwareContextLoaderDelegate.java:152)
	at org.springframework.test.context.support.DefaultTestContext.getApplicationContext(DefaultTestContext.java:130)
	at org.springframework.test.context.web.ServletTestExecutionListener.setUpRequestContextIfNecessary(ServletTestExecutionListener.java:191)
	at org.springframework.test.context.web.ServletTestExecutionListener.prepareTestInstance(ServletTestExecutionListener.java:130)
	at org.springframework.test.context.TestContextManager.prepareTestInstance(TestContextManager.java:260)
	at org.springframework.test.context.junit.jupiter.SpringExtension.postProcessTestInstance(SpringExtension.java:163)
	at org.junit.jupiter.engine.descriptor.ClassBasedTestDescriptor.lambda$invokeTestInstancePostProcessors$10(ClassBasedTestDescriptor.java:378)
	at org.junit.jupiter.engine.descriptor.ClassBasedTestDescriptor.executeAndMaskThrowable(ClassBasedTestDescriptor.java:383)
	at org.junit.jupiter.engine.descriptor.ClassBasedTestDescriptor.lambda$invokeTestInstancePostProcessors$11(ClassBasedTestDescriptor.java:378)
	at java.base/java.util.stream.ReferencePipeline$3$1.accept(ReferencePipeline.java:212)
	at java.base/java.util.stream.ReferencePipeline$2$1.accept(ReferencePipeline.java:194)
	at java.base/java.util.ArrayList$ArrayListSpliterator.forEachRemaining(ArrayList.java:1709)
	at java.base/java.util.stream.AbstractPipeline.copyInto(AbstractPipeline.java:556)
	at java.base/java.util.stream.AbstractPipeline.wrapAndCopyInto(AbstractPipeline.java:546)
	at java.base/java.util.stream.StreamSpliterators$WrappingSpliterator.forEachRemaining(StreamSpliterators.java:310)
	at java.base/java.util.stream.Streams$ConcatSpliterator.forEachRemaining(Streams.java:735)
	at java.base/java.util.stream.Streams$ConcatSpliterator.forEachRemaining(Streams.java:734)
	at java.base/java.util.stream.ReferencePipeline$Head.forEach(ReferencePipeline.java:782)
	at org.junit.jupiter.engine.descriptor.ClassBasedTestDescriptor.invokeTestInstancePostProcessors(ClassBasedTestDescriptor.java:377)
	at org.junit.jupiter.engine.descriptor.ClassBasedTestDescriptor.lambda$instantiateAndPostProcessTestInstance$6(ClassBasedTestDescriptor.java:290)
	at org.junit.platform.engine.support.hierarchical.ThrowableCollector.execute(ThrowableCollector.java:73)
	at org.junit.jupiter.engine.descriptor.ClassBasedTestDescriptor.instantiateAndPostProcessTestInstance(ClassBasedTestDescriptor.java:289)
	at org.junit.jupiter.engine.descriptor.ClassBasedTestDescriptor.lambda$testInstancesProvider$4(ClassBasedTestDescriptor.java:279)
	at java.base/java.util.Optional.orElseGet(Optional.java:364)
	at org.junit.jupiter.engine.descriptor.ClassBasedTestDescriptor.lambda$testInstancesProvider$5(ClassBasedTestDescriptor.java:278)
	at org.junit.jupiter.engine.execution.TestInstancesProvider.getTestInstances(TestInstancesProvider.java:31)
	at org.junit.jupiter.engine.descriptor.TestMethodTestDescriptor.lambda$prepare$0(TestMethodTestDescriptor.java:106)
	at org.junit.platform.engine.support.hierarchical.ThrowableCollector.execute(ThrowableCollector.java:73)
	at org.junit.jupiter.engine.descriptor.TestMethodTestDescriptor.prepare(TestMethodTestDescriptor.java:105)
	at org.junit.jupiter.engine.descriptor.TestMethodTestDescriptor.prepare(TestMethodTestDescriptor.java:69)
	at org.junit.platform.engine.support.hierarchical.NodeTestTask.lambda$prepare$2(NodeTestTask.java:123)
	at org.junit.platform.engine.support.hierarchical.ThrowableCollector.execute(ThrowableCollector.java:73)
	at org.junit.platform.engine.support.hierarchical.NodeTestTask.prepare(NodeTestTask.java:123)
	at org.junit.platform.engine.support.hierarchical.NodeTestTask.execute(NodeTestTask.java:90)
	at java.base/java.util.ArrayList.forEach(ArrayList.java:1597)
	at org.junit.platform.engine.support.hierarchical.SameThreadHierarchicalTestExecutorService.invokeAll(SameThreadHierarchicalTestExecutorService.java:41)
	at org.junit.platform.engine.support.hierarchical.NodeTestTask.lambda$executeRecursively$6(NodeTestTask.java:155)
	at org.junit.platform.engine.support.hierarchical.ThrowableCollector.execute(ThrowableCollector.java:73)
	at org.junit.platform.engine.support.hierarchical.NodeTestTask.lambda$executeRecursively$8(NodeTestTask.java:141)
	at org.junit.platform.engine.support.hierarchical.Node.around(Node.java:137)
	at org.junit.platform.engine.support.hierarchical.NodeTestTask.lambda$executeRecursively$9(NodeTestTask.java:139)
	at org.junit.platform.engine.support.hierarchical.ThrowableCollector.execute(ThrowableCollector.java:73)
	at org.junit.platform.engine.support.hierarchical.NodeTestTask.executeRecursively(NodeTestTask.java:138)
	at org.junit.platform.engine.support.hierarchical.NodeTestTask.execute(NodeTestTask.java:95)
	at java.base/java.util.ArrayList.forEach(ArrayList.java:1597)
	at org.junit.platform.engine.support.hierarchical.SameThreadHierarchicalTestExecutorService.invokeAll(SameThreadHierarchicalTestExecutorService.java:41)
	at org.junit.platform.engine.support.hierarchical.NodeTestTask.lambda$executeRecursively$6(NodeTestTask.java:155)
	at org.junit.platform.engine.support.hierarchical.ThrowableCollector.execute(ThrowableCollector.java:73)
	at org.junit.platform.engine.support.hierarchical.NodeTestTask.lambda$executeRecursively$8(NodeTestTask.java:141)
	at org.junit.platform.engine.support.hierarchical.Node.around(Node.java:137)
	at org.junit.platform.engine.support.hierarchical.NodeTestTask.lambda$executeRecursively$9(NodeTestTask.java:139)
	at org.junit.platform.engine.support.hierarchical.ThrowableCollector.execute(ThrowableCollector.java:73)
	at org.junit.platform.engine.support.hierarchical.NodeTestTask.executeRecursively(NodeTestTask.java:138)
	at org.junit.platform.engine.support.hierarchical.NodeTestTask.execute(NodeTestTask.java:95)
	at org.junit.platform.engine.support.hierarchical.SameThreadHierarchicalTestExecutorService.submit(SameThreadHierarchicalTestExecutorService.java:35)
	at org.junit.platform.engine.support.hierarchical.HierarchicalTestExecutor.execute(HierarchicalTestExecutor.java:57)
	at org.junit.platform.engine.support.hierarchical.HierarchicalTestEngine.execute(HierarchicalTestEngine.java:54)
	at org.junit.platform.launcher.core.EngineExecutionOrchestrator.execute(EngineExecutionOrchestrator.java:198)
	at org.junit.platform.launcher.core.EngineExecutionOrchestrator.execute(EngineExecutionOrchestrator.java:169)
	at org.junit.platform.launcher.core.EngineExecutionOrchestrator.execute(EngineExecutionOrchestrator.java:93)
	at org.junit.platform.launcher.core.EngineExecutionOrchestrator.lambda$execute$0(EngineExecutionOrchestrator.java:58)
	at org.junit.platform.launcher.core.EngineExecutionOrchestrator.withInterceptedStreams(EngineExecutionOrchestrator.java:141)
	at org.junit.platform.launcher.core.EngineExecutionOrchestrator.execute(EngineExecutionOrchestrator.java:57)
	at org.junit.platform.launcher.core.DefaultLauncher.execute(DefaultLauncher.java:103)
	at org.junit.platform.launcher.core.DefaultLauncher.execute(DefaultLauncher.java:85)
	at org.junit.platform.launcher.core.DelegatingLauncher.execute(DelegatingLauncher.java:47)
	at org.apache.maven.surefire.junitplatform.LazyLauncher.execute(LazyLauncher.java:56)
	at org.apache.maven.surefire.junitplatform.JUnitPlatformProvider.execute(JUnitPlatformProvider.java:184)
	at org.apache.maven.surefire.junitplatform.JUnitPlatformProvider.invokeAllTests(JUnitPlatformProvider.java:148)
	at org.apache.maven.surefire.junitplatform.JUnitPlatformProvider.invoke(JUnitPlatformProvider.java:122)
	at org.apache.maven.surefire.booter.ForkedBooter.runSuitesInProcess(ForkedBooter.java:385)
	at org.apache.maven.surefire.booter.ForkedBooter.execute(ForkedBooter.java:162)
	at org.apache.maven.surefire.booter.ForkedBooter.run(ForkedBooter.java:507)
	at org.apache.maven.surefire.booter.ForkedBooter.main(ForkedBooter.java:495)
2024-05-24 19:29:42 - 

***************************
APPLICATION FAILED TO START
***************************

Description:

Field customerService in com.CustomerRelationshipManagementSystem.controller.CustomerController required a bean of type 'com.CustomerRelationshipManagementSystem.service.CustomerService' that could not be found.

The injection point has the following annotations:
	- @org.springframework.beans.factory.annotation.Autowired(required=true)


Action:

Consider defining a bean of type 'com.CustomerRelationshipManagementSystem.service.CustomerService' in your configuration.

2024-05-24 19:29:42 - Spring test ApplicationContext cache statistics: [DefaultContextCache@c49e434 size = 0, maxSize = 32, parentContextCount = 0, hitCount = 0, missCount = 1, failureCount = 1]
2024-05-24 19:29:42 - Caught exception while allowing TestExecutionListener [org.springframework.test.context.web.ServletTestExecutionListener] to prepare test instance [com.CustomerRelationshipManagementSystem.CustomerRelationshipManagementSystemApplicationTests@32b1e906]
java.lang.IllegalStateException: Failed to load ApplicationContext for [WebMergedContextConfiguration@7615666e testClass = com.CustomerRelationshipManagementSystem.CustomerRelationshipManagementSystemApplicationTests, locations = [], classes = [com.CustomerRelationshipManagementSystem.CustomerRelationshipManagementSystemApplication], contextInitializerClasses = [], activeProfiles = [], propertySourceDescriptors = [], propertySourceProperties = ["org.springframework.boot.test.context.SpringBootTestContextBootstrapper=true"], contextCustomizers = [org.springframework.boot.test.context.filter.ExcludeFilterContextCustomizer@181e731e, org.springframework.boot.test.json.DuplicateJsonObjectContextCustomizerFactory$DuplicateJsonObjectContextCustomizer@17d88132, org.springframework.boot.test.mock.mockito.MockitoContextCustomizer@0, org.springframework.boot.test.web.client.TestRestTemplateContextCustomizer@3403e2ac, org.springframework.boot.test.autoconfigure.actuate.observability.ObservabilityContextCustomizerFactory$DisableObservabilityContextCustomizer@1f, org.springframework.boot.test.autoconfigure.properties.PropertyMappingContextCustomizer@0, org.springframework.boot.test.autoconfigure.web.servlet.WebDriverContextCustomizer@d41f816, org.springframework.boot.test.context.SpringBootTestAnnotation@90c5503d], resourceBasePath = "src/main/webapp", contextLoader = org.springframework.boot.test.context.SpringBootContextLoader, parent = null]
	at org.springframework.test.context.cache.DefaultCacheAwareContextLoaderDelegate.loadContext(DefaultCacheAwareContextLoaderDelegate.java:180)
	at org.springframework.test.context.support.DefaultTestContext.getApplicationContext(DefaultTestContext.java:130)
	at org.springframework.test.context.web.ServletTestExecutionListener.setUpRequestContextIfNecessary(ServletTestExecutionListener.java:191)
	at org.springframework.test.context.web.ServletTestExecutionListener.prepareTestInstance(ServletTestExecutionListener.java:130)
	at org.springframework.test.context.TestContextManager.prepareTestInstance(TestContextManager.java:260)
	at org.springframework.test.context.junit.jupiter.SpringExtension.postProcessTestInstance(SpringExtension.java:163)
	at org.junit.jupiter.engine.descriptor.ClassBasedTestDescriptor.lambda$invokeTestInstancePostProcessors$10(ClassBasedTestDescriptor.java:378)
	at org.junit.jupiter.engine.descriptor.ClassBasedTestDescriptor.executeAndMaskThrowable(ClassBasedTestDescriptor.java:383)
	at org.junit.jupiter.engine.descriptor.ClassBasedTestDescriptor.lambda$invokeTestInstancePostProcessors$11(ClassBasedTestDescriptor.java:378)
	at java.base/java.util.stream.ReferencePipeline$3$1.accept(ReferencePipeline.java:212)
	at java.base/java.util.stream.ReferencePipeline$2$1.accept(ReferencePipeline.java:194)
	at java.base/java.util.ArrayList$ArrayListSpliterator.forEachRemaining(ArrayList.java:1709)
	at java.base/java.util.stream.AbstractPipeline.copyInto(AbstractPipeline.java:556)
	at java.base/java.util.stream.AbstractPipeline.wrapAndCopyInto(AbstractPipeline.java:546)
	at java.base/java.util.stream.StreamSpliterators$WrappingSpliterator.forEachRemaining(StreamSpliterators.java:310)
	at java.base/java.util.stream.Streams$ConcatSpliterator.forEachRemaining(Streams.java:735)
	at java.base/java.util.stream.Streams$ConcatSpliterator.forEachRemaining(Streams.java:734)
	at java.base/java.util.stream.ReferencePipeline$Head.forEach(ReferencePipeline.java:782)
	at org.junit.jupiter.engine.descriptor.ClassBasedTestDescriptor.invokeTestInstancePostProcessors(ClassBasedTestDescriptor.java:377)
	at org.junit.jupiter.engine.descriptor.ClassBasedTestDescriptor.lambda$instantiateAndPostProcessTestInstance$6(ClassBasedTestDescriptor.java:290)
	at org.junit.platform.engine.support.hierarchical.ThrowableCollector.execute(ThrowableCollector.java:73)
	at org.junit.jupiter.engine.descriptor.ClassBasedTestDescriptor.instantiateAndPostProcessTestInstance(ClassBasedTestDescriptor.java:289)
	at org.junit.jupiter.engine.descriptor.ClassBasedTestDescriptor.lambda$testInstancesProvider$4(ClassBasedTestDescriptor.java:279)
	at java.base/java.util.Optional.orElseGet(Optional.java:364)
	at org.junit.jupiter.engine.descriptor.ClassBasedTestDescriptor.lambda$testInstancesProvider$5(ClassBasedTestDescriptor.java:278)
	at org.junit.jupiter.engine.execution.TestInstancesProvider.getTestInstances(TestInstancesProvider.java:31)
	at org.junit.jupiter.engine.descriptor.TestMethodTestDescriptor.lambda$prepare$0(TestMethodTestDescriptor.java:106)
	at org.junit.platform.engine.support.hierarchical.ThrowableCollector.execute(ThrowableCollector.java:73)
	at org.junit.jupiter.engine.descriptor.TestMethodTestDescriptor.prepare(TestMethodTestDescriptor.java:105)
	at org.junit.jupiter.engine.descriptor.TestMethodTestDescriptor.prepare(TestMethodTestDescriptor.java:69)
	at org.junit.platform.engine.support.hierarchical.NodeTestTask.lambda$prepare$2(NodeTestTask.java:123)
	at org.junit.platform.engine.support.hierarchical.ThrowableCollector.execute(ThrowableCollector.java:73)
	at org.junit.platform.engine.support.hierarchical.NodeTestTask.prepare(NodeTestTask.java:123)
	at org.junit.platform.engine.support.hierarchical.NodeTestTask.execute(NodeTestTask.java:90)
	at java.base/java.util.ArrayList.forEach(ArrayList.java:1597)
	at org.junit.platform.engine.support.hierarchical.SameThreadHierarchicalTestExecutorService.invokeAll(SameThreadHierarchicalTestExecutorService.java:41)
	at org.junit.platform.engine.support.hierarchical.NodeTestTask.lambda$executeRecursively$6(NodeTestTask.java:155)
	at org.junit.platform.engine.support.hierarchical.ThrowableCollector.execute(ThrowableCollector.java:73)
	at org.junit.platform.engine.support.hierarchical.NodeTestTask.lambda$executeRecursively$8(NodeTestTask.java:141)
	at org.junit.platform.engine.support.hierarchical.Node.around(Node.java:137)
	at org.junit.platform.engine.support.hierarchical.NodeTestTask.lambda$executeRecursively$9(NodeTestTask.java:139)
	at org.junit.platform.engine.support.hierarchical.ThrowableCollector.execute(ThrowableCollector.java:73)
	at org.junit.platform.engine.support.hierarchical.NodeTestTask.executeRecursively(NodeTestTask.java:138)
	at org.junit.platform.engine.support.hierarchical.NodeTestTask.execute(NodeTestTask.java:95)
	at java.base/java.util.ArrayList.forEach(ArrayList.java:1597)
	at org.junit.platform.engine.support.hierarchical.SameThreadHierarchicalTestExecutorService.invokeAll(SameThreadHierarchicalTestExecutorService.java:41)
	at org.junit.platform.engine.support.hierarchical.NodeTestTask.lambda$executeRecursively$6(NodeTestTask.java:155)
	at org.junit.platform.engine.support.hierarchical.ThrowableCollector.execute(ThrowableCollector.java:73)
	at org.junit.platform.engine.support.hierarchical.NodeTestTask.lambda$executeRecursively$8(NodeTestTask.java:141)
	at org.junit.platform.engine.support.hierarchical.Node.around(Node.java:137)
	at org.junit.platform.engine.support.hierarchical.NodeTestTask.lambda$executeRecursively$9(NodeTestTask.java:139)
	at org.junit.platform.engine.support.hierarchical.ThrowableCollector.execute(ThrowableCollector.java:73)
	at org.junit.platform.engine.support.hierarchical.NodeTestTask.executeRecursively(NodeTestTask.java:138)
	at org.junit.platform.engine.support.hierarchical.NodeTestTask.execute(NodeTestTask.java:95)
	at org.junit.platform.engine.support.hierarchical.SameThreadHierarchicalTestExecutorService.submit(SameThreadHierarchicalTestExecutorService.java:35)
	at org.junit.platform.engine.support.hierarchical.HierarchicalTestExecutor.execute(HierarchicalTestExecutor.java:57)
	at org.junit.platform.engine.support.hierarchical.HierarchicalTestEngine.execute(HierarchicalTestEngine.java:54)
	at org.junit.platform.launcher.core.EngineExecutionOrchestrator.execute(EngineExecutionOrchestrator.java:198)
	at org.junit.platform.launcher.core.EngineExecutionOrchestrator.execute(EngineExecutionOrchestrator.java:169)
	at org.junit.platform.launcher.core.EngineExecutionOrchestrator.execute(EngineExecutionOrchestrator.java:93)
	at org.junit.platform.launcher.core.EngineExecutionOrchestrator.lambda$execute$0(EngineExecutionOrchestrator.java:58)
	at org.junit.platform.launcher.core.EngineExecutionOrchestrator.withInterceptedStreams(EngineExecutionOrchestrator.java:141)
	at org.junit.platform.launcher.core.EngineExecutionOrchestrator.execute(EngineExecutionOrchestrator.java:57)
	at org.junit.platform.launcher.core.DefaultLauncher.execute(DefaultLauncher.java:103)
	at org.junit.platform.launcher.core.DefaultLauncher.execute(DefaultLauncher.java:85)
	at org.junit.platform.launcher.core.DelegatingLauncher.execute(DelegatingLauncher.java:47)
	at org.apache.maven.surefire.junitplatform.LazyLauncher.execute(LazyLauncher.java:56)
	at org.apache.maven.surefire.junitplatform.JUnitPlatformProvider.execute(JUnitPlatformProvider.java:184)
	at org.apache.maven.surefire.junitplatform.JUnitPlatformProvider.invokeAllTests(JUnitPlatformProvider.java:148)
	at org.apache.maven.surefire.junitplatform.JUnitPlatformProvider.invoke(JUnitPlatformProvider.java:122)
	at org.apache.maven.surefire.booter.ForkedBooter.runSuitesInProcess(ForkedBooter.java:385)
	at org.apache.maven.surefire.booter.ForkedBooter.execute(ForkedBooter.java:162)
	at org.apache.maven.surefire.booter.ForkedBooter.run(ForkedBooter.java:507)
	at org.apache.maven.surefire.booter.ForkedBooter.main(ForkedBooter.java:495)
Caused by: org.springframework.beans.factory.UnsatisfiedDependencyException: Error creating bean with name 'customerController': Unsatisfied dependency expressed through field 'customerService': No qualifying bean of type 'com.CustomerRelationshipManagementSystem.service.CustomerService' available: expected at least 1 bean which qualifies as autowire candidate. Dependency annotations: {@org.springframework.beans.factory.annotation.Autowired(required=true)}
	at org.springframework.beans.factory.annotation.AutowiredAnnotationBeanPostProcessor$AutowiredFieldElement.resolveFieldValue(AutowiredAnnotationBeanPostProcessor.java:787)
	at org.springframework.beans.factory.annotation.AutowiredAnnotationBeanPostProcessor$AutowiredFieldElement.inject(AutowiredAnnotationBeanPostProcessor.java:767)
	at org.springframework.beans.factory.annotation.InjectionMetadata.inject(InjectionMetadata.java:145)
	at org.springframework.beans.factory.annotation.AutowiredAnnotationBeanPostProcessor.postProcessProperties(AutowiredAnnotationBeanPostProcessor.java:508)
	at org.springframework.beans.factory.support.AbstractAutowireCapableBeanFactory.populateBean(AbstractAutowireCapableBeanFactory.java:1421)
	at org.springframework.beans.factory.support.AbstractAutowireCapableBeanFactory.doCreateBean(AbstractAutowireCapableBeanFactory.java:599)
	at org.springframework.beans.factory.support.AbstractAutowireCapableBeanFactory.createBean(AbstractAutowireCapableBeanFactory.java:522)
	at org.springframework.beans.factory.support.AbstractBeanFactory.lambda$doGetBean$0(AbstractBeanFactory.java:337)
	at org.springframework.beans.factory.support.DefaultSingletonBeanRegistry.getSingleton(DefaultSingletonBeanRegistry.java:234)
	at org.springframework.beans.factory.support.AbstractBeanFactory.doGetBean(AbstractBeanFactory.java:335)
	at org.springframework.beans.factory.support.AbstractBeanFactory.getBean(AbstractBeanFactory.java:200)
	at org.springframework.beans.factory.support.DefaultListableBeanFactory.preInstantiateSingletons(DefaultListableBeanFactory.java:975)
	at org.springframework.context.support.AbstractApplicationContext.finishBeanFactoryInitialization(AbstractApplicationContext.java:962)
	at org.springframework.context.support.AbstractApplicationContext.refresh(AbstractApplicationContext.java:624)
	at org.springframework.boot.SpringApplication.refresh(SpringApplication.java:754)
	at org.springframework.boot.SpringApplication.refreshContext(SpringApplication.java:456)
	at org.springframework.boot.SpringApplication.run(SpringApplication.java:335)
	at org.springframework.boot.test.context.SpringBootContextLoader.lambda$loadContext$3(SpringBootContextLoader.java:137)
	at org.springframework.util.function.ThrowingSupplier.get(ThrowingSupplier.java:58)
	at org.springframework.util.function.ThrowingSupplier.get(ThrowingSupplier.java:46)
	at org.springframework.boot.SpringApplication.withHook(SpringApplication.java:1463)
	at org.springframework.boot.test.context.SpringBootContextLoader$ContextLoaderHook.run(SpringBootContextLoader.java:553)
	at org.springframework.boot.test.context.SpringBootContextLoader.loadContext(SpringBootContextLoader.java:137)
	at org.springframework.boot.test.context.SpringBootContextLoader.loadContext(SpringBootContextLoader.java:108)
	at org.springframework.test.context.cache.DefaultCacheAwareContextLoaderDelegate.loadContextInternal(DefaultCacheAwareContextLoaderDelegate.java:225)
	at org.springframework.test.context.cache.DefaultCacheAwareContextLoaderDelegate.loadContext(DefaultCacheAwareContextLoaderDelegate.java:152)
	... 73 common frames omitted
Caused by: org.springframework.beans.factory.NoSuchBeanDefinitionException: No qualifying bean of type 'com.CustomerRelationshipManagementSystem.service.CustomerService' available: expected at least 1 bean which qualifies as autowire candidate. Dependency annotations: {@org.springframework.beans.factory.annotation.Autowired(required=true)}
	at org.springframework.beans.factory.support.DefaultListableBeanFactory.raiseNoMatchingBeanFound(DefaultListableBeanFactory.java:1880)
	at org.springframework.beans.factory.support.DefaultListableBeanFactory.doResolveDependency(DefaultListableBeanFactory.java:1406)
	at org.springframework.beans.factory.support.DefaultListableBeanFactory.resolveDependency(DefaultListableBeanFactory.java:1353)
	at org.springframework.beans.factory.annotation.AutowiredAnnotationBeanPostProcessor$AutowiredFieldElement.resolveFieldValue(AutowiredAnnotationBeanPostProcessor.java:784)
	... 98 common frames omitted
]]></system-out>
    <system-err><![CDATA[


============================
CONDITIONS EVALUATION REPORT
============================


Positive matches:
-----------------

    None


Negative matches:
-----------------

    None


Exclusions:
-----------

    None


Unconditional classes:
----------------------

    None



]]></system-err>
  </testcase>
</testsuite>